INFO: Concepts to identify:  [Sun Jun 13 11:21:25 CEST 2021]
INFO: | p_b = RRURD | [Sun Jun 13 11:21:25 CEST 2021]
INFO: . [Sun Jun 13 11:21:25 CEST 2021]
INFO: Library provided:  [Sun Jun 13 11:21:25 CEST 2021]
INFO: | p_a = RURD | [Sun Jun 13 11:21:25 CEST 2021]
INFO: | p_c = R)URD) | [Sun Jun 13 11:21:25 CEST 2021]
INFO: . [Sun Jun 13 11:21:25 CEST 2021]
INFO: We instantiate the teacher. [Sun Jun 13 11:21:25 CEST 2021]
INFO: We instantiate the learner. [Sun Jun 13 11:21:39 CEST 2021]
INFO: | @0 = RURD | [Sun Jun 13 11:21:39 CEST 2021]
INFO: | @1 = R)URD) | [Sun Jun 13 11:21:39 CEST 2021]
INFO: Concepts identified by the learner: [Sun Jun 13 11:21:41 CEST 2021]
INFO: {<EN->, <EEN+>} ==> 'R@0', with #bits='7' and Unfolded is 'RRURD' [Wed Jun 23 06:38:02 CEST 2021]
INFO: {<EEN+>, <EN->} ==> 'R@0', with #bits='7' and Unfolded is 'RRURD' [Wed Jun 23 07:07:31 CEST 2021]
INFO: {<ENE->, <EEN+>} ==> 'R@0', with #bits='7' and Unfolded is 'RRURD' [Wed Jun 23 16:36:51 CEST 2021]
INFO: {<EN->, <EENE+>} ==> 'R@0', with #bits='7' and Unfolded is 'RRURD' [Wed Jun 23 17:56:54 CEST 2021]
INFO: {<EN->, <EEN+>} ==> 'R@0', with #bits='7' and Unfolded is 'RRURD' [Wed Jun 23 17:56:56 CEST 2021]
INFO: {<EN->, <EEN+>} ==> 'R@0', with #bits='7' and Unfolded is 'RRURD' [Wed Jun 23 19:53:46 CEST 2021]
INFO: {<EENE+>, <EN->} ==> 'R@0', with #bits='7' and Unfolded is 'RRURD' [Wed Jun 23 20:42:54 CEST 2021]
INFO: {<EEN+>, <ENE->} ==> 'R@0', with #bits='7' and Unfolded is 'RRURD' [Wed Jun 23 20:46:54 CEST 2021]
INFO: {<EEN+>, <EN->} ==> 'R@0', with #bits='7' and Unfolded is 'RRURD' [Wed Jun 23 20:46:54 CEST 2021]
INFO: {<EEN+>, <EEE->} ==> 'R@0', with #bits='7' and Unfolded is 'RRURD' [Wed Jun 23 20:46:54 CEST 2021]
INFO: {<EEN+>, <EN->} ==> 'R@0', with #bits='7' and Unfolded is 'RRURD' [Wed Jun 23 20:53:23 CEST 2021]
INFO: {<EEE->, <EEN+>} ==> 'R@0', with #bits='7' and Unfolded is 'RRURD' [Wed Jun 23 21:04:51 CEST 2021]
INFO: {<EN->, <EEN+>} ==> 'R@0', with #bits='7' and Unfolded is 'RRURD' [Thu Jun 24 08:40:27 CEST 2021]
INFO: {<EEN+>, <EN->} ==> 'R@0', with #bits='7' and Unfolded is 'RRURD' [Thu Jun 24 09:08:37 CEST 2021]
INFO: {<N->, <EN->, <EEN+>} ==> 'R@0', with #bits='7' and Unfolded is 'RRURD' [Fri Jun 25 01:12:47 CEST 2021]
INFO: {<N->, <EEN+>, <EN->} ==> 'R@0', with #bits='7' and Unfolded is 'RRURD' [Fri Jun 25 01:28:13 CEST 2021]
INFO: {<S->, <EN->, <EEN+>} ==> 'R@0', with #bits='7' and Unfolded is 'RRURD' [Fri Jun 25 18:42:16 CEST 2021]
INFO: {<S->, <EEN+>, <EN->} ==> 'R@0', with #bits='7' and Unfolded is 'RRURD' [Fri Jun 25 18:57:06 CEST 2021]
INFO: {<ENES->, <EEN+>} ==> 'R@0', with #bits='7' and Unfolded is 'RRURD' [Fri Jun 25 23:40:31 CEST 2021]
INFO: {<ENE->, <EENE+>} ==> 'R@0', with #bits='7' and Unfolded is 'RRURD' [Sat Jun 26 01:25:37 CEST 2021]
INFO: {<ENE->, <EEN+>} ==> 'R@0', with #bits='7' and Unfolded is 'RRURD' [Sat Jun 26 01:25:37 CEST 2021]
INFO: {<ENE->, <EEN+>} ==> 'R@0', with #bits='7' and Unfolded is 'RRURD' [Sat Jun 26 03:35:42 CEST 2021]
INFO: {<EN->, <N->, <EEN+>} ==> 'R@0', with #bits='7' and Unfolded is 'RRURD' [Sat Jun 26 05:39:08 CEST 2021]
INFO: {<EN->, <S->, <EEN+>} ==> 'R@0', with #bits='7' and Unfolded is 'RRURD' [Sat Jun 26 07:26:48 CEST 2021]
INFO: {<EN->, <EENES+>} ==> 'R@0', with #bits='7' and Unfolded is 'RRURD' [Sat Jun 26 09:00:58 CEST 2021]
INFO: {<EN->, <EENE+>} ==> 'R@0', with #bits='7' and Unfolded is 'RRURD' [Sat Jun 26 09:01:07 CEST 2021]
INFO: {<EN->, <EEN+>, <N->} ==> 'R@0', with #bits='7' and Unfolded is 'RRURD' [Sat Jun 26 09:01:07 CEST 2021]
INFO: {<EN->, <EEN+>, <S->} ==> 'R@0', with #bits='7' and Unfolded is 'RRURD' [Sat Jun 26 09:01:07 CEST 2021]
INFO: {<EN->, <EEN+>, <E+>} ==> 'R@0', with #bits='7' and Unfolded is 'RRURD' [Sat Jun 26 09:01:07 CEST 2021]
INFO: {<EN->, <EEN+>, <W->} ==> 'R@0', with #bits='7' and Unfolded is 'RRURD' [Sat Jun 26 09:06:09 CEST 2021]
INFO: {<EN->, <EEN+>} ==> 'R@0', with #bits='7' and Unfolded is 'RRURD' [Sat Jun 26 09:06:09 CEST 2021]
INFO: {<EN->, <E+>, <EEN+>} ==> 'R@0', with #bits='7' and Unfolded is 'RRURD' [Sat Jun 26 12:58:44 CEST 2021]
INFO: {<EN->, <W->, <EEN+>} ==> 'R@0', with #bits='7' and Unfolded is 'RRURD' [Sat Jun 26 18:00:09 CEST 2021]
INFO: {<EN->, <EENE+>} ==> 'R@0', with #bits='7' and Unfolded is 'RRURD' [Sat Jun 26 19:15:46 CEST 2021]
INFO: {<EN->, <EEN+>} ==> 'R@0', with #bits='7' and Unfolded is 'RRURD' [Sat Jun 26 19:15:46 CEST 2021]
INFO: {<EN->, <EEN+>} ==> 'R@0', with #bits='7' and Unfolded is 'RRURD' [Sat Jun 26 21:10:51 CEST 2021]
INFO: {<EENES+>, <EN->} ==> 'R@0', with #bits='7' and Unfolded is 'RRURD' [Sun Jun 27 00:04:22 CEST 2021]
INFO: {<EENE+>, <ENE->} ==> 'R@0', with #bits='7' and Unfolded is 'RRURD' [Sun Jun 27 00:08:35 CEST 2021]
INFO: {<EENE+>, <EN->} ==> 'R@0', with #bits='7' and Unfolded is 'RRURD' [Sun Jun 27 00:08:35 CEST 2021]
INFO: {<EENE+>, <EEE->} ==> 'R@0', with #bits='7' and Unfolded is 'RRURD' [Sun Jun 27 00:09:21 CEST 2021]
INFO: {<EENE+>, <EN->} ==> 'R@0', with #bits='7' and Unfolded is 'RRURD' [Sun Jun 27 00:15:30 CEST 2021]
INFO: {<EEN+>, <N->, <EN->} ==> 'R@0', with #bits='7' and Unfolded is 'RRURD' [Sun Jun 27 00:22:50 CEST 2021]
INFO: {<EEN+>, <S->, <EN->} ==> 'R@0', with #bits='7' and Unfolded is 'RRURD' [Sun Jun 27 00:29:09 CEST 2021]
INFO: {<EEN+>, <ENES->} ==> 'R@0', with #bits='7' and Unfolded is 'RRURD' [Sun Jun 27 00:31:25 CEST 2021]
INFO: {<EEN+>, <ENE->} ==> 'R@0', with #bits='7' and Unfolded is 'RRURD' [Sun Jun 27 00:31:25 CEST 2021]
INFO: {<EEN+>, <EN->, <N->} ==> 'R@0', with #bits='7' and Unfolded is 'RRURD' [Sun Jun 27 00:31:25 CEST 2021]
INFO: {<EEN+>, <EN->, <S->} ==> 'R@0', with #bits='7' and Unfolded is 'RRURD' [Sun Jun 27 00:31:25 CEST 2021]
INFO: {<EEN+>, <EN->, <E+>} ==> 'R@0', with #bits='7' and Unfolded is 'RRURD' [Sun Jun 27 00:31:25 CEST 2021]
INFO: {<EEN+>, <EN->, <W->} ==> 'R@0', with #bits='7' and Unfolded is 'RRURD' [Sun Jun 27 00:36:38 CEST 2021]
INFO: {<EEN+>, <EN->} ==> 'R@0', with #bits='7' and Unfolded is 'RRURD' [Sun Jun 27 00:36:38 CEST 2021]
INFO: {<EEN+>, <EEEN->} ==> 'R@0', with #bits='7' and Unfolded is 'RRURD' [Sun Jun 27 00:38:15 CEST 2021]
INFO: {<EEN+>, <EEEE->} ==> 'R@0', with #bits='7' and Unfolded is 'RRURD' [Sun Jun 27 00:38:15 CEST 2021]
INFO: {<EEN+>, <EEE->} ==> 'R@0', with #bits='7' and Unfolded is 'RRURD' [Sun Jun 27 00:38:15 CEST 2021]
INFO: {<EEN+>, <E+>, <EN->} ==> 'R@0', with #bits='7' and Unfolded is 'RRURD' [Sun Jun 27 00:54:51 CEST 2021]
INFO: {<EEN+>, <W->, <EN->} ==> 'R@0', with #bits='7' and Unfolded is 'RRURD' [Sun Jun 27 01:20:45 CEST 2021]
INFO: {<EEN+>, <ENE->} ==> 'R@0', with #bits='7' and Unfolded is 'RRURD' [Sun Jun 27 01:25:09 CEST 2021]
INFO: {<EEN+>, <EN->} ==> 'R@0', with #bits='7' and Unfolded is 'RRURD' [Sun Jun 27 01:25:09 CEST 2021]
INFO: {<EEN+>, <EEE->} ==> 'R@0', with #bits='7' and Unfolded is 'RRURD' [Sun Jun 27 01:25:09 CEST 2021]
INFO: {<EEN+>, <EN->} ==> 'R@0', with #bits='7' and Unfolded is 'RRURD' [Sun Jun 27 01:31:20 CEST 2021]
INFO: {<EEEN->, <EEN+>} ==> 'R@0', with #bits='7' and Unfolded is 'RRURD' [Sun Jun 27 01:53:25 CEST 2021]
INFO: {<EEEE->, <EEN+>} ==> 'R@0', with #bits='7' and Unfolded is 'RRURD' [Sun Jun 27 02:11:03 CEST 2021]
INFO: {<EEE->, <EENE+>} ==> 'R@0', with #bits='7' and Unfolded is 'RRURD' [Sun Jun 27 02:40:01 CEST 2021]
INFO: {<EEE->, <EEN+>} ==> 'R@0', with #bits='7' and Unfolded is 'RRURD' [Sun Jun 27 02:40:01 CEST 2021]
INFO: {<EEE->, <EEN+>} ==> 'R@0', with #bits='7' and Unfolded is 'RRURD' [Sun Jun 27 03:28:14 CEST 2021]
INFO: {<E+>, <EN->, <EEN+>} ==> 'R@0', with #bits='7' and Unfolded is 'RRURD' [Sun Jun 27 23:32:12 CEST 2021]
INFO: {<E+>, <EEN+>, <EN->} ==> 'R@0', with #bits='7' and Unfolded is 'RRURD' [Mon Jun 28 03:34:59 CEST 2021]
INFO: {<W->, <EN->, <EEN+>} ==> 'R@0', with #bits='7' and Unfolded is 'RRURD' [Tue Jun 29 06:40:36 CEST 2021]
INFO: {<W->, <EEN+>, <EN->} ==> 'R@0', with #bits='7' and Unfolded is 'RRURD' [Tue Jun 29 06:56:11 CEST 2021]
INFO: {<ENE->, <EEN+>} ==> 'R@0', with #bits='7' and Unfolded is 'RRURD' [Tue Jun 29 18:12:02 CEST 2021]
INFO: {<EN->, <EENE+>} ==> 'R@0', with #bits='7' and Unfolded is 'RRURD' [Tue Jun 29 19:29:10 CEST 2021]
INFO: {<EN->, <EEN+>} ==> 'R@0', with #bits='7' and Unfolded is 'RRURD' [Tue Jun 29 19:29:10 CEST 2021]
INFO: {<EN->, <EEN+>} ==> 'R@0', with #bits='7' and Unfolded is 'RRURD' [Tue Jun 29 21:23:16 CEST 2021]
INFO: {<EENE+>, <EN->} ==> 'R@0', with #bits='7' and Unfolded is 'RRURD' [Tue Jun 29 22:10:34 CEST 2021]
INFO: {<EEN+>, <ENE->} ==> 'R@0', with #bits='7' and Unfolded is 'RRURD' [Tue Jun 29 22:14:42 CEST 2021]
INFO: {<EEN+>, <EN->} ==> 'R@0', with #bits='7' and Unfolded is 'RRURD' [Tue Jun 29 22:14:42 CEST 2021]
INFO: {<EEN+>, <EEE->} ==> 'R@0', with #bits='7' and Unfolded is 'RRURD' [Tue Jun 29 22:14:42 CEST 2021]
INFO: {<EEN+>, <EN->} ==> 'R@0', with #bits='7' and Unfolded is 'RRURD' [Tue Jun 29 22:20:55 CEST 2021]
INFO: {<EEE->, <EEN+>} ==> 'R@0', with #bits='7' and Unfolded is 'RRURD' [Tue Jun 29 22:32:24 CEST 2021]
INFO: {<EN->, <EEN+>} ==> 'R@0', with #bits='7' and Unfolded is 'RRURD' [Wed Jun 30 10:06:51 CEST 2021]
INFO: {<EEN+>, <EN->} ==> 'R@0', with #bits='7' and Unfolded is 'RRURD' [Wed Jun 30 10:35:11 CEST 2021]
INFO: {<NN->, <EN->, <EEN+>} ==> 'R@0', with #bits='7' and Unfolded is 'RRURD' [Thu Jul 01 01:32:31 CEST 2021]
INFO: {<NN->, <EEN+>, <EN->} ==> 'R@0', with #bits='7' and Unfolded is 'RRURD' [Thu Jul 01 01:50:12 CEST 2021]
INFO: {<NS->, <EN->, <EEN+>} ==> 'R@0', with #bits='7' and Unfolded is 'RRURD' [Thu Jul 01 16:48:19 CEST 2021]
INFO: {<NS->, <EEN+>, <EN->} ==> 'R@0', with #bits='7' and Unfolded is 'RRURD' [Thu Jul 01 17:03:20 CEST 2021]
INFO: {<NE->, <EN->, <EEN+>} ==> 'R@0', with #bits='7' and Unfolded is 'RRURD' [Fri Jul 02 08:43:58 CEST 2021]
INFO: {<NE->, <EEN+>, <EN->} ==> 'R@0', with #bits='7' and Unfolded is 'RRURD' [Fri Jul 02 09:01:03 CEST 2021]
INFO: {<NW->, <EN->, <EEN+>} ==> 'R@0', with #bits='7' and Unfolded is 'RRURD' [Fri Jul 02 22:29:34 CEST 2021]
INFO: {<NW->, <EEN+>, <EN->} ==> 'R@0', with #bits='7' and Unfolded is 'RRURD' [Fri Jul 02 22:42:01 CEST 2021]
INFO: {<N->, <ENE->, <EEN+>} ==> 'R@0', with #bits='7' and Unfolded is 'RRURD' [Sat Jul 03 15:46:06 CEST 2021]
INFO: {<N->, <EN->, <EENE+>} ==> 'R@0', with #bits='7' and Unfolded is 'RRURD' [Sat Jul 03 16:16:15 CEST 2021]
INFO: {<N->, <EN->, <EEN+>} ==> 'R@0', with #bits='7' and Unfolded is 'RRURD' [Sat Jul 03 16:16:15 CEST 2021]
INFO: {<N->, <EN->, <EEN+>} ==> 'R@0', with #bits='7' and Unfolded is 'RRURD' [Sat Jul 03 16:30:35 CEST 2021]
INFO: {<N->, <EENE+>, <EN->} ==> 'R@0', with #bits='7' and Unfolded is 'RRURD' [Sat Jul 03 17:16:34 CEST 2021]
INFO: {<N->, <EEN+>, <ENE->} ==> 'R@0', with #bits='7' and Unfolded is 'RRURD' [Sat Jul 03 17:20:31 CEST 2021]
INFO: {<N->, <EEN+>, <EN->} ==> 'R@0', with #bits='7' and Unfolded is 'RRURD' [Sat Jul 03 17:20:31 CEST 2021]
INFO: {<N->, <EEN+>, <EEE->} ==> 'R@0', with #bits='7' and Unfolded is 'RRURD' [Sat Jul 03 17:20:31 CEST 2021]
INFO: {<N->, <EEN+>, <EN->} ==> 'R@0', with #bits='7' and Unfolded is 'RRURD' [Sat Jul 03 17:22:24 CEST 2021]
INFO: {<N->, <EEE->, <EEN+>} ==> 'R@0', with #bits='7' and Unfolded is 'RRURD' [Sat Jul 03 17:38:40 CEST 2021]
INFO: {<N->, <EN->, <EEN+>} ==> 'R@0', with #bits='7' and Unfolded is 'RRURD' [Sun Jul 04 08:06:39 CEST 2021]
INFO: {<N->, <EEN+>, <EN->} ==> 'R@0', with #bits='7' and Unfolded is 'RRURD' [Sun Jul 04 08:20:27 CEST 2021]
INFO: {<SN->, <EN->, <EEN+>} ==> 'R@0', with #bits='7' and Unfolded is 'RRURD' [Sun Jul 04 22:16:04 CEST 2021]
INFO: {<SN->, <EEN+>, <EN->} ==> 'R@0', with #bits='7' and Unfolded is 'RRURD' [Sun Jul 04 22:30:54 CEST 2021]
