INFO: Concepts to identify:  [Sun Jun 13 13:07:54 CEST 2021]
INFO: | p_c = R)URD) | [Sun Jun 13 13:07:54 CEST 2021]
INFO: . [Sun Jun 13 13:07:54 CEST 2021]
INFO: Library provided:  [Sun Jun 13 13:07:54 CEST 2021]
INFO: | p_b = RRURD) | [Sun Jun 13 13:07:54 CEST 2021]
INFO: | p_a = RURD) | [Sun Jun 13 13:07:54 CEST 2021]
INFO: . [Sun Jun 13 13:07:54 CEST 2021]
INFO: We instantiate the teacher. [Sun Jun 13 13:07:54 CEST 2021]
INFO: We instantiate the learner. [Sun Jun 13 13:08:44 CEST 2021]
INFO: | @0 = RRURD) | [Sun Jun 13 13:08:45 CEST 2021]
INFO: | @1 = RURD) | [Sun Jun 13 13:08:45 CEST 2021]
INFO: Concepts identified by the learner: [Sun Jun 13 13:08:50 CEST 2021]
INFO: {<ENESEEE+>} ==> 'R)URD)', with #bits='18' and Unfolded is 'R)URD)' [Sun Jun 13 21:50:40 CEST 2021]
INFO: {<EENESEN+>} ==> 'R)URD)', with #bits='18' and Unfolded is 'R)URD)' [Sun Jun 13 23:11:57 CEST 2021]
INFO: {<ENESEEEN+>} ==> 'R)URD)', with #bits='18' and Unfolded is 'R)URD)' [Tue Jun 15 15:59:59 CEST 2021]
INFO: {<ENESEEEE+>} ==> 'R)URD)', with #bits='18' and Unfolded is 'R)URD)' [Tue Jun 15 16:00:08 CEST 2021]
INFO: {<ENESEEE+>} ==> 'R)URD)', with #bits='18' and Unfolded is 'R)URD)' [Tue Jun 15 16:00:08 CEST 2021]
INFO: {<EENESENE+>} ==> 'R)URD)', with #bits='18' and Unfolded is 'R)URD)' [Wed Jun 16 00:11:31 CEST 2021]
INFO: {<EENESEN+>} ==> 'R)URD)', with #bits='18' and Unfolded is 'R)URD)' [Wed Jun 16 00:11:36 CEST 2021]
INFO: {<EENESEEE+>} ==> 'R)URD)', with #bits='18' and Unfolded is 'R)URD)' [Wed Jun 16 00:11:37 CEST 2021]
INFO: {<EEENESEN+>} ==> 'R)URD)', with #bits='18' and Unfolded is 'R)URD)' [Wed Jun 16 03:51:19 CEST 2021]
INFO: {<ENESEEE+>} ==> 'R)URD)', with #bits='18' and Unfolded is 'R)URD)' [Fri Jun 18 15:59:53 CEST 2021]
INFO: {<EENESEN+>} ==> 'R)URD)', with #bits='18' and Unfolded is 'R)URD)' [Fri Jun 18 17:28:30 CEST 2021]
INFO: {<N->, <ENESEEE+>} ==> 'R)URD)', with #bits='18' and Unfolded is 'R)URD)' [Tue Jun 22 03:14:50 CEST 2021]
INFO: {<N->, <EENESEN+>} ==> 'R)URD)', with #bits='18' and Unfolded is 'R)URD)' [Tue Jun 22 04:23:48 CEST 2021]
INFO: {<S->, <ENESEEE+>} ==> 'R)URD)', with #bits='18' and Unfolded is 'R)URD)' [Fri Jun 25 16:42:56 CEST 2021]
INFO: {<S->, <EENESEN+>} ==> 'R)URD)', with #bits='18' and Unfolded is 'R)URD)' [Fri Jun 25 17:53:36 CEST 2021]
INFO: {<ENESEEENE+>} ==> 'R)URD)', with #bits='18' and Unfolded is 'R)URD)' [Sat Jun 26 14:14:11 CEST 2021]
INFO: {<ENESEEEN+>} ==> 'R)URD)', with #bits='18' and Unfolded is 'R)URD)' [Sat Jun 26 14:14:12 CEST 2021]
INFO: {<ENESEEEEN+>} ==> 'R)URD)', with #bits='18' and Unfolded is 'R)URD)' [Sat Jun 26 14:14:12 CEST 2021]
INFO: {<ENESEEEEE+>} ==> 'R)URD)', with #bits='18' and Unfolded is 'R)URD)' [Sat Jun 26 14:14:12 CEST 2021]
INFO: {<ENESEEEE+>} ==> 'R)URD)', with #bits='18' and Unfolded is 'R)URD)' [Sat Jun 26 14:14:12 CEST 2021]
INFO: {<ENESEEE+>, <N->} ==> 'R)URD)', with #bits='18' and Unfolded is 'R)URD)' [Sat Jun 26 14:14:13 CEST 2021]
INFO: {<ENESEEE+>, <S->} ==> 'R)URD)', with #bits='18' and Unfolded is 'R)URD)' [Sat Jun 26 14:14:13 CEST 2021]
INFO: {<ENESEEE+>, <E+>} ==> 'R)URD)', with #bits='18' and Unfolded is 'R)URD)' [Sat Jun 26 14:14:13 CEST 2021]
INFO: {<ENESEEE+>, <W->} ==> 'R)URD)', with #bits='18' and Unfolded is 'R)URD)' [Sat Jun 26 14:14:13 CEST 2021]
INFO: {<ENESEEE+>} ==> 'R)URD)', with #bits='18' and Unfolded is 'R)URD)' [Sat Jun 26 14:14:13 CEST 2021]
INFO: {<EENESENES+>} ==> 'R)URD)', with #bits='18' and Unfolded is 'R)URD)' [Mon Jun 28 13:40:02 CEST 2021]
INFO: {<EENESENE+>} ==> 'R)URD)', with #bits='18' and Unfolded is 'R)URD)' [Mon Jun 28 13:40:03 CEST 2021]
INFO: {<EENESEN+>, <N->} ==> 'R)URD)', with #bits='18' and Unfolded is 'R)URD)' [Mon Jun 28 13:40:03 CEST 2021]
INFO: {<EENESEN+>, <S->} ==> 'R)URD)', with #bits='18' and Unfolded is 'R)URD)' [Mon Jun 28 13:40:03 CEST 2021]
INFO: {<EENESEN+>, <E+>} ==> 'R)URD)', with #bits='18' and Unfolded is 'R)URD)' [Mon Jun 28 13:40:03 CEST 2021]
INFO: {<EENESEN+>, <W->} ==> 'R)URD)', with #bits='18' and Unfolded is 'R)URD)' [Mon Jun 28 13:40:04 CEST 2021]
INFO: {<EENESEN+>} ==> 'R)URD)', with #bits='18' and Unfolded is 'R)URD)' [Mon Jun 28 13:40:04 CEST 2021]
INFO: {<EENESEEEN+>} ==> 'R)URD)', with #bits='18' and Unfolded is 'R)URD)' [Mon Jun 28 13:40:08 CEST 2021]
INFO: {<EENESEEEE+>} ==> 'R)URD)', with #bits='18' and Unfolded is 'R)URD)' [Mon Jun 28 13:40:08 CEST 2021]
INFO: {<EENESEEE+>} ==> 'R)URD)', with #bits='18' and Unfolded is 'R)URD)' [Mon Jun 28 13:40:08 CEST 2021]
INFO: {<EEENESENE+>} ==> 'R)URD)', with #bits='18' and Unfolded is 'R)URD)' [Tue Jun 29 06:44:26 CEST 2021]
INFO: {<EEENESEN+>} ==> 'R)URD)', with #bits='18' and Unfolded is 'R)URD)' [Tue Jun 29 06:44:26 CEST 2021]
INFO: {<EEENESEEN+>} ==> 'R)URD)', with #bits='18' and Unfolded is 'R)URD)' [Tue Jun 29 06:44:26 CEST 2021]
INFO: {<EEEENESEN+>} ==> 'R)URD)', with #bits='18' and Unfolded is 'R)URD)' [Tue Jun 29 07:12:30 CEST 2021]
INFO: {<E+>, <ENESEEE+>} ==> 'R)URD)', with #bits='18' and Unfolded is 'R)URD)' [Sat Jul 03 18:50:37 CEST 2021]
INFO: {<E+>, <EENESEN+>} ==> 'R)URD)', with #bits='18' and Unfolded is 'R)URD)' [Sun Jul 04 07:02:57 CEST 2021]
