INFO: Concepts to identify:  [Sun Jun 13 11:23:10 CEST 2021]
INFO: | p_b = RRURD | [Sun Jun 13 11:23:10 CEST 2021]
INFO: . [Sun Jun 13 11:23:10 CEST 2021]
INFO: Library provided:  [Sun Jun 13 11:23:10 CEST 2021]
INFO: | p_c = R)URD) | [Sun Jun 13 11:23:10 CEST 2021]
INFO: | p_a = RURD | [Sun Jun 13 11:23:10 CEST 2021]
INFO: . [Sun Jun 13 11:23:10 CEST 2021]
INFO: We instantiate the teacher. [Sun Jun 13 11:23:10 CEST 2021]
INFO: We instantiate the learner. [Sun Jun 13 11:23:25 CEST 2021]
INFO: | @0 = R)URD) | [Sun Jun 13 11:23:25 CEST 2021]
INFO: | @1 = RURD | [Sun Jun 13 11:23:25 CEST 2021]
INFO: Concepts identified by the learner: [Sun Jun 13 11:23:26 CEST 2021]
INFO: {<EEN+>, <EEE->} ==> 'R@1', with #bits='7' and Unfolded is 'RRURD' [Wed Jun 23 22:23:54 CEST 2021]
INFO: {<EEE->, <EEN+>} ==> 'R@1', with #bits='7' and Unfolded is 'RRURD' [Wed Jun 23 23:07:09 CEST 2021]
INFO: {<EENE+>, <EEE->} ==> 'R@1', with #bits='7' and Unfolded is 'RRURD' [Sun Jun 27 15:05:04 CEST 2021]
INFO: {<EEN+>, <EEEE->} ==> 'R@1', with #bits='7' and Unfolded is 'RRURD' [Sun Jun 27 16:06:02 CEST 2021]
INFO: {<EEN+>, <EEE->} ==> 'R@1', with #bits='7' and Unfolded is 'RRURD' [Sun Jun 27 16:06:02 CEST 2021]
INFO: {<EEN+>, <EEE->} ==> 'R@1', with #bits='7' and Unfolded is 'RRURD' [Sun Jun 27 17:48:56 CEST 2021]
INFO: {<EEEE->, <EEN+>} ==> 'R@1', with #bits='7' and Unfolded is 'RRURD' [Sun Jun 27 19:21:35 CEST 2021]
INFO: {<EEE->, <EENE+>} ==> 'R@1', with #bits='7' and Unfolded is 'RRURD' [Sun Jun 27 20:23:51 CEST 2021]
INFO: {<EEE->, <EEN+>} ==> 'R@1', with #bits='7' and Unfolded is 'RRURD' [Sun Jun 27 20:23:51 CEST 2021]
INFO: {<EEE->, <EEN+>} ==> 'R@1', with #bits='7' and Unfolded is 'RRURD' [Sun Jun 27 22:10:26 CEST 2021]
INFO: {<EEN+>, <EEE->} ==> 'R@1', with #bits='7' and Unfolded is 'RRURD' [Thu Jul 01 18:18:30 CEST 2021]
INFO: {<EEE->, <EEN+>} ==> 'R@1', with #bits='7' and Unfolded is 'RRURD' [Thu Jul 01 19:00:42 CEST 2021]
