INFO: Concepts to identify:  [Sun Jun 13 13:06:13 CEST 2021]
INFO: | p_c = R)URD) | [Sun Jun 13 13:06:13 CEST 2021]
INFO: . [Sun Jun 13 13:06:13 CEST 2021]
INFO: Library provided:  [Sun Jun 13 13:06:13 CEST 2021]
INFO: | p_a = RURD) | [Sun Jun 13 13:06:13 CEST 2021]
INFO: | p_b = RRURD) | [Sun Jun 13 13:06:13 CEST 2021]
INFO: . [Sun Jun 13 13:06:13 CEST 2021]
INFO: We instantiate the teacher. [Sun Jun 13 13:06:13 CEST 2021]
INFO: We instantiate the learner. [Sun Jun 13 13:07:01 CEST 2021]
INFO: | @0 = RURD) | [Sun Jun 13 13:07:02 CEST 2021]
INFO: | @1 = RRURD) | [Sun Jun 13 13:07:02 CEST 2021]
INFO: Concepts identified by the learner: [Sun Jun 13 13:07:05 CEST 2021]
INFO: {<ENESEEE+>} ==> 'R)URD)', with #bits='18' and Unfolded is 'R)URD)' [Tue Jun 22 02:14:40 CEST 2021]
INFO: {<EENESEN+>} ==> 'R)URD)', with #bits='18' and Unfolded is 'R)URD)' [Tue Jun 22 05:56:23 CEST 2021]
INFO: {<ENESEEEN+>} ==> 'R)URD)', with #bits='18' and Unfolded is 'R)URD)' [Thu Jun 24 08:25:37 CEST 2021]
INFO: {<ENESEEEE+>} ==> 'R)URD)', with #bits='18' and Unfolded is 'R)URD)' [Thu Jun 24 08:25:41 CEST 2021]
INFO: {<ENESEEE+>} ==> 'R)URD)', with #bits='18' and Unfolded is 'R)URD)' [Thu Jun 24 08:25:41 CEST 2021]
INFO: {<EENESENE+>} ==> 'R)URD)', with #bits='18' and Unfolded is 'R)URD)' [Fri Jun 25 05:02:29 CEST 2021]
INFO: {<EENESEN+>} ==> 'R)URD)', with #bits='18' and Unfolded is 'R)URD)' [Fri Jun 25 05:02:30 CEST 2021]
INFO: {<EENESEEE+>} ==> 'R)URD)', with #bits='18' and Unfolded is 'R)URD)' [Fri Jun 25 05:02:31 CEST 2021]
INFO: {<EEENESEN+>} ==> 'R)URD)', with #bits='18' and Unfolded is 'R)URD)' [Fri Jun 25 06:53:42 CEST 2021]
INFO: {<ENESEEE+>} ==> 'R)URD)', with #bits='18' and Unfolded is 'R)URD)' [Sun Jun 27 15:01:43 CEST 2021]
INFO: {<EENESEN+>} ==> 'R)URD)', with #bits='18' and Unfolded is 'R)URD)' [Sun Jun 27 18:22:38 CEST 2021]
INFO: {<N->, <ENESEEE+>} ==> 'R)URD)', with #bits='18' and Unfolded is 'R)URD)' [Thu Jul 01 08:31:44 CEST 2021]
INFO: {<N->, <EENESEN+>} ==> 'R)URD)', with #bits='18' and Unfolded is 'R)URD)' [Thu Jul 01 10:04:44 CEST 2021]
INFO: {<S->, <ENESEEE+>} ==> 'R)URD)', with #bits='18' and Unfolded is 'R)URD)' [Mon Jul 05 02:22:57 CEST 2021]
INFO: {<S->, <EENESEN+>} ==> 'R)URD)', with #bits='18' and Unfolded is 'R)URD)' [Mon Jul 05 03:50:19 CEST 2021]
