INFO: Concepts to identify:  [Sun Jun 13 11:14:13 CEST 2021]
INFO: | p_a = RURD | [Sun Jun 13 11:14:13 CEST 2021]
INFO: | p_b = RRURD | [Sun Jun 13 11:14:13 CEST 2021]
INFO: . [Sun Jun 13 11:14:13 CEST 2021]
INFO: Library provided:  [Sun Jun 13 11:14:13 CEST 2021]
INFO: | p_c = R)URD) | [Sun Jun 13 11:14:13 CEST 2021]
INFO: . [Sun Jun 13 11:14:13 CEST 2021]
INFO: We instantiate the teacher. [Sun Jun 13 11:14:13 CEST 2021]
INFO: We instantiate the learner. [Sun Jun 13 11:14:26 CEST 2021]
INFO: | @ = R)URD) | [Sun Jun 13 11:14:26 CEST 2021]
INFO: Concepts identified by the learner: [Sun Jun 13 11:14:26 CEST 2021]
INFO: {<ENES+>, <EE->} ==> 'RURD', with #bits='12' and Unfolded is 'RURD' [Sun Jun 13 14:34:57 CEST 2021]
INFO: {<EE->, <ENES+>} ==> 'RURD', with #bits='12' and Unfolded is 'RURD' [Sun Jun 13 15:29:53 CEST 2021]
INFO: {<ENES+>, <EEN->} ==> 'RURD', with #bits='12' and Unfolded is 'RURD' [Mon Jun 14 06:37:45 CEST 2021]
INFO: {<ENES+>, <EEE->} ==> 'RURD', with #bits='12' and Unfolded is 'RURD' [Mon Jun 14 06:37:54 CEST 2021]
INFO: {<ENES+>, <EE->} ==> 'RURD', with #bits='12' and Unfolded is 'RURD' [Mon Jun 14 06:37:55 CEST 2021]
INFO: {<ENES+>, <EE->} ==> 'RURD', with #bits='12' and Unfolded is 'RURD' [Mon Jun 14 06:40:15 CEST 2021]
INFO: {<EEN->, <ENES+>} ==> 'RURD', with #bits='12' and Unfolded is 'RURD' [Mon Jun 14 10:25:06 CEST 2021]
INFO: {<EEE->, <ENES+>} ==> 'RURD', with #bits='12' and Unfolded is 'RURD' [Mon Jun 14 11:10:36 CEST 2021]
INFO: {<EE->, <ENES+>} ==> 'RURD', with #bits='12' and Unfolded is 'RURD' [Mon Jun 14 12:08:04 CEST 2021]
INFO: {<EE->, <ENES+>} ==> 'RURD', with #bits='12' and Unfolded is 'RURD' [Mon Jun 14 13:37:44 CEST 2021]
INFO: {<ENES+>, <EE->} ==> 'RURD', with #bits='12' and Unfolded is 'RURD' [Tue Jun 15 05:12:48 CEST 2021]
INFO: {<EE->, <ENES+>} ==> 'RURD', with #bits='12' and Unfolded is 'RURD' [Tue Jun 15 06:06:48 CEST 2021]
INFO: {<N->, <ENES+>, <EE->} ==> 'RURD', with #bits='12' and Unfolded is 'RURD' [Wed Jun 16 12:53:02 CEST 2021]
INFO: {<N->, <EE->, <ENES+>} ==> 'RURD', with #bits='12' and Unfolded is 'RURD' [Wed Jun 16 13:35:53 CEST 2021]
INFO: {<S->, <ENES+>, <EE->} ==> 'RURD', with #bits='12' and Unfolded is 'RURD' [Thu Jun 17 21:56:02 CEST 2021]
INFO: {<S->, <EE->, <ENES+>} ==> 'RURD', with #bits='12' and Unfolded is 'RURD' [Thu Jun 17 22:40:05 CEST 2021]
INFO: {<ENES+>, <N->, <EE->} ==> 'RURD', with #bits='12' and Unfolded is 'RURD' [Fri Jun 18 06:14:14 CEST 2021]
INFO: {<ENES+>, <S->, <EE->} ==> 'RURD', with #bits='12' and Unfolded is 'RURD' [Fri Jun 18 06:16:39 CEST 2021]
INFO: {<ENES+>, <EENE->} ==> 'RURD', with #bits='12' and Unfolded is 'RURD' [Fri Jun 18 06:20:38 CEST 2021]
INFO: {<ENES+>, <EEN->} ==> 'RURD', with #bits='12' and Unfolded is 'RURD' [Fri Jun 18 06:20:38 CEST 2021]
INFO: {<ENES+>, <EEEN->} ==> 'RURD', with #bits='12' and Unfolded is 'RURD' [Fri Jun 18 06:20:38 CEST 2021]
INFO: {<ENES+>, <EEEE->} ==> 'RURD', with #bits='12' and Unfolded is 'RURD' [Fri Jun 18 06:20:38 CEST 2021]
INFO: {<ENES+>, <EEE->} ==> 'RURD', with #bits='12' and Unfolded is 'RURD' [Fri Jun 18 06:20:38 CEST 2021]
INFO: {<ENES+>, <EE->, <N->} ==> 'RURD', with #bits='12' and Unfolded is 'RURD' [Fri Jun 18 06:20:38 CEST 2021]
INFO: {<ENES+>, <EE->, <S->} ==> 'RURD', with #bits='12' and Unfolded is 'RURD' [Fri Jun 18 06:20:38 CEST 2021]
INFO: {<ENES+>, <EE->, <E+>} ==> 'RURD', with #bits='12' and Unfolded is 'RURD' [Fri Jun 18 06:20:38 CEST 2021]
INFO: {<ENES+>, <EE->, <W->} ==> 'RURD', with #bits='12' and Unfolded is 'RURD' [Fri Jun 18 06:21:48 CEST 2021]
INFO: {<ENES+>, <EE->} ==> 'RURD', with #bits='12' and Unfolded is 'RURD' [Fri Jun 18 06:21:49 CEST 2021]
INFO: {<ENES+>, <E+>, <EE->} ==> 'RURD', with #bits='12' and Unfolded is 'RURD' [Fri Jun 18 06:26:53 CEST 2021]
INFO: {<ENES+>, <W->, <EE->} ==> 'RURD', with #bits='12' and Unfolded is 'RURD' [Fri Jun 18 06:33:28 CEST 2021]
INFO: {<ENES+>, <EEN->} ==> 'RURD', with #bits='12' and Unfolded is 'RURD' [Fri Jun 18 06:35:23 CEST 2021]
INFO: {<ENES+>, <EEE->} ==> 'RURD', with #bits='12' and Unfolded is 'RURD' [Fri Jun 18 06:35:23 CEST 2021]
INFO: {<ENES+>, <EE->} ==> 'RURD', with #bits='12' and Unfolded is 'RURD' [Fri Jun 18 06:35:23 CEST 2021]
INFO: {<ENES+>, <EE->} ==> 'RURD', with #bits='12' and Unfolded is 'RURD' [Fri Jun 18 06:37:37 CEST 2021]
INFO: {<EENES+>, <EEE->} ==> 'RRURD', with #bits='15' and Unfolded is 'RRURD' [Sat Jun 19 02:48:10 CEST 2021]
INFO: {<EENE->, <ENES+>} ==> 'RURD', with #bits='12' and Unfolded is 'RURD' [Sat Jun 19 02:56:39 CEST 2021]
INFO: {<EEN->, <ENES+>} ==> 'RURD', with #bits='12' and Unfolded is 'RURD' [Sat Jun 19 03:49:11 CEST 2021]
INFO: {<EEN->, <ENES+>} ==> 'RURD', with #bits='12' and Unfolded is 'RURD' [Sat Jun 19 05:18:20 CEST 2021]
INFO: {<EEEN->, <ENES+>} ==> 'RURD', with #bits='12' and Unfolded is 'RURD' [Sat Jun 19 06:22:16 CEST 2021]
INFO: {<EEEE->, <ENES+>} ==> 'RURD', with #bits='12' and Unfolded is 'RURD' [Sat Jun 19 07:05:48 CEST 2021]
INFO: {<EEE->, <ENES+>} ==> 'RURD', with #bits='12' and Unfolded is 'RURD' [Sat Jun 19 08:02:09 CEST 2021]
INFO: {<EEE->, <EENES+>} ==> 'RRURD', with #bits='15' and Unfolded is 'RRURD' [Sat Jun 19 08:08:54 CEST 2021]
INFO: {<EEE->, <ENES+>} ==> 'RURD', with #bits='12' and Unfolded is 'RURD' [Sat Jun 19 09:33:51 CEST 2021]
INFO: {<EE->, <N->, <ENES+>} ==> 'RURD', with #bits='12' and Unfolded is 'RURD' [Sat Jun 19 11:43:50 CEST 2021]
INFO: {<EE->, <S->, <ENES+>} ==> 'RURD', with #bits='12' and Unfolded is 'RURD' [Sat Jun 19 13:11:42 CEST 2021]
INFO: {<EE->, <ENES+>, <N->} ==> 'RURD', with #bits='12' and Unfolded is 'RURD' [Sat Jun 19 13:37:33 CEST 2021]
INFO: {<EE->, <ENES+>, <S->} ==> 'RURD', with #bits='12' and Unfolded is 'RURD' [Sat Jun 19 13:37:33 CEST 2021]
INFO: {<EE->, <ENES+>, <E+>} ==> 'RURD', with #bits='12' and Unfolded is 'RURD' [Sat Jun 19 13:37:33 CEST 2021]
INFO: {<EE->, <ENES+>, <W->} ==> 'RURD', with #bits='12' and Unfolded is 'RURD' [Sat Jun 19 13:38:42 CEST 2021]
INFO: {<EE->, <ENES+>} ==> 'RURD', with #bits='12' and Unfolded is 'RURD' [Sat Jun 19 13:38:42 CEST 2021]
INFO: {<EE->, <E+>, <ENES+>} ==> 'RURD', with #bits='12' and Unfolded is 'RURD' [Sat Jun 19 16:45:47 CEST 2021]
INFO: {<EE->, <W->, <ENES+>} ==> 'RURD', with #bits='12' and Unfolded is 'RURD' [Sat Jun 19 20:46:35 CEST 2021]
INFO: {<EE->, <ENES+>} ==> 'RURD', with #bits='12' and Unfolded is 'RURD' [Sat Jun 19 21:36:32 CEST 2021]
INFO: {<EE->, <ENES+>} ==> 'RURD', with #bits='12' and Unfolded is 'RURD' [Sat Jun 19 23:09:27 CEST 2021]
INFO: {<E+>, <ENES+>, <EE->} ==> 'RURD', with #bits='12' and Unfolded is 'RURD' [Sun Jun 20 12:36:46 CEST 2021]
INFO: {<E+>, <EE->, <ENES+>} ==> 'RURD', with #bits='12' and Unfolded is 'RURD' [Sun Jun 20 21:58:18 CEST 2021]
INFO: {<W->, <ENES+>, <EE->} ==> 'RURD', with #bits='12' and Unfolded is 'RURD' [Tue Jun 22 13:21:16 CEST 2021]
INFO: {<W->, <EE->, <ENES+>} ==> 'RURD', with #bits='12' and Unfolded is 'RURD' [Tue Jun 22 14:04:29 CEST 2021]
INFO: {<ENES+>, <EEN->} ==> 'RURD', with #bits='12' and Unfolded is 'RURD' [Wed Jun 23 10:06:51 CEST 2021]
INFO: {<ENES+>, <EEE->} ==> 'RURD', with #bits='12' and Unfolded is 'RURD' [Wed Jun 23 10:06:54 CEST 2021]
INFO: {<ENES+>, <EE->} ==> 'RURD', with #bits='12' and Unfolded is 'RURD' [Wed Jun 23 10:06:54 CEST 2021]
INFO: {<ENES+>, <EE->} ==> 'RURD', with #bits='12' and Unfolded is 'RURD' [Wed Jun 23 10:09:12 CEST 2021]
INFO: {<EEN->, <ENES+>} ==> 'RURD', with #bits='12' and Unfolded is 'RURD' [Wed Jun 23 13:58:26 CEST 2021]
INFO: {<EEE->, <ENES+>} ==> 'RURD', with #bits='12' and Unfolded is 'RURD' [Wed Jun 23 14:44:18 CEST 2021]
INFO: {<EE->, <ENES+>} ==> 'RURD', with #bits='12' and Unfolded is 'RURD' [Wed Jun 23 15:43:51 CEST 2021]
INFO: {<EE->, <ENES+>} ==> 'RURD', with #bits='12' and Unfolded is 'RURD' [Wed Jun 23 17:18:49 CEST 2021]
INFO: {<ENES+>, <EE->} ==> 'RURD', with #bits='12' and Unfolded is 'RURD' [Thu Jun 24 08:48:18 CEST 2021]
INFO: {<EE->, <ENES+>} ==> 'RURD', with #bits='12' and Unfolded is 'RURD' [Thu Jun 24 09:43:25 CEST 2021]
INFO: .END [Thu Jun 24 13:36:15 CEST 2021]
