INFO: Concepts to identify:  [Sun Jun 13 13:01:48 CEST 2021]
INFO: | p_a = RURD) | [Sun Jun 13 13:01:49 CEST 2021]
INFO: | p_c = R)URD) | [Sun Jun 13 13:01:49 CEST 2021]
INFO: . [Sun Jun 13 13:01:49 CEST 2021]
INFO: Library provided:  [Sun Jun 13 13:01:49 CEST 2021]
INFO: | p_b = RRURD) | [Sun Jun 13 13:01:49 CEST 2021]
INFO: . [Sun Jun 13 13:01:49 CEST 2021]
INFO: We instantiate the teacher. [Sun Jun 13 13:01:49 CEST 2021]
INFO: We instantiate the learner. [Sun Jun 13 13:02:37 CEST 2021]
INFO: | @ = RRURD) | [Sun Jun 13 13:02:38 CEST 2021]
INFO: Concepts identified by the learner: [Sun Jun 13 13:02:38 CEST 2021]
INFO: {<ENESEN+>} ==> 'RURD)', with #bits='15' and Unfolded is 'RURD)' [Sun Jun 13 13:38:15 CEST 2021]
INFO: {<ENESENE+>} ==> 'RURD)', with #bits='15' and Unfolded is 'RURD)' [Sun Jun 13 16:29:30 CEST 2021]
INFO: {<ENESEN+>} ==> 'RURD)', with #bits='15' and Unfolded is 'RURD)' [Sun Jun 13 16:29:38 CEST 2021]
INFO: {<EENESEN+>} ==> 'R)URD)', with #bits='18' and Unfolded is 'R)URD)' [Sun Jun 13 16:50:31 CEST 2021]
INFO: {<ENESEN+>} ==> 'RURD)', with #bits='15' and Unfolded is 'RURD)' [Sun Jun 13 19:57:49 CEST 2021]
INFO: {<N->, <ENESEN+>} ==> 'RURD)', with #bits='15' and Unfolded is 'RURD)' [Mon Jun 14 01:26:15 CEST 2021]
INFO: {<S->, <ENESEN+>} ==> 'RURD)', with #bits='15' and Unfolded is 'RURD)' [Mon Jun 14 07:34:58 CEST 2021]
INFO: {<ENESENES+>} ==> 'RURD)', with #bits='15' and Unfolded is 'RURD)' [Mon Jun 14 08:59:28 CEST 2021]
INFO: {<ENESENE+>} ==> 'RURD)', with #bits='15' and Unfolded is 'RURD)' [Mon Jun 14 08:59:28 CEST 2021]
INFO: {<ENESEN+>, <N->} ==> 'RURD)', with #bits='15' and Unfolded is 'RURD)' [Mon Jun 14 08:59:29 CEST 2021]
INFO: {<ENESEN+>, <S->} ==> 'RURD)', with #bits='15' and Unfolded is 'RURD)' [Mon Jun 14 08:59:29 CEST 2021]
INFO: {<ENESEN+>, <E+>} ==> 'RURD)', with #bits='15' and Unfolded is 'RURD)' [Mon Jun 14 08:59:29 CEST 2021]
INFO: {<ENESEN+>, <W->} ==> 'RURD)', with #bits='15' and Unfolded is 'RURD)' [Mon Jun 14 08:59:29 CEST 2021]
INFO: {<ENESEN+>} ==> 'RURD)', with #bits='15' and Unfolded is 'RURD)' [Mon Jun 14 08:59:29 CEST 2021]
INFO: {<ENESEEEE+>} ==> 'R)URD)', with #bits='18' and Unfolded is 'R)URD)' [Mon Jun 14 08:59:29 CEST 2021]
INFO: {<EENESENE+>} ==> 'R)URD)', with #bits='18' and Unfolded is 'R)URD)' [Mon Jun 14 10:34:01 CEST 2021]
INFO: {<EENESEN+>} ==> 'R)URD)', with #bits='18' and Unfolded is 'R)URD)' [Mon Jun 14 10:34:01 CEST 2021]
INFO: {<EENESEEE+>} ==> 'R)URD)', with #bits='18' and Unfolded is 'R)URD)' [Mon Jun 14 10:34:01 CEST 2021]
INFO: {<EEENESEN+>} ==> 'R)URD)', with #bits='18' and Unfolded is 'R)URD)' [Mon Jun 14 11:16:15 CEST 2021]
INFO: {<E+>, <ENESEN+>} ==> 'RURD)', with #bits='15' and Unfolded is 'RURD)' [Mon Jun 14 15:48:31 CEST 2021]
INFO: {<W->, <ENESEN+>} ==> 'RURD)', with #bits='15' and Unfolded is 'RURD)' [Mon Jun 14 23:17:27 CEST 2021]
INFO: {<ENESENE+>} ==> 'RURD)', with #bits='15' and Unfolded is 'RURD)' [Tue Jun 15 03:28:49 CEST 2021]
INFO: {<ENESEN+>} ==> 'RURD)', with #bits='15' and Unfolded is 'RURD)' [Tue Jun 15 03:28:49 CEST 2021]
INFO: {<EENESEN+>} ==> 'R)URD)', with #bits='18' and Unfolded is 'R)URD)' [Tue Jun 15 03:42:47 CEST 2021]
INFO: {<ENESEN+>} ==> 'RURD)', with #bits='15' and Unfolded is 'RURD)' [Tue Jun 15 06:36:11 CEST 2021]
INFO: {<NN->, <ENESEN+>} ==> 'RURD)', with #bits='15' and Unfolded is 'RURD)' [Tue Jun 15 11:51:40 CEST 2021]
INFO: {<NS->, <ENESEN+>} ==> 'RURD)', with #bits='15' and Unfolded is 'RURD)' [Tue Jun 15 17:06:04 CEST 2021]
INFO: {<NE->, <ENESEN+>} ==> 'RURD)', with #bits='15' and Unfolded is 'RURD)' [Tue Jun 15 22:11:07 CEST 2021]
INFO: {<NW->, <ENESEN+>} ==> 'RURD)', with #bits='15' and Unfolded is 'RURD)' [Wed Jun 16 02:45:29 CEST 2021]
INFO: {<N->, <ENESENE+>} ==> 'RURD)', with #bits='15' and Unfolded is 'RURD)' [Wed Jun 16 10:41:34 CEST 2021]
INFO: {<N->, <ENESEN+>} ==> 'RURD)', with #bits='15' and Unfolded is 'RURD)' [Wed Jun 16 10:41:41 CEST 2021]
INFO: {<N->, <EENESEN+>} ==> 'R)URD)', with #bits='18' and Unfolded is 'R)URD)' [Wed Jun 16 11:06:59 CEST 2021]
INFO: {<N->, <ENESEN+>} ==> 'RURD)', with #bits='15' and Unfolded is 'RURD)' [Wed Jun 16 16:34:38 CEST 2021]
INFO: {<SN->, <ENESEN+>} ==> 'RURD)', with #bits='15' and Unfolded is 'RURD)' [Wed Jun 16 22:46:24 CEST 2021]
INFO: {<SS->, <ENESEN+>} ==> 'RURD)', with #bits='15' and Unfolded is 'RURD)' [Thu Jun 17 04:31:58 CEST 2021]
INFO: {<SE->, <ENESEN+>} ==> 'RURD)', with #bits='15' and Unfolded is 'RURD)' [Thu Jun 17 09:50:39 CEST 2021]
INFO: {<SW->, <ENESEN+>} ==> 'RURD)', with #bits='15' and Unfolded is 'RURD)' [Thu Jun 17 14:17:57 CEST 2021]
INFO: {<S->, <ENESENE+>} ==> 'RURD)', with #bits='15' and Unfolded is 'RURD)' [Thu Jun 17 21:59:52 CEST 2021]
INFO: {<S->, <ENESEN+>} ==> 'RURD)', with #bits='15' and Unfolded is 'RURD)' [Thu Jun 17 22:00:00 CEST 2021]
INFO: {<S->, <EENESEN+>} ==> 'R)URD)', with #bits='18' and Unfolded is 'R)URD)' [Thu Jun 17 22:24:27 CEST 2021]
INFO: {<S->, <ENESEN+>} ==> 'RURD)', with #bits='15' and Unfolded is 'RURD)' [Fri Jun 18 03:29:03 CEST 2021]
INFO: {<ENESENESE+>} ==> 'RURD)', with #bits='15' and Unfolded is 'RURD)' [Fri Jun 18 05:46:08 CEST 2021]
INFO: {<ENESENES+>} ==> 'RURD)', with #bits='15' and Unfolded is 'RURD)' [Fri Jun 18 05:46:09 CEST 2021]
INFO: {<ENESENE+>, <N->} ==> 'RURD)', with #bits='15' and Unfolded is 'RURD)' [Fri Jun 18 05:46:09 CEST 2021]
INFO: {<ENESENE+>, <S->} ==> 'RURD)', with #bits='15' and Unfolded is 'RURD)' [Fri Jun 18 05:46:10 CEST 2021]
INFO: {<ENESENE+>, <E+>} ==> 'RURD)', with #bits='15' and Unfolded is 'RURD)' [Fri Jun 18 05:46:10 CEST 2021]
INFO: {<ENESENE+>, <W->} ==> 'RURD)', with #bits='15' and Unfolded is 'RURD)' [Fri Jun 18 05:46:10 CEST 2021]
INFO: {<ENESENE+>} ==> 'RURD)', with #bits='15' and Unfolded is 'RURD)' [Fri Jun 18 05:46:10 CEST 2021]
INFO: {<ENESEN+>, <NN->} ==> 'RURD)', with #bits='15' and Unfolded is 'RURD)' [Fri Jun 18 05:46:11 CEST 2021]
INFO: {<ENESEN+>, <NS->} ==> 'RURD)', with #bits='15' and Unfolded is 'RURD)' [Fri Jun 18 05:46:11 CEST 2021]
INFO: {<ENESEN+>, <NE->} ==> 'RURD)', with #bits='15' and Unfolded is 'RURD)' [Fri Jun 18 05:46:11 CEST 2021]
INFO: {<ENESEN+>, <NW->} ==> 'RURD)', with #bits='15' and Unfolded is 'RURD)' [Fri Jun 18 05:46:11 CEST 2021]
INFO: {<ENESEN+>, <N->} ==> 'RURD)', with #bits='15' and Unfolded is 'RURD)' [Fri Jun 18 05:46:11 CEST 2021]
INFO: {<ENESEN+>, <SN->} ==> 'RURD)', with #bits='15' and Unfolded is 'RURD)' [Fri Jun 18 05:46:11 CEST 2021]
INFO: {<ENESEN+>, <SS->} ==> 'RURD)', with #bits='15' and Unfolded is 'RURD)' [Fri Jun 18 05:46:11 CEST 2021]
INFO: {<ENESEN+>, <SE->} ==> 'RURD)', with #bits='15' and Unfolded is 'RURD)' [Fri Jun 18 05:46:11 CEST 2021]
INFO: {<ENESEN+>, <SW->} ==> 'RURD)', with #bits='15' and Unfolded is 'RURD)' [Fri Jun 18 05:46:11 CEST 2021]
INFO: {<ENESEN+>, <S->} ==> 'RURD)', with #bits='15' and Unfolded is 'RURD)' [Fri Jun 18 05:46:11 CEST 2021]
INFO: {<ENESEN+>, <EN+>} ==> 'RURD)', with #bits='15' and Unfolded is 'RURD)' [Fri Jun 18 05:46:11 CEST 2021]
INFO: {<ENESEN+>, <ES->} ==> 'RURD)', with #bits='15' and Unfolded is 'RURD)' [Fri Jun 18 05:46:11 CEST 2021]
INFO: {<ENESEN+>, <EE->} ==> 'RURD)', with #bits='15' and Unfolded is 'RURD)' [Fri Jun 18 05:46:11 CEST 2021]
INFO: {<ENESEN+>, <EW->} ==> 'RURD)', with #bits='15' and Unfolded is 'RURD)' [Fri Jun 18 05:46:11 CEST 2021]
INFO: {<ENESEN+>, <E+>} ==> 'RURD)', with #bits='15' and Unfolded is 'RURD)' [Fri Jun 18 05:46:11 CEST 2021]
INFO: {<ENESEN+>, <WN->} ==> 'RURD)', with #bits='15' and Unfolded is 'RURD)' [Fri Jun 18 05:46:12 CEST 2021]
INFO: {<ENESEN+>, <WS->} ==> 'RURD)', with #bits='15' and Unfolded is 'RURD)' [Fri Jun 18 05:46:12 CEST 2021]
INFO: {<ENESEN+>, <WE->} ==> 'RURD)', with #bits='15' and Unfolded is 'RURD)' [Fri Jun 18 05:46:12 CEST 2021]
INFO: {<ENESEN+>, <WW->} ==> 'RURD)', with #bits='15' and Unfolded is 'RURD)' [Fri Jun 18 05:46:12 CEST 2021]
INFO: {<ENESEN+>, <W->} ==> 'RURD)', with #bits='15' and Unfolded is 'RURD)' [Fri Jun 18 05:46:12 CEST 2021]
INFO: {<ENESEN+>, <N->} ==> 'RURD)', with #bits='15' and Unfolded is 'RURD)' [Fri Jun 18 05:46:12 CEST 2021]
INFO: {<ENESEN+>, <S->} ==> 'RURD)', with #bits='15' and Unfolded is 'RURD)' [Fri Jun 18 05:46:12 CEST 2021]
INFO: {<ENESEN+>, <E+>} ==> 'RURD)', with #bits='15' and Unfolded is 'RURD)' [Fri Jun 18 05:46:12 CEST 2021]
INFO: {<ENESEN+>, <W->} ==> 'RURD)', with #bits='15' and Unfolded is 'RURD)' [Fri Jun 18 05:46:12 CEST 2021]
INFO: {<ENESEN+>} ==> 'RURD)', with #bits='15' and Unfolded is 'RURD)' [Fri Jun 18 05:46:12 CEST 2021]
INFO: {<ENESEEEEN+>} ==> 'R)URD)', with #bits='18' and Unfolded is 'R)URD)' [Fri Jun 18 05:46:18 CEST 2021]
INFO: {<ENESEEEEE+>} ==> 'R)URD)', with #bits='18' and Unfolded is 'R)URD)' [Fri Jun 18 05:46:18 CEST 2021]
INFO: {<ENESEEEE+>} ==> 'R)URD)', with #bits='18' and Unfolded is 'R)URD)' [Fri Jun 18 05:46:18 CEST 2021]
INFO: {<EN+>, <ENESEN+>} ==> 'RURD)', with #bits='15' and Unfolded is 'RURD)' [Fri Jun 18 07:27:40 CEST 2021]
INFO: {<ES->, <ENESEN+>} ==> 'RURD)', with #bits='15' and Unfolded is 'RURD)' [Fri Jun 18 12:06:15 CEST 2021]
INFO: {<EENESENES+>} ==> 'R)URD)', with #bits='18' and Unfolded is 'R)URD)' [Fri Jun 18 14:28:32 CEST 2021]
INFO: {<EENESENE+>} ==> 'R)URD)', with #bits='18' and Unfolded is 'R)URD)' [Fri Jun 18 14:28:32 CEST 2021]
INFO: {<EENESEN+>, <N->} ==> 'R)URD)', with #bits='18' and Unfolded is 'R)URD)' [Fri Jun 18 14:28:33 CEST 2021]
INFO: {<EENESEN+>, <S->} ==> 'R)URD)', with #bits='18' and Unfolded is 'R)URD)' [Fri Jun 18 14:28:36 CEST 2021]
INFO: {<EENESEN+>, <E+>} ==> 'R)URD)', with #bits='18' and Unfolded is 'R)URD)' [Fri Jun 18 14:28:36 CEST 2021]
INFO: {<EENESEN+>, <W->} ==> 'R)URD)', with #bits='18' and Unfolded is 'R)URD)' [Fri Jun 18 14:28:37 CEST 2021]
INFO: {<EENESEN+>} ==> 'R)URD)', with #bits='18' and Unfolded is 'R)URD)' [Fri Jun 18 14:28:37 CEST 2021]
INFO: {<EENESEEEN+>} ==> 'R)URD)', with #bits='18' and Unfolded is 'R)URD)' [Fri Jun 18 14:28:37 CEST 2021]
INFO: {<EENESEEEE+>} ==> 'R)URD)', with #bits='18' and Unfolded is 'R)URD)' [Fri Jun 18 14:28:37 CEST 2021]
INFO: {<EENESEEE+>} ==> 'R)URD)', with #bits='18' and Unfolded is 'R)URD)' [Fri Jun 18 14:28:38 CEST 2021]
INFO: {<EEENESENE+>} ==> 'R)URD)', with #bits='18' and Unfolded is 'R)URD)' [Fri Jun 18 18:01:40 CEST 2021]
INFO: {<EEENESEN+>} ==> 'R)URD)', with #bits='18' and Unfolded is 'R)URD)' [Fri Jun 18 18:01:42 CEST 2021]
INFO: {<EEENESEEN+>} ==> 'R)URD)', with #bits='18' and Unfolded is 'R)URD)' [Fri Jun 18 18:01:42 CEST 2021]
INFO: {<EEEENESEN+>} ==> 'R)URD)', with #bits='18' and Unfolded is 'R)URD)' [Fri Jun 18 18:09:19 CEST 2021]
INFO: {<EE->, <ENESEN+>} ==> 'RURD)', with #bits='15' and Unfolded is 'RURD)' [Fri Jun 18 22:15:06 CEST 2021]
INFO: {<EW->, <ENESEN+>} ==> 'RURD)', with #bits='15' and Unfolded is 'RURD)' [Sat Jun 19 10:24:17 CEST 2021]
INFO: {<E+>, <ENESENE+>} ==> 'RURD)', with #bits='15' and Unfolded is 'RURD)' [Sat Jun 19 18:11:24 CEST 2021]
INFO: {<E+>, <ENESEN+>} ==> 'RURD)', with #bits='15' and Unfolded is 'RURD)' [Sat Jun 19 18:11:32 CEST 2021]
INFO: {<E+>, <EENESEN+>} ==> 'R)URD)', with #bits='18' and Unfolded is 'R)URD)' [Sat Jun 19 20:42:38 CEST 2021]
INFO: {<E+>, <ENESEN+>} ==> 'RURD)', with #bits='15' and Unfolded is 'RURD)' [Sun Jun 20 07:34:50 CEST 2021]
INFO: {<WN->, <ENESEN+>} ==> 'RURD)', with #bits='15' and Unfolded is 'RURD)' [Sun Jun 20 14:16:55 CEST 2021]
INFO: {<WS->, <ENESEN+>} ==> 'RURD)', with #bits='15' and Unfolded is 'RURD)' [Sun Jun 20 19:06:54 CEST 2021]
INFO: {<WE->, <ENESEN+>} ==> 'RURD)', with #bits='15' and Unfolded is 'RURD)' [Sun Jun 20 23:47:44 CEST 2021]
INFO: {<WW->, <ENESEN+>} ==> 'RURD)', with #bits='15' and Unfolded is 'RURD)' [Mon Jun 21 04:46:20 CEST 2021]
INFO: {<W->, <ENESENE+>} ==> 'RURD)', with #bits='15' and Unfolded is 'RURD)' [Mon Jun 21 10:22:11 CEST 2021]
INFO: {<W->, <ENESEN+>} ==> 'RURD)', with #bits='15' and Unfolded is 'RURD)' [Mon Jun 21 10:22:15 CEST 2021]
INFO: {<W->, <EENESEN+>} ==> 'R)URD)', with #bits='18' and Unfolded is 'R)URD)' [Mon Jun 21 10:45:55 CEST 2021]
INFO: {<W->, <ENESEN+>} ==> 'RURD)', with #bits='15' and Unfolded is 'RURD)' [Mon Jun 21 19:55:53 CEST 2021]
INFO: {<N->, <ENESEN+>} ==> 'RURD)', with #bits='15' and Unfolded is 'RURD)' [Tue Jun 22 02:01:32 CEST 2021]
INFO: {<S->, <ENESEN+>} ==> 'RURD)', with #bits='15' and Unfolded is 'RURD)' [Tue Jun 22 07:25:56 CEST 2021]
INFO: {<ENESENES+>} ==> 'RURD)', with #bits='15' and Unfolded is 'RURD)' [Tue Jun 22 08:45:45 CEST 2021]
INFO: {<ENESENE+>} ==> 'RURD)', with #bits='15' and Unfolded is 'RURD)' [Tue Jun 22 08:45:47 CEST 2021]
INFO: {<ENESEN+>, <N->} ==> 'RURD)', with #bits='15' and Unfolded is 'RURD)' [Tue Jun 22 08:45:47 CEST 2021]
INFO: {<ENESEN+>, <S->} ==> 'RURD)', with #bits='15' and Unfolded is 'RURD)' [Tue Jun 22 08:45:47 CEST 2021]
INFO: {<ENESEN+>, <E+>} ==> 'RURD)', with #bits='15' and Unfolded is 'RURD)' [Tue Jun 22 08:45:47 CEST 2021]
INFO: {<ENESEN+>, <W->} ==> 'RURD)', with #bits='15' and Unfolded is 'RURD)' [Tue Jun 22 08:45:47 CEST 2021]
INFO: {<ENESEN+>} ==> 'RURD)', with #bits='15' and Unfolded is 'RURD)' [Tue Jun 22 08:45:47 CEST 2021]
INFO: {<ENESEEEE+>} ==> 'R)URD)', with #bits='18' and Unfolded is 'R)URD)' [Tue Jun 22 08:45:48 CEST 2021]
INFO: {<EENESENE+>} ==> 'R)URD)', with #bits='18' and Unfolded is 'R)URD)' [Tue Jun 22 10:10:34 CEST 2021]
INFO: {<EENESEN+>} ==> 'R)URD)', with #bits='18' and Unfolded is 'R)URD)' [Tue Jun 22 10:10:35 CEST 2021]
INFO: {<EENESEEE+>} ==> 'R)URD)', with #bits='18' and Unfolded is 'R)URD)' [Tue Jun 22 10:10:35 CEST 2021]
INFO: {<EEENESEN+>} ==> 'R)URD)', with #bits='18' and Unfolded is 'R)URD)' [Tue Jun 22 10:46:24 CEST 2021]
INFO: {<E+>, <ENESEN+>} ==> 'RURD)', with #bits='15' and Unfolded is 'RURD)' [Tue Jun 22 14:47:44 CEST 2021]
INFO: {<W->, <ENESEN+>} ==> 'RURD)', with #bits='15' and Unfolded is 'RURD)' [Tue Jun 22 21:28:42 CEST 2021]
INFO: {<ENESENE+>} ==> 'RURD)', with #bits='15' and Unfolded is 'RURD)' [Wed Jun 23 00:57:19 CEST 2021]
INFO: {<ENESEN+>} ==> 'RURD)', with #bits='15' and Unfolded is 'RURD)' [Wed Jun 23 00:57:28 CEST 2021]
INFO: {<EENESEN+>} ==> 'R)URD)', with #bits='18' and Unfolded is 'R)URD)' [Wed Jun 23 01:10:47 CEST 2021]
INFO: {<ENESEN+>} ==> 'RURD)', with #bits='15' and Unfolded is 'RURD)' [Wed Jun 23 03:45:24 CEST 2021]
INFO: .END [Wed Jun 23 04:22:01 CEST 2021]
