INFO: Concepts to identify:  [Sun Jun 13 11:30:14 CEST 2021]
INFO: | p_a = RURD | [Sun Jun 13 11:30:14 CEST 2021]
INFO: . [Sun Jun 13 11:30:14 CEST 2021]
INFO: Library provided:  [Sun Jun 13 11:30:14 CEST 2021]
INFO: | p_c = R)URD) | [Sun Jun 13 11:30:14 CEST 2021]
INFO: | p_b = RRURD | [Sun Jun 13 11:30:14 CEST 2021]
INFO: . [Sun Jun 13 11:30:14 CEST 2021]
INFO: We instantiate the teacher. [Sun Jun 13 11:30:14 CEST 2021]
INFO: We instantiate the learner. [Sun Jun 13 11:31:04 CEST 2021]
INFO: | @0 = R)URD) | [Sun Jun 13 11:31:05 CEST 2021]
INFO: | @1 = RRURD | [Sun Jun 13 11:31:05 CEST 2021]
INFO: Concepts identified by the learner: [Sun Jun 13 11:31:09 CEST 2021]
INFO: {<ENES+>, <EE->} ==> 'RURD', with #bits='12' and Unfolded is 'RURD' [Wed Jun 23 23:39:12 CEST 2021]
INFO: {<EE->, <ENES+>} ==> 'RURD', with #bits='12' and Unfolded is 'RURD' [Thu Jun 24 05:25:14 CEST 2021]
INFO: {<ENES+>, <EEN->} ==> 'RURD', with #bits='12' and Unfolded is 'RURD' [Sat Jun 26 18:41:52 CEST 2021]
INFO: {<ENES+>, <EEE->} ==> 'RURD', with #bits='12' and Unfolded is 'RURD' [Sat Jun 26 18:41:53 CEST 2021]
INFO: {<ENES+>, <EE->} ==> 'RURD', with #bits='12' and Unfolded is 'RURD' [Sat Jun 26 18:41:53 CEST 2021]
INFO: {<ENES+>, <EE->} ==> 'RURD', with #bits='12' and Unfolded is 'RURD' [Sat Jun 26 18:55:58 CEST 2021]
INFO: {<EEN->, <ENES+>} ==> 'RURD', with #bits='12' and Unfolded is 'RURD' [Sun Jun 27 14:24:36 CEST 2021]
INFO: {<EEE->, <ENES+>} ==> 'RURD', with #bits='12' and Unfolded is 'RURD' [Sun Jun 27 19:35:35 CEST 2021]
INFO: {<EE->, <ENES+>} ==> 'RURD', with #bits='12' and Unfolded is 'RURD' [Mon Jun 28 01:44:51 CEST 2021]
INFO: {<EE->, <ENES+>} ==> 'RURD', with #bits='12' and Unfolded is 'RURD' [Mon Jun 28 13:03:14 CEST 2021]
INFO: {<ENES+>, <EE->} ==> 'RURD', with #bits='12' and Unfolded is 'RURD' [Thu Jul 01 11:31:17 CEST 2021]
INFO: {<EE->, <ENES+>} ==> 'RURD', with #bits='12' and Unfolded is 'RURD' [Thu Jul 01 16:45:22 CEST 2021]
