INFO: Concepts to identify:  [Sun Jun 13 13:12:27 CEST 2021]
INFO: | p_b = RRURD) | [Sun Jun 13 13:12:27 CEST 2021]
INFO: . [Sun Jun 13 13:12:27 CEST 2021]
INFO: Library provided:  [Sun Jun 13 13:12:27 CEST 2021]
INFO: | p_a = RURD) | [Sun Jun 13 13:12:27 CEST 2021]
INFO: | p_c = R)URD) | [Sun Jun 13 13:12:27 CEST 2021]
INFO: . [Sun Jun 13 13:12:27 CEST 2021]
INFO: We instantiate the teacher. [Sun Jun 13 13:12:27 CEST 2021]
INFO: We instantiate the learner. [Sun Jun 13 13:14:42 CEST 2021]
INFO: | @0 = RURD) | [Sun Jun 13 13:14:42 CEST 2021]
INFO: | @1 = R)URD) | [Sun Jun 13 13:14:42 CEST 2021]
INFO: Concepts identified by the learner: [Sun Jun 13 13:14:43 CEST 2021]
INFO: {<EN->, <EEN+>} ==> 'R@0', with #bits='7' and Unfolded is 'RRURD)' [Sun Jun 13 15:31:18 CEST 2021]
INFO: {<EEN+>, <EN->} ==> 'R@0', with #bits='7' and Unfolded is 'RRURD)' [Sun Jun 13 16:00:42 CEST 2021]
INFO: {<ENE->, <EEN+>} ==> 'R@0', with #bits='7' and Unfolded is 'RRURD)' [Mon Jun 14 01:45:34 CEST 2021]
INFO: {<EN->, <EENE+>} ==> 'R@0', with #bits='7' and Unfolded is 'RRURD)' [Mon Jun 14 03:15:25 CEST 2021]
INFO: {<EN->, <EEN+>} ==> 'R@0', with #bits='7' and Unfolded is 'RRURD)' [Mon Jun 14 03:15:25 CEST 2021]
INFO: {<EN->, <EEN+>} ==> 'R@0', with #bits='7' and Unfolded is 'RRURD)' [Mon Jun 14 05:19:42 CEST 2021]
INFO: {<EENE+>, <EN->} ==> 'R@0', with #bits='7' and Unfolded is 'RRURD)' [Mon Jun 14 06:10:52 CEST 2021]
INFO: {<EEN+>, <ENE->} ==> 'R@0', with #bits='7' and Unfolded is 'RRURD)' [Mon Jun 14 06:14:34 CEST 2021]
INFO: {<EEN+>, <EN->} ==> 'R@0', with #bits='7' and Unfolded is 'RRURD)' [Mon Jun 14 06:14:35 CEST 2021]
INFO: {<EEN+>, <EEE->} ==> 'R@0', with #bits='7' and Unfolded is 'RRURD)' [Mon Jun 14 06:14:35 CEST 2021]
INFO: {<EEN+>, <EN->} ==> 'R@0', with #bits='7' and Unfolded is 'RRURD)' [Mon Jun 14 06:22:54 CEST 2021]
INFO: {<EEE->, <EEN+>} ==> 'R@0', with #bits='7' and Unfolded is 'RRURD)' [Mon Jun 14 06:33:37 CEST 2021]
INFO: {<EN->, <EEN+>} ==> 'R@0', with #bits='7' and Unfolded is 'RRURD)' [Mon Jun 14 19:47:34 CEST 2021]
INFO: {<EEN+>, <EN->} ==> 'R@0', with #bits='7' and Unfolded is 'RRURD)' [Mon Jun 14 20:13:31 CEST 2021]
INFO: {<N->, <EN->, <EEN+>} ==> 'R@0', with #bits='7' and Unfolded is 'RRURD)' [Tue Jun 15 13:28:40 CEST 2021]
INFO: {<N->, <EEN+>, <EN->} ==> 'R@0', with #bits='7' and Unfolded is 'RRURD)' [Tue Jun 15 13:42:35 CEST 2021]
INFO: {<S->, <EN->, <EEN+>} ==> 'R@0', with #bits='7' and Unfolded is 'RRURD)' [Wed Jun 16 09:51:31 CEST 2021]
INFO: {<S->, <EEN+>, <EN->} ==> 'R@0', with #bits='7' and Unfolded is 'RRURD)' [Wed Jun 16 10:06:04 CEST 2021]
INFO: {<ENES->, <EEN+>} ==> 'R@0', with #bits='7' and Unfolded is 'RRURD)' [Wed Jun 16 18:26:55 CEST 2021]
INFO: {<ENE->, <EENE+>} ==> 'R@0', with #bits='7' and Unfolded is 'RRURD)' [Wed Jun 16 20:26:18 CEST 2021]
INFO: {<ENE->, <EEN+>} ==> 'R@0', with #bits='7' and Unfolded is 'RRURD)' [Wed Jun 16 20:26:18 CEST 2021]
INFO: {<ENE->, <EEN+>} ==> 'R@0', with #bits='7' and Unfolded is 'RRURD)' [Wed Jun 16 23:00:32 CEST 2021]
INFO: {<EN->, <N->, <EEN+>} ==> 'R@0', with #bits='7' and Unfolded is 'RRURD)' [Thu Jun 17 00:55:54 CEST 2021]
INFO: {<EN->, <S->, <EEN+>} ==> 'R@0', with #bits='7' and Unfolded is 'RRURD)' [Thu Jun 17 02:43:20 CEST 2021]
INFO: {<EN->, <EENES+>} ==> 'R@0', with #bits='7' and Unfolded is 'RRURD)' [Thu Jun 17 05:09:31 CEST 2021]
INFO: {<EN->, <EENE+>} ==> 'R@0', with #bits='7' and Unfolded is 'RRURD)' [Thu Jun 17 05:09:51 CEST 2021]
INFO: {<EN->, <EEN+>, <N->} ==> 'R@0', with #bits='7' and Unfolded is 'RRURD)' [Thu Jun 17 05:09:51 CEST 2021]
INFO: {<EN->, <EEN+>, <S->} ==> 'R@0', with #bits='7' and Unfolded is 'RRURD)' [Thu Jun 17 05:09:51 CEST 2021]
INFO: {<EN->, <EEN+>, <E+>} ==> 'R@0', with #bits='7' and Unfolded is 'RRURD)' [Thu Jun 17 05:09:51 CEST 2021]
INFO: {<EN->, <EEN+>, <W->} ==> 'R@0', with #bits='7' and Unfolded is 'RRURD)' [Thu Jun 17 05:14:32 CEST 2021]
INFO: {<EN->, <EEN+>} ==> 'R@0', with #bits='7' and Unfolded is 'RRURD)' [Thu Jun 17 05:14:32 CEST 2021]
INFO: {<EN->, <E+>, <EEN+>} ==> 'R@0', with #bits='7' and Unfolded is 'RRURD)' [Thu Jun 17 09:00:27 CEST 2021]
INFO: {<EN->, <W->, <EEN+>} ==> 'R@0', with #bits='7' and Unfolded is 'RRURD)' [Thu Jun 17 14:41:45 CEST 2021]
INFO: {<EN->, <EENE+>} ==> 'R@0', with #bits='7' and Unfolded is 'RRURD)' [Thu Jun 17 15:56:28 CEST 2021]
INFO: {<EN->, <EEN+>} ==> 'R@0', with #bits='7' and Unfolded is 'RRURD)' [Thu Jun 17 15:56:29 CEST 2021]
INFO: {<EN->, <EEN+>} ==> 'R@0', with #bits='7' and Unfolded is 'RRURD)' [Thu Jun 17 17:42:49 CEST 2021]
INFO: {<EENES+>, <EN->} ==> 'R@0', with #bits='7' and Unfolded is 'RRURD)' [Thu Jun 17 20:31:15 CEST 2021]
INFO: {<EENE+>, <ENE->} ==> 'R@0', with #bits='7' and Unfolded is 'RRURD)' [Thu Jun 17 20:35:14 CEST 2021]
INFO: {<EENE+>, <EN->} ==> 'R@0', with #bits='7' and Unfolded is 'RRURD)' [Thu Jun 17 20:35:14 CEST 2021]
INFO: {<EENE+>, <EEE->} ==> 'R@0', with #bits='7' and Unfolded is 'RRURD)' [Thu Jun 17 20:36:01 CEST 2021]
INFO: {<EENE+>, <EN->} ==> 'R@0', with #bits='7' and Unfolded is 'RRURD)' [Thu Jun 17 20:41:50 CEST 2021]
INFO: {<EEN+>, <N->, <EN->} ==> 'R@0', with #bits='7' and Unfolded is 'RRURD)' [Thu Jun 17 20:48:23 CEST 2021]
INFO: {<EEN+>, <S->, <EN->} ==> 'R@0', with #bits='7' and Unfolded is 'RRURD)' [Thu Jun 17 20:54:16 CEST 2021]
INFO: {<EEN+>, <ENES->} ==> 'R@0', with #bits='7' and Unfolded is 'RRURD)' [Thu Jun 17 20:56:23 CEST 2021]
INFO: {<EEN+>, <ENE->} ==> 'R@0', with #bits='7' and Unfolded is 'RRURD)' [Thu Jun 17 20:56:23 CEST 2021]
INFO: {<EEN+>, <EN->, <N->} ==> 'R@0', with #bits='7' and Unfolded is 'RRURD)' [Thu Jun 17 20:56:23 CEST 2021]
INFO: {<EEN+>, <EN->, <S->} ==> 'R@0', with #bits='7' and Unfolded is 'RRURD)' [Thu Jun 17 20:56:23 CEST 2021]
INFO: {<EEN+>, <EN->, <E+>} ==> 'R@0', with #bits='7' and Unfolded is 'RRURD)' [Thu Jun 17 20:56:23 CEST 2021]
INFO: {<EEN+>, <EN->, <W->} ==> 'R@0', with #bits='7' and Unfolded is 'RRURD)' [Thu Jun 17 21:00:59 CEST 2021]
INFO: {<EEN+>, <EN->} ==> 'R@0', with #bits='7' and Unfolded is 'RRURD)' [Thu Jun 17 21:00:59 CEST 2021]
INFO: {<EEN+>, <EEEN->} ==> 'R@0', with #bits='7' and Unfolded is 'RRURD)' [Thu Jun 17 21:02:36 CEST 2021]
INFO: {<EEN+>, <EEEE->} ==> 'R@0', with #bits='7' and Unfolded is 'RRURD)' [Thu Jun 17 21:02:36 CEST 2021]
INFO: {<EEN+>, <EEE->} ==> 'R@0', with #bits='7' and Unfolded is 'RRURD)' [Thu Jun 17 21:02:36 CEST 2021]
INFO: {<EEN+>, <E+>, <EN->} ==> 'R@0', with #bits='7' and Unfolded is 'RRURD)' [Thu Jun 17 21:17:56 CEST 2021]
INFO: {<EEN+>, <W->, <EN->} ==> 'R@0', with #bits='7' and Unfolded is 'RRURD)' [Thu Jun 17 23:13:21 CEST 2021]
INFO: {<EEN+>, <ENE->} ==> 'R@0', with #bits='7' and Unfolded is 'RRURD)' [Thu Jun 17 23:17:24 CEST 2021]
INFO: {<EEN+>, <EN->} ==> 'R@0', with #bits='7' and Unfolded is 'RRURD)' [Thu Jun 17 23:17:28 CEST 2021]
INFO: {<EEN+>, <EEE->} ==> 'R@0', with #bits='7' and Unfolded is 'RRURD)' [Thu Jun 17 23:17:28 CEST 2021]
INFO: {<EEN+>, <EN->} ==> 'R@0', with #bits='7' and Unfolded is 'RRURD)' [Thu Jun 17 23:23:08 CEST 2021]
INFO: {<EEEN->, <EEN+>} ==> 'R@0', with #bits='7' and Unfolded is 'RRURD)' [Thu Jun 17 23:43:48 CEST 2021]
INFO: {<EEEE->, <EEN+>} ==> 'R@0', with #bits='7' and Unfolded is 'RRURD)' [Fri Jun 18 00:00:04 CEST 2021]
INFO: {<EEE->, <EENE+>} ==> 'R@0', with #bits='7' and Unfolded is 'RRURD)' [Fri Jun 18 00:27:10 CEST 2021]
INFO: {<EEE->, <EEN+>} ==> 'R@0', with #bits='7' and Unfolded is 'RRURD)' [Fri Jun 18 00:27:10 CEST 2021]
INFO: {<EEE->, <EEN+>} ==> 'R@0', with #bits='7' and Unfolded is 'RRURD)' [Fri Jun 18 01:19:34 CEST 2021]
INFO: {<E+>, <EN->, <EEN+>} ==> 'R@0', with #bits='7' and Unfolded is 'RRURD)' [Fri Jun 18 22:50:46 CEST 2021]
INFO: {<E+>, <EEN+>, <EN->} ==> 'R@0', with #bits='7' and Unfolded is 'RRURD)' [Sat Jun 19 02:28:36 CEST 2021]
INFO: {<W->, <EN->, <EEN+>} ==> 'R@0', with #bits='7' and Unfolded is 'RRURD)' [Sun Jun 20 04:35:52 CEST 2021]
INFO: {<W->, <EEN+>, <EN->} ==> 'R@0', with #bits='7' and Unfolded is 'RRURD)' [Sun Jun 20 04:49:26 CEST 2021]
INFO: {<ENE->, <EEN+>} ==> 'R@0', with #bits='7' and Unfolded is 'RRURD)' [Sun Jun 20 15:33:57 CEST 2021]
INFO: {<EN->, <EENE+>} ==> 'R@0', with #bits='7' and Unfolded is 'RRURD)' [Sun Jun 20 16:39:29 CEST 2021]
INFO: {<EN->, <EEN+>} ==> 'R@0', with #bits='7' and Unfolded is 'RRURD)' [Sun Jun 20 16:39:29 CEST 2021]
INFO: {<EN->, <EEN+>} ==> 'R@0', with #bits='7' and Unfolded is 'RRURD)' [Sun Jun 20 19:16:31 CEST 2021]
INFO: {<EENE+>, <EN->} ==> 'R@0', with #bits='7' and Unfolded is 'RRURD)' [Sun Jun 20 19:57:41 CEST 2021]
INFO: {<EEN+>, <ENE->} ==> 'R@0', with #bits='7' and Unfolded is 'RRURD)' [Sun Jun 20 20:01:17 CEST 2021]
INFO: {<EEN+>, <EN->} ==> 'R@0', with #bits='7' and Unfolded is 'RRURD)' [Sun Jun 20 20:01:17 CEST 2021]
INFO: {<EEN+>, <EEE->} ==> 'R@0', with #bits='7' and Unfolded is 'RRURD)' [Sun Jun 20 20:01:17 CEST 2021]
INFO: {<EEN+>, <EN->} ==> 'R@0', with #bits='7' and Unfolded is 'RRURD)' [Sun Jun 20 20:06:30 CEST 2021]
INFO: {<EEE->, <EEN+>} ==> 'R@0', with #bits='7' and Unfolded is 'RRURD)' [Sun Jun 20 20:16:22 CEST 2021]
INFO: {<EN->, <EEN+>} ==> 'R@0', with #bits='7' and Unfolded is 'RRURD)' [Mon Jun 21 06:34:14 CEST 2021]
INFO: {<EEN+>, <EN->} ==> 'R@0', with #bits='7' and Unfolded is 'RRURD)' [Mon Jun 21 06:57:59 CEST 2021]
INFO: {<NN->, <EN->, <EEN+>} ==> 'R@0', with #bits='7' and Unfolded is 'RRURD)' [Mon Jun 21 22:42:50 CEST 2021]
INFO: {<NN->, <EEN+>, <EN->} ==> 'R@0', with #bits='7' and Unfolded is 'RRURD)' [Mon Jun 21 22:59:54 CEST 2021]
INFO: {<NS->, <EN->, <EEN+>} ==> 'R@0', with #bits='7' and Unfolded is 'RRURD)' [Tue Jun 22 14:42:27 CEST 2021]
INFO: {<NS->, <EEN+>, <EN->} ==> 'R@0', with #bits='7' and Unfolded is 'RRURD)' [Tue Jun 22 14:57:08 CEST 2021]
INFO: {<NE->, <EN->, <EEN+>} ==> 'R@0', with #bits='7' and Unfolded is 'RRURD)' [Wed Jun 23 06:59:32 CEST 2021]
INFO: {<NE->, <EEN+>, <EN->} ==> 'R@0', with #bits='7' and Unfolded is 'RRURD)' [Wed Jun 23 07:19:27 CEST 2021]
INFO: {<NW->, <EN->, <EEN+>} ==> 'R@0', with #bits='7' and Unfolded is 'RRURD)' [Thu Jun 24 15:20:42 CEST 2021]
INFO: {<NW->, <EEN+>, <EN->} ==> 'R@0', with #bits='7' and Unfolded is 'RRURD)' [Thu Jun 24 15:33:14 CEST 2021]
INFO: {<N->, <ENE->, <EEN+>} ==> 'R@0', with #bits='7' and Unfolded is 'RRURD)' [Fri Jun 25 09:14:13 CEST 2021]
INFO: {<N->, <EN->, <EENE+>} ==> 'R@0', with #bits='7' and Unfolded is 'RRURD)' [Fri Jun 25 09:44:00 CEST 2021]
INFO: {<N->, <EN->, <EEN+>} ==> 'R@0', with #bits='7' and Unfolded is 'RRURD)' [Fri Jun 25 09:44:00 CEST 2021]
INFO: {<N->, <EN->, <EEN+>} ==> 'R@0', with #bits='7' and Unfolded is 'RRURD)' [Fri Jun 25 09:58:19 CEST 2021]
INFO: {<N->, <EENE+>, <EN->} ==> 'R@0', with #bits='7' and Unfolded is 'RRURD)' [Fri Jun 25 10:44:58 CEST 2021]
INFO: {<N->, <EEN+>, <ENE->} ==> 'R@0', with #bits='7' and Unfolded is 'RRURD)' [Fri Jun 25 10:49:12 CEST 2021]
INFO: {<N->, <EEN+>, <EN->} ==> 'R@0', with #bits='7' and Unfolded is 'RRURD)' [Fri Jun 25 10:49:12 CEST 2021]
INFO: {<N->, <EEN+>, <EEE->} ==> 'R@0', with #bits='7' and Unfolded is 'RRURD)' [Fri Jun 25 10:49:12 CEST 2021]
INFO: {<N->, <EEN+>, <EN->} ==> 'R@0', with #bits='7' and Unfolded is 'RRURD)' [Fri Jun 25 10:51:17 CEST 2021]
INFO: {<N->, <EEE->, <EEN+>} ==> 'R@0', with #bits='7' and Unfolded is 'RRURD)' [Fri Jun 25 11:08:29 CEST 2021]
INFO: {<N->, <EN->, <EEN+>} ==> 'R@0', with #bits='7' and Unfolded is 'RRURD)' [Sat Jun 26 01:19:27 CEST 2021]
INFO: {<N->, <EEN+>, <EN->} ==> 'R@0', with #bits='7' and Unfolded is 'RRURD)' [Sat Jun 26 01:33:00 CEST 2021]
INFO: {<SN->, <EN->, <EEN+>} ==> 'R@0', with #bits='7' and Unfolded is 'RRURD)' [Sat Jun 26 15:13:18 CEST 2021]
INFO: {<SN->, <EEN+>, <EN->} ==> 'R@0', with #bits='7' and Unfolded is 'RRURD)' [Sat Jun 26 15:27:48 CEST 2021]
INFO: {<SS->, <EN->, <EEN+>} ==> 'R@0', with #bits='7' and Unfolded is 'RRURD)' [Sun Jun 27 05:49:33 CEST 2021]
INFO: {<SS->, <EEN+>, <EN->} ==> 'R@0', with #bits='7' and Unfolded is 'RRURD)' [Sun Jun 27 06:04:38 CEST 2021]
INFO: {<SE->, <EN->, <EEN+>} ==> 'R@0', with #bits='7' and Unfolded is 'RRURD)' [Sun Jun 27 21:17:51 CEST 2021]
INFO: {<SE->, <EEN+>, <EN->} ==> 'R@0', with #bits='7' and Unfolded is 'RRURD)' [Sun Jun 27 21:34:08 CEST 2021]
INFO: {<SW->, <EN->, <EEN+>} ==> 'R@0', with #bits='7' and Unfolded is 'RRURD)' [Mon Jun 28 10:30:56 CEST 2021]
INFO: {<SW->, <EEN+>, <EN->} ==> 'R@0', with #bits='7' and Unfolded is 'RRURD)' [Mon Jun 28 10:43:13 CEST 2021]
INFO: {<S->, <ENE->, <EEN+>} ==> 'R@0', with #bits='7' and Unfolded is 'RRURD)' [Tue Jun 29 03:41:44 CEST 2021]
INFO: {<S->, <EN->, <EENE+>} ==> 'R@0', with #bits='7' and Unfolded is 'RRURD)' [Tue Jun 29 04:10:59 CEST 2021]
INFO: {<S->, <EN->, <EEN+>} ==> 'R@0', with #bits='7' and Unfolded is 'RRURD)' [Tue Jun 29 04:10:59 CEST 2021]
INFO: {<S->, <EN->, <EEN+>} ==> 'R@0', with #bits='7' and Unfolded is 'RRURD)' [Tue Jun 29 04:24:55 CEST 2021]
INFO: {<S->, <EENE+>, <EN->} ==> 'R@0', with #bits='7' and Unfolded is 'RRURD)' [Tue Jun 29 05:10:25 CEST 2021]
INFO: {<S->, <EEN+>, <ENE->} ==> 'R@0', with #bits='7' and Unfolded is 'RRURD)' [Tue Jun 29 05:14:10 CEST 2021]
INFO: {<S->, <EEN+>, <EN->} ==> 'R@0', with #bits='7' and Unfolded is 'RRURD)' [Tue Jun 29 05:14:10 CEST 2021]
INFO: {<S->, <EEN+>, <EEE->} ==> 'R@0', with #bits='7' and Unfolded is 'RRURD)' [Tue Jun 29 05:14:10 CEST 2021]
INFO: {<S->, <EEN+>, <EN->} ==> 'R@0', with #bits='7' and Unfolded is 'RRURD)' [Tue Jun 29 05:16:00 CEST 2021]
INFO: {<S->, <EEE->, <EEN+>} ==> 'R@0', with #bits='7' and Unfolded is 'RRURD)' [Tue Jun 29 05:31:46 CEST 2021]
INFO: {<S->, <EN->, <EEN+>} ==> 'R@0', with #bits='7' and Unfolded is 'RRURD)' [Tue Jun 29 19:47:57 CEST 2021]
INFO: {<S->, <EEN+>, <EN->} ==> 'R@0', with #bits='7' and Unfolded is 'RRURD)' [Tue Jun 29 20:01:44 CEST 2021]
INFO: {<ENESE->, <EEN+>} ==> 'R@0', with #bits='7' and Unfolded is 'RRURD)' [Wed Jun 30 03:55:40 CEST 2021]
INFO: {<ENES->, <EENE+>} ==> 'R@0', with #bits='7' and Unfolded is 'RRURD)' [Wed Jun 30 05:40:24 CEST 2021]
INFO: {<ENES->, <EEN+>} ==> 'R@0', with #bits='7' and Unfolded is 'RRURD)' [Wed Jun 30 05:40:24 CEST 2021]
INFO: {<ENES->, <EEN+>} ==> 'R@0', with #bits='7' and Unfolded is 'RRURD)' [Wed Jun 30 07:39:51 CEST 2021]
INFO: {<ENE->, <N->, <EEN+>} ==> 'R@0', with #bits='7' and Unfolded is 'RRURD)' [Wed Jun 30 09:56:57 CEST 2021]
INFO: {<ENE->, <S->, <EEN+>} ==> 'R@0', with #bits='7' and Unfolded is 'RRURD)' [Wed Jun 30 11:45:58 CEST 2021]
INFO: {<ENE->, <EENES+>} ==> 'R@0', with #bits='7' and Unfolded is 'RRURD)' [Wed Jun 30 14:21:37 CEST 2021]
INFO: {<ENE->, <EENE+>} ==> 'R@0', with #bits='7' and Unfolded is 'RRURD)' [Wed Jun 30 14:21:37 CEST 2021]
INFO: {<ENE->, <EEN+>, <N->} ==> 'R@0', with #bits='7' and Unfolded is 'RRURD)' [Wed Jun 30 14:21:37 CEST 2021]
INFO: {<ENE->, <EEN+>, <S->} ==> 'R@0', with #bits='7' and Unfolded is 'RRURD)' [Wed Jun 30 14:21:37 CEST 2021]
INFO: {<ENE->, <EEN+>, <E+>} ==> 'R@0', with #bits='7' and Unfolded is 'RRURD)' [Wed Jun 30 14:21:37 CEST 2021]
INFO: {<ENE->, <EEN+>, <W->} ==> 'R@0', with #bits='7' and Unfolded is 'RRURD)' [Wed Jun 30 14:26:09 CEST 2021]
INFO: {<ENE->, <EEN+>} ==> 'R@0', with #bits='7' and Unfolded is 'RRURD)' [Wed Jun 30 14:26:09 CEST 2021]
INFO: {<ENE->, <E+>, <EEN+>} ==> 'R@0', with #bits='7' and Unfolded is 'RRURD)' [Wed Jun 30 18:00:24 CEST 2021]
INFO: {<ENE->, <W->, <EEN+>} ==> 'R@0', with #bits='7' and Unfolded is 'RRURD)' [Wed Jun 30 22:56:24 CEST 2021]
INFO: {<ENE->, <EENE+>} ==> 'R@0', with #bits='7' and Unfolded is 'RRURD)' [Thu Jul 01 00:33:05 CEST 2021]
INFO: {<ENE->, <EEN+>} ==> 'R@0', with #bits='7' and Unfolded is 'RRURD)' [Thu Jul 01 00:33:05 CEST 2021]
INFO: {<ENE->, <EEN+>} ==> 'R@0', with #bits='7' and Unfolded is 'RRURD)' [Thu Jul 01 02:32:39 CEST 2021]
INFO: {<EN->, <NN->, <EEN+>} ==> 'R@0', with #bits='7' and Unfolded is 'RRURD)' [Thu Jul 01 05:53:18 CEST 2021]
INFO: {<EN->, <NS->, <EEN+>} ==> 'R@0', with #bits='7' and Unfolded is 'RRURD)' [Thu Jul 01 07:29:11 CEST 2021]
INFO: {<EN->, <NE->, <EEN+>} ==> 'R@0', with #bits='7' and Unfolded is 'RRURD)' [Thu Jul 01 09:05:28 CEST 2021]
INFO: {<EN->, <NW->, <EEN+>} ==> 'R@0', with #bits='7' and Unfolded is 'RRURD)' [Thu Jul 01 10:41:08 CEST 2021]
INFO: {<EN->, <N->, <EENE+>} ==> 'R@0', with #bits='7' and Unfolded is 'RRURD)' [Thu Jul 01 11:53:39 CEST 2021]
INFO: {<EN->, <N->, <EEN+>} ==> 'R@0', with #bits='7' and Unfolded is 'RRURD)' [Thu Jul 01 11:53:39 CEST 2021]
INFO: {<EN->, <N->, <EEN+>} ==> 'R@0', with #bits='7' and Unfolded is 'RRURD)' [Thu Jul 01 13:40:59 CEST 2021]
INFO: {<EN->, <SN->, <EEN+>} ==> 'R@0', with #bits='7' and Unfolded is 'RRURD)' [Thu Jul 01 15:17:29 CEST 2021]
INFO: {<EN->, <SS->, <EEN+>} ==> 'R@0', with #bits='7' and Unfolded is 'RRURD)' [Thu Jul 01 16:53:14 CEST 2021]
INFO: {<EN->, <SE->, <EEN+>} ==> 'R@0', with #bits='7' and Unfolded is 'RRURD)' [Thu Jul 01 18:29:08 CEST 2021]
INFO: {<EN->, <SW->, <EEN+>} ==> 'R@0', with #bits='7' and Unfolded is 'RRURD)' [Thu Jul 01 20:05:09 CEST 2021]
INFO: {<EN->, <S->, <EENE+>} ==> 'R@0', with #bits='7' and Unfolded is 'RRURD)' [Thu Jul 01 21:17:28 CEST 2021]
INFO: {<EN->, <S->, <EEN+>} ==> 'R@0', with #bits='7' and Unfolded is 'RRURD)' [Thu Jul 01 21:17:28 CEST 2021]
INFO: {<EN->, <S->, <EEN+>} ==> 'R@0', with #bits='7' and Unfolded is 'RRURD)' [Thu Jul 01 23:05:10 CEST 2021]
INFO: {<EN->, <EN->, <EEN+>} ==> 'R@0', with #bits='7' and Unfolded is 'RRURD)' [Fri Jul 02 02:48:54 CEST 2021]
INFO: {<EN->, <ES->, <EEN+>} ==> 'R@0', with #bits='7' and Unfolded is 'RRURD)' [Fri Jul 02 04:28:09 CEST 2021]
INFO: {<EN->, <EENESE+>} ==> 'R@0', with #bits='7' and Unfolded is 'RRURD)' [Fri Jul 02 04:58:34 CEST 2021]
INFO: {<EN->, <EENES+>} ==> 'R@0', with #bits='7' and Unfolded is 'RRURD)' [Fri Jul 02 04:58:34 CEST 2021]
INFO: {<EN->, <EENE+>, <N->} ==> 'R@0', with #bits='7' and Unfolded is 'RRURD)' [Fri Jul 02 04:58:35 CEST 2021]
INFO: {<EN->, <EENE+>, <S->} ==> 'R@0', with #bits='7' and Unfolded is 'RRURD)' [Fri Jul 02 04:58:35 CEST 2021]
INFO: {<EN->, <EENE+>, <E+>} ==> 'R@0', with #bits='7' and Unfolded is 'RRURD)' [Fri Jul 02 04:58:35 CEST 2021]
INFO: {<EN->, <EENE+>, <W->} ==> 'R@0', with #bits='7' and Unfolded is 'RRURD)' [Fri Jul 02 05:03:25 CEST 2021]
INFO: {<EN->, <EENE+>} ==> 'R@0', with #bits='7' and Unfolded is 'RRURD)' [Fri Jul 02 05:03:25 CEST 2021]
INFO: {<EN->, <EEN+>, <NN->} ==> 'R@0', with #bits='7' and Unfolded is 'RRURD)' [Fri Jul 02 05:06:07 CEST 2021]
INFO: {<EN->, <EEN+>, <NS->} ==> 'R@0', with #bits='7' and Unfolded is 'RRURD)' [Fri Jul 02 05:06:07 CEST 2021]
INFO: {<EN->, <EEN+>, <NE->} ==> 'R@0', with #bits='7' and Unfolded is 'RRURD)' [Fri Jul 02 05:06:07 CEST 2021]
INFO: {<EN->, <EEN+>, <NW->} ==> 'R@0', with #bits='7' and Unfolded is 'RRURD)' [Fri Jul 02 05:06:07 CEST 2021]
INFO: {<EN->, <EEN+>, <N->} ==> 'R@0', with #bits='7' and Unfolded is 'RRURD)' [Fri Jul 02 05:06:07 CEST 2021]
INFO: {<EN->, <EEN+>, <SN->} ==> 'R@0', with #bits='7' and Unfolded is 'RRURD)' [Fri Jul 02 05:06:07 CEST 2021]
INFO: {<EN->, <EEN+>, <SS->} ==> 'R@0', with #bits='7' and Unfolded is 'RRURD)' [Fri Jul 02 05:06:07 CEST 2021]
INFO: {<EN->, <EEN+>, <SE->} ==> 'R@0', with #bits='7' and Unfolded is 'RRURD)' [Fri Jul 02 05:06:07 CEST 2021]
INFO: {<EN->, <EEN+>, <SW->} ==> 'R@0', with #bits='7' and Unfolded is 'RRURD)' [Fri Jul 02 05:06:07 CEST 2021]
INFO: {<EN->, <EEN+>, <S->} ==> 'R@0', with #bits='7' and Unfolded is 'RRURD)' [Fri Jul 02 05:06:07 CEST 2021]
INFO: {<EN->, <EEN+>, <EN->} ==> 'R@0', with #bits='7' and Unfolded is 'RRURD)' [Fri Jul 02 05:06:07 CEST 2021]
INFO: {<EN->, <EEN+>, <ES->} ==> 'R@0', with #bits='7' and Unfolded is 'RRURD)' [Fri Jul 02 05:06:07 CEST 2021]
INFO: {<EN->, <EEN+>, <EE+>} ==> 'R@0', with #bits='7' and Unfolded is 'RRURD)' [Fri Jul 02 05:06:07 CEST 2021]
INFO: {<EN->, <EEN+>, <EW->} ==> 'R@0', with #bits='7' and Unfolded is 'RRURD)' [Fri Jul 02 05:07:33 CEST 2021]
INFO: {<EN->, <EEN+>, <E+>} ==> 'R@0', with #bits='7' and Unfolded is 'RRURD)' [Fri Jul 02 05:07:33 CEST 2021]
INFO: {<EN->, <EEN+>, <WN->} ==> 'R@0', with #bits='7' and Unfolded is 'RRURD)' [Fri Jul 02 05:12:21 CEST 2021]
INFO: {<EN->, <EEN+>, <WS->} ==> 'R@0', with #bits='7' and Unfolded is 'RRURD)' [Fri Jul 02 05:12:21 CEST 2021]
INFO: {<EN->, <EEN+>, <WE->} ==> 'R@0', with #bits='7' and Unfolded is 'RRURD)' [Fri Jul 02 05:12:21 CEST 2021]
INFO: {<EN->, <EEN+>, <WW->} ==> 'R@0', with #bits='7' and Unfolded is 'RRURD)' [Fri Jul 02 05:12:21 CEST 2021]
INFO: {<EN->, <EEN+>, <W->} ==> 'R@0', with #bits='7' and Unfolded is 'RRURD)' [Fri Jul 02 05:12:21 CEST 2021]
INFO: {<EN->, <EEN+>, <N->} ==> 'R@0', with #bits='7' and Unfolded is 'RRURD)' [Fri Jul 02 05:12:21 CEST 2021]
INFO: {<EN->, <EEN+>, <S->} ==> 'R@0', with #bits='7' and Unfolded is 'RRURD)' [Fri Jul 02 05:12:21 CEST 2021]
INFO: {<EN->, <EEN+>, <E+>} ==> 'R@0', with #bits='7' and Unfolded is 'RRURD)' [Fri Jul 02 05:12:21 CEST 2021]
INFO: {<EN->, <EEN+>, <W->} ==> 'R@0', with #bits='7' and Unfolded is 'RRURD)' [Fri Jul 02 05:17:09 CEST 2021]
INFO: {<EN->, <EEN+>} ==> 'R@0', with #bits='7' and Unfolded is 'RRURD)' [Fri Jul 02 05:17:09 CEST 2021]
INFO: {<EN->, <EE+>, <EEN+>} ==> 'R@0', with #bits='7' and Unfolded is 'RRURD)' [Fri Jul 02 06:26:11 CEST 2021]
INFO: {<EN->, <EW->, <EEN+>} ==> 'R@0', with #bits='7' and Unfolded is 'RRURD)' [Fri Jul 02 08:17:56 CEST 2021]
INFO: {<EN->, <E+>, <EENE+>} ==> 'R@0', with #bits='7' and Unfolded is 'RRURD)' [Fri Jul 02 23:26:08 CEST 2021]
INFO: {<EN->, <E+>, <EEN+>} ==> 'R@0', with #bits='7' and Unfolded is 'RRURD)' [Fri Jul 02 23:33:01 CEST 2021]
INFO: {<EN->, <E+>, <EEN+>} ==> 'R@0', with #bits='7' and Unfolded is 'RRURD)' [Sat Jul 03 12:14:44 CEST 2021]
INFO: {<EN->, <WN->, <EEN+>} ==> 'R@0', with #bits='7' and Unfolded is 'RRURD)' [Sat Jul 03 16:33:28 CEST 2021]
INFO: {<EN->, <WS->, <EEN+>} ==> 'R@0', with #bits='7' and Unfolded is 'RRURD)' [Sat Jul 03 18:03:30 CEST 2021]
INFO: {<EN->, <WE->, <EEN+>} ==> 'R@0', with #bits='7' and Unfolded is 'RRURD)' [Sat Jul 03 19:33:33 CEST 2021]
INFO: {<EN->, <WW->, <EEN+>} ==> 'R@0', with #bits='7' and Unfolded is 'RRURD)' [Sat Jul 03 21:03:46 CEST 2021]
INFO: {<EN->, <W->, <EENE+>} ==> 'R@0', with #bits='7' and Unfolded is 'RRURD)' [Sat Jul 03 22:08:33 CEST 2021]
INFO: {<EN->, <W->, <EEN+>} ==> 'R@0', with #bits='7' and Unfolded is 'RRURD)' [Sat Jul 03 22:08:33 CEST 2021]
INFO: {<EN->, <W->, <EEN+>} ==> 'R@0', with #bits='7' and Unfolded is 'RRURD)' [Sat Jul 03 23:51:48 CEST 2021]
INFO: {<EN->, <N->, <EEN+>} ==> 'R@0', with #bits='7' and Unfolded is 'RRURD)' [Sun Jul 04 01:24:55 CEST 2021]
INFO: {<EN->, <S->, <EEN+>} ==> 'R@0', with #bits='7' and Unfolded is 'RRURD)' [Sun Jul 04 02:57:07 CEST 2021]
INFO: {<EN->, <EENES+>} ==> 'R@0', with #bits='7' and Unfolded is 'RRURD)' [Sun Jul 04 04:17:58 CEST 2021]
INFO: {<EN->, <EENE+>} ==> 'R@0', with #bits='7' and Unfolded is 'RRURD)' [Sun Jul 04 04:17:58 CEST 2021]
INFO: {<EN->, <EEN+>, <N->} ==> 'R@0', with #bits='7' and Unfolded is 'RRURD)' [Sun Jul 04 04:17:58 CEST 2021]
INFO: {<EN->, <EEN+>, <S->} ==> 'R@0', with #bits='7' and Unfolded is 'RRURD)' [Sun Jul 04 04:17:58 CEST 2021]
INFO: {<EN->, <EEN+>, <E+>} ==> 'R@0', with #bits='7' and Unfolded is 'RRURD)' [Sun Jul 04 04:17:58 CEST 2021]
INFO: {<EN->, <EEN+>, <W->} ==> 'R@0', with #bits='7' and Unfolded is 'RRURD)' [Sun Jul 04 04:22:21 CEST 2021]
INFO: {<EN->, <EEN+>} ==> 'R@0', with #bits='7' and Unfolded is 'RRURD)' [Sun Jul 04 04:22:21 CEST 2021]
INFO: {<EN->, <E+>, <EEN+>} ==> 'R@0', with #bits='7' and Unfolded is 'RRURD)' [Sun Jul 04 07:41:30 CEST 2021]
INFO: {<EN->, <W->, <EEN+>} ==> 'R@0', with #bits='7' and Unfolded is 'RRURD)' [Sun Jul 04 12:00:50 CEST 2021]
INFO: {<EN->, <EENE+>} ==> 'R@0', with #bits='7' and Unfolded is 'RRURD)' [Sun Jul 04 13:05:34 CEST 2021]
INFO: {<EN->, <EEN+>} ==> 'R@0', with #bits='7' and Unfolded is 'RRURD)' [Sun Jul 04 13:05:34 CEST 2021]
INFO: {<EN->, <EEN+>} ==> 'R@0', with #bits='7' and Unfolded is 'RRURD)' [Sun Jul 04 14:44:50 CEST 2021]
INFO: {<ES->, <EN->, <EEN+>} ==> 'R@0', with #bits='7' and Unfolded is 'RRURD)' [Sun Jul 04 23:18:36 CEST 2021]
INFO: {<ES->, <EEN+>, <EN->} ==> 'R@0', with #bits='7' and Unfolded is 'RRURD)' [Sun Jul 04 23:33:09 CEST 2021]
INFO: {<EENESE+>, <EN->} ==> 'R@0', with #bits='7' and Unfolded is 'RRURD)' [Mon Jul 05 04:07:09 CEST 2021]
INFO: {<EENES+>, <ENE->} ==> 'R@0', with #bits='7' and Unfolded is 'RRURD)' [Mon Jul 05 04:10:59 CEST 2021]
INFO: {<EENES+>, <EN->} ==> 'R@0', with #bits='7' and Unfolded is 'RRURD)' [Mon Jul 05 04:10:59 CEST 2021]
INFO: {<EENES+>, <EEE->} ==> 'R@0', with #bits='7' and Unfolded is 'RRURD)' [Mon Jul 05 04:11:39 CEST 2021]
INFO: {<EENES+>, <EN->} ==> 'R@0', with #bits='7' and Unfolded is 'RRURD)' [Mon Jul 05 04:16:49 CEST 2021]
INFO: {<EENE+>, <N->, <EN->} ==> 'R@0', with #bits='7' and Unfolded is 'RRURD)' [Mon Jul 05 04:23:58 CEST 2021]
INFO: {<EENE+>, <S->, <EN->} ==> 'R@0', with #bits='7' and Unfolded is 'RRURD)' [Mon Jul 05 04:29:29 CEST 2021]
INFO: {<EENE+>, <ENES->} ==> 'R@0', with #bits='7' and Unfolded is 'RRURD)' [Mon Jul 05 04:31:26 CEST 2021]
INFO: {<EENE+>, <ENE->} ==> 'R@0', with #bits='7' and Unfolded is 'RRURD)' [Mon Jul 05 04:31:26 CEST 2021]
INFO: {<EENE+>, <EN->, <N->} ==> 'R@0', with #bits='7' and Unfolded is 'RRURD)' [Mon Jul 05 04:31:26 CEST 2021]
INFO: {<EENE+>, <EN->, <S->} ==> 'R@0', with #bits='7' and Unfolded is 'RRURD)' [Mon Jul 05 04:31:26 CEST 2021]
INFO: {<EENE+>, <EN->, <E+>} ==> 'R@0', with #bits='7' and Unfolded is 'RRURD)' [Mon Jul 05 04:31:26 CEST 2021]
INFO: {<EENE+>, <EN->, <W->} ==> 'R@0', with #bits='7' and Unfolded is 'RRURD)' [Mon Jul 05 04:35:48 CEST 2021]
INFO: {<EENE+>, <EN->} ==> 'R@0', with #bits='7' and Unfolded is 'RRURD)' [Mon Jul 05 04:35:48 CEST 2021]
INFO: {<EENE+>, <EEEN->} ==> 'R@0', with #bits='7' and Unfolded is 'RRURD)' [Mon Jul 05 04:37:12 CEST 2021]
INFO: {<EENE+>, <EEEE->} ==> 'R@0', with #bits='7' and Unfolded is 'RRURD)' [Mon Jul 05 04:37:12 CEST 2021]
INFO: {<EENE+>, <EEE->} ==> 'R@0', with #bits='7' and Unfolded is 'RRURD)' [Mon Jul 05 04:37:12 CEST 2021]
INFO: {<EENE+>, <E+>, <EN->} ==> 'R@0', with #bits='7' and Unfolded is 'RRURD)' [Mon Jul 05 04:51:17 CEST 2021]
INFO: {<EENE+>, <W->, <EN->} ==> 'R@0', with #bits='7' and Unfolded is 'RRURD)' [Mon Jul 05 05:12:55 CEST 2021]
INFO: {<EENE+>, <ENE->} ==> 'R@0', with #bits='7' and Unfolded is 'RRURD)' [Mon Jul 05 05:16:38 CEST 2021]
INFO: {<EENE+>, <EN->} ==> 'R@0', with #bits='7' and Unfolded is 'RRURD)' [Mon Jul 05 05:16:38 CEST 2021]
INFO: {<EENE+>, <EEE->} ==> 'R@0', with #bits='7' and Unfolded is 'RRURD)' [Mon Jul 05 05:17:19 CEST 2021]
INFO: {<EENE+>, <EN->} ==> 'R@0', with #bits='7' and Unfolded is 'RRURD)' [Mon Jul 05 05:22:35 CEST 2021]
INFO: {<EEN+>, <NN->, <EN->} ==> 'R@0', with #bits='7' and Unfolded is 'RRURD)' [Mon Jul 05 05:40:24 CEST 2021]
INFO: {<EEN+>, <NS->, <EN->} ==> 'R@0', with #bits='7' and Unfolded is 'RRURD)' [Mon Jul 05 05:45:29 CEST 2021]
INFO: {<EEN+>, <NE->, <EN->} ==> 'R@0', with #bits='7' and Unfolded is 'RRURD)' [Mon Jul 05 05:50:33 CEST 2021]
INFO: {<EEN+>, <NW->, <EN->} ==> 'R@0', with #bits='7' and Unfolded is 'RRURD)' [Mon Jul 05 05:55:26 CEST 2021]
INFO: {<EEN+>, <N->, <ENE->} ==> 'R@0', with #bits='7' and Unfolded is 'RRURD)' [Mon Jul 05 05:59:42 CEST 2021]
INFO: {<EEN+>, <N->, <EN->} ==> 'R@0', with #bits='7' and Unfolded is 'RRURD)' [Mon Jul 05 05:59:42 CEST 2021]
INFO: {<EEN+>, <N->, <EEE->} ==> 'R@0', with #bits='7' and Unfolded is 'RRURD)' [Mon Jul 05 05:59:42 CEST 2021]
INFO: {<EEN+>, <N->, <EN->} ==> 'R@0', with #bits='7' and Unfolded is 'RRURD)' [Mon Jul 05 06:05:28 CEST 2021]
INFO: {<EEN+>, <SN->, <EN->} ==> 'R@0', with #bits='7' and Unfolded is 'RRURD)' [Mon Jul 05 06:10:22 CEST 2021]
INFO: {<EEN+>, <SS->, <EN->} ==> 'R@0', with #bits='7' and Unfolded is 'RRURD)' [Mon Jul 05 06:15:23 CEST 2021]
INFO: {<EEN+>, <SE->, <EN->} ==> 'R@0', with #bits='7' and Unfolded is 'RRURD)' [Mon Jul 05 06:20:24 CEST 2021]
INFO: {<EEN+>, <SW->, <EN->} ==> 'R@0', with #bits='7' and Unfolded is 'RRURD)' [Mon Jul 05 06:25:25 CEST 2021]
INFO: {<EEN+>, <S->, <ENE->} ==> 'R@0', with #bits='7' and Unfolded is 'RRURD)' [Mon Jul 05 06:29:45 CEST 2021]
INFO: {<EEN+>, <S->, <EN->} ==> 'R@0', with #bits='7' and Unfolded is 'RRURD)' [Mon Jul 05 06:29:45 CEST 2021]
INFO: {<EEN+>, <S->, <EEE->} ==> 'R@0', with #bits='7' and Unfolded is 'RRURD)' [Mon Jul 05 06:29:45 CEST 2021]
INFO: {<EEN+>, <S->, <EN->} ==> 'R@0', with #bits='7' and Unfolded is 'RRURD)' [Mon Jul 05 06:35:30 CEST 2021]
INFO: {<EEN+>, <ENESE->} ==> 'R@0', with #bits='7' and Unfolded is 'RRURD)' [Mon Jul 05 06:38:54 CEST 2021]
INFO: {<EEN+>, <ENES->} ==> 'R@0', with #bits='7' and Unfolded is 'RRURD)' [Mon Jul 05 06:38:54 CEST 2021]
INFO: {<EEN+>, <ENE->, <N->} ==> 'R@0', with #bits='7' and Unfolded is 'RRURD)' [Mon Jul 05 06:38:54 CEST 2021]
INFO: {<EEN+>, <ENE->, <S->} ==> 'R@0', with #bits='7' and Unfolded is 'RRURD)' [Mon Jul 05 06:38:54 CEST 2021]
INFO: {<EEN+>, <ENE->, <E+>} ==> 'R@0', with #bits='7' and Unfolded is 'RRURD)' [Mon Jul 05 06:38:54 CEST 2021]
INFO: {<EEN+>, <ENE->, <W->} ==> 'R@0', with #bits='7' and Unfolded is 'RRURD)' [Mon Jul 05 06:43:10 CEST 2021]
INFO: {<EEN+>, <ENE->} ==> 'R@0', with #bits='7' and Unfolded is 'RRURD)' [Mon Jul 05 06:43:10 CEST 2021]
INFO: {<EEN+>, <EN->, <NN->} ==> 'R@0', with #bits='7' and Unfolded is 'RRURD)' [Mon Jul 05 06:43:50 CEST 2021]
INFO: {<EEN+>, <EN->, <NS->} ==> 'R@0', with #bits='7' and Unfolded is 'RRURD)' [Mon Jul 05 06:43:50 CEST 2021]
INFO: {<EEN+>, <EN->, <NE->} ==> 'R@0', with #bits='7' and Unfolded is 'RRURD)' [Mon Jul 05 06:43:50 CEST 2021]
INFO: {<EEN+>, <EN->, <NW->} ==> 'R@0', with #bits='7' and Unfolded is 'RRURD)' [Mon Jul 05 06:43:50 CEST 2021]
INFO: {<EEN+>, <EN->, <N->} ==> 'R@0', with #bits='7' and Unfolded is 'RRURD)' [Mon Jul 05 06:43:50 CEST 2021]
INFO: {<EEN+>, <EN->, <SN->} ==> 'R@0', with #bits='7' and Unfolded is 'RRURD)' [Mon Jul 05 06:43:50 CEST 2021]
INFO: {<EEN+>, <EN->, <SS->} ==> 'R@0', with #bits='7' and Unfolded is 'RRURD)' [Mon Jul 05 06:43:50 CEST 2021]
INFO: {<EEN+>, <EN->, <SE->} ==> 'R@0', with #bits='7' and Unfolded is 'RRURD)' [Mon Jul 05 06:43:50 CEST 2021]
INFO: {<EEN+>, <EN->, <SW->} ==> 'R@0', with #bits='7' and Unfolded is 'RRURD)' [Mon Jul 05 06:43:50 CEST 2021]
INFO: {<EEN+>, <EN->, <S->} ==> 'R@0', with #bits='7' and Unfolded is 'RRURD)' [Mon Jul 05 06:43:50 CEST 2021]
INFO: {<EEN+>, <EN->, <EN->} ==> 'R@0', with #bits='7' and Unfolded is 'RRURD)' [Mon Jul 05 06:43:50 CEST 2021]
INFO: {<EEN+>, <EN->, <ES->} ==> 'R@0', with #bits='7' and Unfolded is 'RRURD)' [Mon Jul 05 06:43:50 CEST 2021]
INFO: {<EEN+>, <EN->, <EE+>} ==> 'R@0', with #bits='7' and Unfolded is 'RRURD)' [Mon Jul 05 06:43:50 CEST 2021]
INFO: {<EEN+>, <EN->, <EW->} ==> 'R@0', with #bits='7' and Unfolded is 'RRURD)' [Mon Jul 05 06:45:05 CEST 2021]
INFO: {<EEN+>, <EN->, <E+>} ==> 'R@0', with #bits='7' and Unfolded is 'RRURD)' [Mon Jul 05 06:45:05 CEST 2021]
INFO: {<EEN+>, <EN->, <WN->} ==> 'R@0', with #bits='7' and Unfolded is 'RRURD)' [Mon Jul 05 06:49:26 CEST 2021]
INFO: {<EEN+>, <EN->, <WS->} ==> 'R@0', with #bits='7' and Unfolded is 'RRURD)' [Mon Jul 05 06:49:26 CEST 2021]
INFO: {<EEN+>, <EN->, <WE->} ==> 'R@0', with #bits='7' and Unfolded is 'RRURD)' [Mon Jul 05 06:49:26 CEST 2021]
INFO: {<EEN+>, <EN->, <WW->} ==> 'R@0', with #bits='7' and Unfolded is 'RRURD)' [Mon Jul 05 06:49:26 CEST 2021]
INFO: {<EEN+>, <EN->, <W->} ==> 'R@0', with #bits='7' and Unfolded is 'RRURD)' [Mon Jul 05 06:49:26 CEST 2021]
INFO: {<EEN+>, <EN->, <N->} ==> 'R@0', with #bits='7' and Unfolded is 'RRURD)' [Mon Jul 05 06:49:26 CEST 2021]
INFO: {<EEN+>, <EN->, <S->} ==> 'R@0', with #bits='7' and Unfolded is 'RRURD)' [Mon Jul 05 06:49:26 CEST 2021]
INFO: {<EEN+>, <EN->, <E+>} ==> 'R@0', with #bits='7' and Unfolded is 'RRURD)' [Mon Jul 05 06:49:26 CEST 2021]
INFO: {<EEN+>, <EN->, <W->} ==> 'R@0', with #bits='7' and Unfolded is 'RRURD)' [Mon Jul 05 06:53:48 CEST 2021]
INFO: {<EEN+>, <EN->} ==> 'R@0', with #bits='7' and Unfolded is 'RRURD)' [Mon Jul 05 06:53:48 CEST 2021]
INFO: {<EEN+>, <ES->, <EN->} ==> 'R@0', with #bits='7' and Unfolded is 'RRURD)' [Mon Jul 05 06:56:32 CEST 2021]
INFO: {<EEN+>, <EEENE->} ==> 'R@0', with #bits='7' and Unfolded is 'RRURD)' [Mon Jul 05 07:01:23 CEST 2021]
INFO: {<EEN+>, <EEEN->} ==> 'R@0', with #bits='7' and Unfolded is 'RRURD)' [Mon Jul 05 07:01:23 CEST 2021]
INFO: {<EEN+>, <EEEEN->} ==> 'R@0', with #bits='7' and Unfolded is 'RRURD)' [Mon Jul 05 07:01:23 CEST 2021]
INFO: {<EEN+>, <EEEEE->} ==> 'R@0', with #bits='7' and Unfolded is 'RRURD)' [Mon Jul 05 07:01:23 CEST 2021]
INFO: {<EEN+>, <EEEE->} ==> 'R@0', with #bits='7' and Unfolded is 'RRURD)' [Mon Jul 05 07:01:23 CEST 2021]
INFO: {<EEN+>, <EEE->, <N->} ==> 'R@0', with #bits='7' and Unfolded is 'RRURD)' [Mon Jul 05 07:01:23 CEST 2021]
INFO: {<EEN+>, <EEE->, <S->} ==> 'R@0', with #bits='7' and Unfolded is 'RRURD)' [Mon Jul 05 07:01:23 CEST 2021]
INFO: {<EEN+>, <EEE->, <E+>} ==> 'R@0', with #bits='7' and Unfolded is 'RRURD)' [Mon Jul 05 07:01:23 CEST 2021]
INFO: {<EEN+>, <EEE->, <W->} ==> 'R@0', with #bits='7' and Unfolded is 'RRURD)' [Mon Jul 05 07:03:59 CEST 2021]
INFO: {<EEN+>, <EEE->} ==> 'R@0', with #bits='7' and Unfolded is 'RRURD)' [Mon Jul 05 07:03:59 CEST 2021]
INFO: {<EEN+>, <EE+>, <EN->} ==> 'R@0', with #bits='7' and Unfolded is 'RRURD)' [Mon Jul 05 07:11:25 CEST 2021]
INFO: {<EEN+>, <EW->, <EN->} ==> 'R@0', with #bits='7' and Unfolded is 'RRURD)' [Mon Jul 05 07:32:21 CEST 2021]
INFO: {<EEN+>, <E+>, <ENE->} ==> 'R@0', with #bits='7' and Unfolded is 'RRURD)' [Mon Jul 05 08:10:49 CEST 2021]
INFO: {<EEN+>, <E+>, <EN->} ==> 'R@0', with #bits='7' and Unfolded is 'RRURD)' [Mon Jul 05 08:15:50 CEST 2021]
INFO: {<EEN+>, <E+>, <EEE->} ==> 'R@0', with #bits='7' and Unfolded is 'RRURD)' [Mon Jul 05 08:24:58 CEST 2021]
