INFO: Concepts to identify:  [Tue Jul 20 12:36:46 CEST 2021]
INFO: | p_c = R)URD) | [Tue Jul 20 12:36:47 CEST 2021]
INFO: . [Tue Jul 20 12:36:47 CEST 2021]
INFO: Library provided:  [Tue Jul 20 12:36:47 CEST 2021]
INFO: | p_a = RURD) | [Tue Jul 20 12:36:47 CEST 2021]
INFO: | p_b = RRURD) | [Tue Jul 20 12:36:47 CEST 2021]
INFO: . [Tue Jul 20 12:36:47 CEST 2021]
INFO: We instantiate the teacher. [Tue Jul 20 12:36:47 CEST 2021]
INFO: We instantiate the learner. [Tue Jul 20 12:37:04 CEST 2021]
INFO: | @0 = RURD) | [Tue Jul 20 12:37:04 CEST 2021]
INFO: | @1 = RRURD) | [Tue Jul 20 12:37:04 CEST 2021]
INFO: Concepts identified by the learner: [Tue Jul 20 12:37:05 CEST 2021]
INFO: {<ENESEEE+>} ==> 'R)URD)', with #bits='18' and Unfolded is 'R)URD)' [Tue Jul 20 20:57:35 CEST 2021]
INFO: {<EENESEN+>} ==> 'R)URD)', with #bits='18' and Unfolded is 'R)URD)' [Tue Jul 20 23:39:11 CEST 2021]
INFO: {<ENESEEEN+>} ==> 'R)URD)', with #bits='18' and Unfolded is 'R)URD)' [Thu Jul 22 13:30:38 CEST 2021]
INFO: {<ENESEEEE+>} ==> 'R)URD)', with #bits='18' and Unfolded is 'R)URD)' [Thu Jul 22 13:30:38 CEST 2021]
INFO: {<ENESEEE+>} ==> 'R)URD)', with #bits='18' and Unfolded is 'R)URD)' [Thu Jul 22 13:30:38 CEST 2021]
INFO: {<EENESENE+>} ==> 'R)URD)', with #bits='18' and Unfolded is 'R)URD)' [Fri Jul 23 04:49:55 CEST 2021]
INFO: {<EENESEN+>} ==> 'R)URD)', with #bits='18' and Unfolded is 'R)URD)' [Fri Jul 23 04:49:55 CEST 2021]
INFO: {<EENESEEE+>} ==> 'R)URD)', with #bits='18' and Unfolded is 'R)URD)' [Fri Jul 23 04:49:56 CEST 2021]
INFO: {<EEENESEN+>} ==> 'R)URD)', with #bits='18' and Unfolded is 'R)URD)' [Fri Jul 23 06:12:17 CEST 2021]
INFO: {<ENESEEE+>} ==> 'R)URD)', with #bits='18' and Unfolded is 'R)URD)' [Sun Jul 25 03:19:52 CEST 2021]
INFO: {<EENESEN+>} ==> 'R)URD)', with #bits='18' and Unfolded is 'R)URD)' [Sun Jul 25 06:01:40 CEST 2021]
INFO: {<N->, <ENESEEE+>} ==> 'R)URD)', with #bits='18' and Unfolded is 'R)URD)' [Wed Jul 28 03:52:34 CEST 2021]
INFO: {<N->, <EENESEN+>} ==> 'R)URD)', with #bits='18' and Unfolded is 'R)URD)' [Wed Jul 28 05:07:48 CEST 2021]
INFO: {<S->, <ENESEEE+>} ==> 'R)URD)', with #bits='18' and Unfolded is 'R)URD)' [Sat Jul 31 07:09:09 CEST 2021]
INFO: {<S->, <EENESEN+>} ==> 'R)URD)', with #bits='18' and Unfolded is 'R)URD)' [Sat Jul 31 08:24:33 CEST 2021]
INFO: {<ENESEEENE+>} ==> 'R)URD)', with #bits='18' and Unfolded is 'R)URD)' [Sun Aug 01 02:32:35 CEST 2021]
INFO: {<ENESEEEN+>} ==> 'R)URD)', with #bits='18' and Unfolded is 'R)URD)' [Sun Aug 01 02:32:35 CEST 2021]
INFO: {<ENESEEEEN+>} ==> 'R)URD)', with #bits='18' and Unfolded is 'R)URD)' [Sun Aug 01 02:32:36 CEST 2021]
INFO: {<ENESEEEEE+>} ==> 'R)URD)', with #bits='18' and Unfolded is 'R)URD)' [Sun Aug 01 02:32:36 CEST 2021]
INFO: {<ENESEEEE+>} ==> 'R)URD)', with #bits='18' and Unfolded is 'R)URD)' [Sun Aug 01 02:32:36 CEST 2021]
INFO: {<ENESEEE+>, <N->} ==> 'R)URD)', with #bits='18' and Unfolded is 'R)URD)' [Sun Aug 01 02:32:37 CEST 2021]
INFO: {<ENESEEE+>, <S->} ==> 'R)URD)', with #bits='18' and Unfolded is 'R)URD)' [Sun Aug 01 02:32:37 CEST 2021]
INFO: {<ENESEEE+>, <E+>} ==> 'R)URD)', with #bits='18' and Unfolded is 'R)URD)' [Sun Aug 01 02:32:37 CEST 2021]
INFO: {<ENESEEE+>, <W->} ==> 'R)URD)', with #bits='18' and Unfolded is 'R)URD)' [Sun Aug 01 02:32:37 CEST 2021]
INFO: {<ENESEEE+>} ==> 'R)URD)', with #bits='18' and Unfolded is 'R)URD)' [Sun Aug 01 02:32:37 CEST 2021]
INFO: {<EENESENES+>} ==> 'R)URD)', with #bits='18' and Unfolded is 'R)URD)' [Wed Aug 04 14:52:31 CEST 2021]
INFO: {<EENESENE+>} ==> 'R)URD)', with #bits='18' and Unfolded is 'R)URD)' [Wed Aug 04 14:52:31 CEST 2021]
INFO: {<EENESEN+>, <N->} ==> 'R)URD)', with #bits='18' and Unfolded is 'R)URD)' [Wed Aug 04 14:52:32 CEST 2021]
INFO: {<EENESEN+>, <S->} ==> 'R)URD)', with #bits='18' and Unfolded is 'R)URD)' [Wed Aug 04 14:52:32 CEST 2021]
INFO: {<EENESEN+>, <E+>} ==> 'R)URD)', with #bits='18' and Unfolded is 'R)URD)' [Wed Aug 04 14:52:32 CEST 2021]
INFO: {<EENESEN+>, <W->} ==> 'R)URD)', with #bits='18' and Unfolded is 'R)URD)' [Wed Aug 04 14:52:32 CEST 2021]
INFO: {<EENESEN+>} ==> 'R)URD)', with #bits='18' and Unfolded is 'R)URD)' [Wed Aug 04 14:52:32 CEST 2021]
INFO: {<EENESEEEN+>} ==> 'R)URD)', with #bits='18' and Unfolded is 'R)URD)' [Wed Aug 04 14:52:35 CEST 2021]
INFO: {<EENESEEEE+>} ==> 'R)URD)', with #bits='18' and Unfolded is 'R)URD)' [Wed Aug 04 14:52:35 CEST 2021]
INFO: {<EENESEEE+>} ==> 'R)URD)', with #bits='18' and Unfolded is 'R)URD)' [Wed Aug 04 14:52:36 CEST 2021]
INFO: {<EEENESENE+>} ==> 'R)URD)', with #bits='18' and Unfolded is 'R)URD)' [Wed Aug 04 22:34:25 CEST 2021]
INFO: {<EEENESEN+>} ==> 'R)URD)', with #bits='18' and Unfolded is 'R)URD)' [Wed Aug 04 22:34:25 CEST 2021]
INFO: {<EEENESEEN+>} ==> 'R)URD)', with #bits='18' and Unfolded is 'R)URD)' [Wed Aug 04 22:34:25 CEST 2021]
INFO: {<EEEENESEN+>} ==> 'R)URD)', with #bits='18' and Unfolded is 'R)URD)' [Wed Aug 04 22:57:25 CEST 2021]
INFO: {<E+>, <ENESEEE+>} ==> 'R)URD)', with #bits='18' and Unfolded is 'R)URD)' [Sat Aug 07 15:54:25 CEST 2021]
INFO: {<E+>, <EENESEN+>} ==> 'R)URD)', with #bits='18' and Unfolded is 'R)URD)' [Sun Aug 08 15:08:35 CEST 2021]
INFO: {<W->, <ENESEEE+>} ==> 'R)URD)', with #bits='18' and Unfolded is 'R)URD)' [Fri Aug 13 02:55:03 CEST 2021]
INFO: {<W->, <EENESEN+>} ==> 'R)URD)', with #bits='18' and Unfolded is 'R)URD)' [Fri Aug 13 04:10:25 CEST 2021]
