INFO: Concepts to identify:  [Tue Jul 20 12:37:11 CEST 2021]
INFO: | p_b = RRURD) | [Tue Jul 20 12:37:11 CEST 2021]
INFO: . [Tue Jul 20 12:37:11 CEST 2021]
INFO: Library provided:  [Tue Jul 20 12:37:11 CEST 2021]
INFO: | p_a = RURD) | [Tue Jul 20 12:37:11 CEST 2021]
INFO: | p_c = R)URD) | [Tue Jul 20 12:37:11 CEST 2021]
INFO: . [Tue Jul 20 12:37:11 CEST 2021]
INFO: We instantiate the teacher. [Tue Jul 20 12:37:11 CEST 2021]
INFO: We instantiate the learner. [Tue Jul 20 12:37:25 CEST 2021]
INFO: | @0 = RURD) | [Tue Jul 20 12:37:25 CEST 2021]
INFO: | @1 = R)URD) | [Tue Jul 20 12:37:25 CEST 2021]
INFO: Concepts identified by the learner: [Tue Jul 20 12:37:26 CEST 2021]
INFO: {<EN->, <EEN+>} ==> 'R@0', with #bits='7' and Unfolded is 'RRURD)' [Tue Jul 20 14:26:50 CEST 2021]
INFO: {<EEN+>, <EN->} ==> 'R@0', with #bits='7' and Unfolded is 'RRURD)' [Tue Jul 20 14:50:34 CEST 2021]
INFO: {<ENE->, <EEN+>} ==> 'R@0', with #bits='7' and Unfolded is 'RRURD)' [Tue Jul 20 22:17:48 CEST 2021]
INFO: {<EN->, <EENE+>} ==> 'R@0', with #bits='7' and Unfolded is 'RRURD)' [Tue Jul 20 23:22:20 CEST 2021]
INFO: {<EN->, <EEN+>} ==> 'R@0', with #bits='7' and Unfolded is 'RRURD)' [Tue Jul 20 23:22:20 CEST 2021]
INFO: {<EN->, <EEN+>} ==> 'R@0', with #bits='7' and Unfolded is 'RRURD)' [Wed Jul 21 00:58:42 CEST 2021]
INFO: {<EENE+>, <EN->} ==> 'R@0', with #bits='7' and Unfolded is 'RRURD)' [Wed Jul 21 01:38:38 CEST 2021]
INFO: {<EEN+>, <ENE->} ==> 'R@0', with #bits='7' and Unfolded is 'RRURD)' [Wed Jul 21 01:41:58 CEST 2021]
INFO: {<EEN+>, <EN->} ==> 'R@0', with #bits='7' and Unfolded is 'RRURD)' [Wed Jul 21 01:41:58 CEST 2021]
INFO: {<EEN+>, <EEE->} ==> 'R@0', with #bits='7' and Unfolded is 'RRURD)' [Wed Jul 21 01:41:58 CEST 2021]
INFO: {<EEN+>, <EN->} ==> 'R@0', with #bits='7' and Unfolded is 'RRURD)' [Wed Jul 21 01:47:08 CEST 2021]
INFO: {<EEE->, <EEN+>} ==> 'R@0', with #bits='7' and Unfolded is 'RRURD)' [Wed Jul 21 01:56:47 CEST 2021]
INFO: {<EN->, <EEN+>} ==> 'R@0', with #bits='7' and Unfolded is 'RRURD)' [Wed Jul 21 11:41:15 CEST 2021]
INFO: {<EEN+>, <EN->} ==> 'R@0', with #bits='7' and Unfolded is 'RRURD)' [Wed Jul 21 12:04:58 CEST 2021]
INFO: {<N->, <EN->, <EEN+>} ==> 'R@0', with #bits='7' and Unfolded is 'RRURD)' [Thu Jul 22 01:28:25 CEST 2021]
INFO: {<N->, <EEN+>, <EN->} ==> 'R@0', with #bits='7' and Unfolded is 'RRURD)' [Thu Jul 22 01:40:56 CEST 2021]
INFO: {<S->, <EN->, <EEN+>} ==> 'R@0', with #bits='7' and Unfolded is 'RRURD)' [Thu Jul 22 16:03:21 CEST 2021]
INFO: {<S->, <EEN+>, <EN->} ==> 'R@0', with #bits='7' and Unfolded is 'RRURD)' [Thu Jul 22 16:15:50 CEST 2021]
INFO: {<ENES->, <EEN+>} ==> 'R@0', with #bits='7' and Unfolded is 'RRURD)' [Thu Jul 22 20:16:39 CEST 2021]
INFO: {<ENE->, <EENE+>} ==> 'R@0', with #bits='7' and Unfolded is 'RRURD)' [Thu Jul 22 21:44:20 CEST 2021]
INFO: {<ENE->, <EEN+>} ==> 'R@0', with #bits='7' and Unfolded is 'RRURD)' [Thu Jul 22 21:44:20 CEST 2021]
INFO: {<ENE->, <EEN+>} ==> 'R@0', with #bits='7' and Unfolded is 'RRURD)' [Thu Jul 22 23:33:09 CEST 2021]
INFO: {<EN->, <N->, <EEN+>} ==> 'R@0', with #bits='7' and Unfolded is 'RRURD)' [Fri Jul 23 01:16:38 CEST 2021]
INFO: {<EN->, <S->, <EEN+>} ==> 'R@0', with #bits='7' and Unfolded is 'RRURD)' [Fri Jul 23 02:46:01 CEST 2021]
INFO: {<EN->, <EENES+>} ==> 'R@0', with #bits='7' and Unfolded is 'RRURD)' [Fri Jul 23 04:04:57 CEST 2021]
INFO: {<EN->, <EENE+>} ==> 'R@0', with #bits='7' and Unfolded is 'RRURD)' [Fri Jul 23 04:04:57 CEST 2021]
INFO: {<EN->, <EEN+>, <N->} ==> 'R@0', with #bits='7' and Unfolded is 'RRURD)' [Fri Jul 23 04:04:57 CEST 2021]
INFO: {<EN->, <EEN+>, <S->} ==> 'R@0', with #bits='7' and Unfolded is 'RRURD)' [Fri Jul 23 04:04:57 CEST 2021]
INFO: {<EN->, <EEN+>, <E+>} ==> 'R@0', with #bits='7' and Unfolded is 'RRURD)' [Fri Jul 23 04:04:57 CEST 2021]
INFO: {<EN->, <EEN+>, <W->} ==> 'R@0', with #bits='7' and Unfolded is 'RRURD)' [Fri Jul 23 04:09:12 CEST 2021]
INFO: {<EN->, <EEN+>} ==> 'R@0', with #bits='7' and Unfolded is 'RRURD)' [Fri Jul 23 04:09:12 CEST 2021]
INFO: {<EN->, <E+>, <EEN+>} ==> 'R@0', with #bits='7' and Unfolded is 'RRURD)' [Fri Jul 23 07:22:51 CEST 2021]
INFO: {<EN->, <W->, <EEN+>} ==> 'R@0', with #bits='7' and Unfolded is 'RRURD)' [Fri Jul 23 11:35:02 CEST 2021]
INFO: {<EN->, <EENE+>} ==> 'R@0', with #bits='7' and Unfolded is 'RRURD)' [Fri Jul 23 12:38:18 CEST 2021]
INFO: {<EN->, <EEN+>} ==> 'R@0', with #bits='7' and Unfolded is 'RRURD)' [Fri Jul 23 12:38:18 CEST 2021]
INFO: {<EN->, <EEN+>} ==> 'R@0', with #bits='7' and Unfolded is 'RRURD)' [Fri Jul 23 14:14:36 CEST 2021]
INFO: {<EENES+>, <EN->} ==> 'R@0', with #bits='7' and Unfolded is 'RRURD)' [Fri Jul 23 16:39:27 CEST 2021]
INFO: {<EENE+>, <ENE->} ==> 'R@0', with #bits='7' and Unfolded is 'RRURD)' [Fri Jul 23 16:42:54 CEST 2021]
INFO: {<EENE+>, <EN->} ==> 'R@0', with #bits='7' and Unfolded is 'RRURD)' [Fri Jul 23 16:42:54 CEST 2021]
INFO: {<EENE+>, <EEE->} ==> 'R@0', with #bits='7' and Unfolded is 'RRURD)' [Fri Jul 23 16:43:32 CEST 2021]
INFO: {<EENE+>, <EN->} ==> 'R@0', with #bits='7' and Unfolded is 'RRURD)' [Fri Jul 23 16:48:41 CEST 2021]
INFO: {<EEN+>, <N->, <EN->} ==> 'R@0', with #bits='7' and Unfolded is 'RRURD)' [Fri Jul 23 16:54:38 CEST 2021]
INFO: {<EEN+>, <S->, <EN->} ==> 'R@0', with #bits='7' and Unfolded is 'RRURD)' [Fri Jul 23 17:00:00 CEST 2021]
INFO: {<EEN+>, <ENES->} ==> 'R@0', with #bits='7' and Unfolded is 'RRURD)' [Fri Jul 23 17:01:57 CEST 2021]
INFO: {<EEN+>, <ENE->} ==> 'R@0', with #bits='7' and Unfolded is 'RRURD)' [Fri Jul 23 17:01:57 CEST 2021]
INFO: {<EEN+>, <EN->, <N->} ==> 'R@0', with #bits='7' and Unfolded is 'RRURD)' [Fri Jul 23 17:01:57 CEST 2021]
INFO: {<EEN+>, <EN->, <S->} ==> 'R@0', with #bits='7' and Unfolded is 'RRURD)' [Fri Jul 23 17:01:57 CEST 2021]
INFO: {<EEN+>, <EN->, <E+>} ==> 'R@0', with #bits='7' and Unfolded is 'RRURD)' [Fri Jul 23 17:01:57 CEST 2021]
INFO: {<EEN+>, <EN->, <W->} ==> 'R@0', with #bits='7' and Unfolded is 'RRURD)' [Fri Jul 23 17:06:11 CEST 2021]
INFO: {<EEN+>, <EN->} ==> 'R@0', with #bits='7' and Unfolded is 'RRURD)' [Fri Jul 23 17:06:11 CEST 2021]
INFO: {<EEN+>, <EEEN->} ==> 'R@0', with #bits='7' and Unfolded is 'RRURD)' [Fri Jul 23 17:07:34 CEST 2021]
INFO: {<EEN+>, <EEEE->} ==> 'R@0', with #bits='7' and Unfolded is 'RRURD)' [Fri Jul 23 17:07:34 CEST 2021]
INFO: {<EEN+>, <EEE->} ==> 'R@0', with #bits='7' and Unfolded is 'RRURD)' [Fri Jul 23 17:07:34 CEST 2021]
INFO: {<EEN+>, <E+>, <EN->} ==> 'R@0', with #bits='7' and Unfolded is 'RRURD)' [Fri Jul 23 17:21:16 CEST 2021]
INFO: {<EEN+>, <W->, <EN->} ==> 'R@0', with #bits='7' and Unfolded is 'RRURD)' [Fri Jul 23 17:42:23 CEST 2021]
INFO: {<EEN+>, <ENE->} ==> 'R@0', with #bits='7' and Unfolded is 'RRURD)' [Fri Jul 23 17:46:02 CEST 2021]
INFO: {<EEN+>, <EN->} ==> 'R@0', with #bits='7' and Unfolded is 'RRURD)' [Fri Jul 23 17:46:02 CEST 2021]
INFO: {<EEN+>, <EEE->} ==> 'R@0', with #bits='7' and Unfolded is 'RRURD)' [Fri Jul 23 17:46:02 CEST 2021]
INFO: {<EEN+>, <EN->} ==> 'R@0', with #bits='7' and Unfolded is 'RRURD)' [Fri Jul 23 17:51:13 CEST 2021]
INFO: {<EEEN->, <EEN+>} ==> 'R@0', with #bits='7' and Unfolded is 'RRURD)' [Fri Jul 23 18:09:51 CEST 2021]
INFO: {<EEEE->, <EEN+>} ==> 'R@0', with #bits='7' and Unfolded is 'RRURD)' [Fri Jul 23 18:24:39 CEST 2021]
INFO: {<EEE->, <EENE+>} ==> 'R@0', with #bits='7' and Unfolded is 'RRURD)' [Fri Jul 23 18:48:55 CEST 2021]
INFO: {<EEE->, <EEN+>} ==> 'R@0', with #bits='7' and Unfolded is 'RRURD)' [Fri Jul 23 18:48:55 CEST 2021]
INFO: {<EEE->, <EEN+>} ==> 'R@0', with #bits='7' and Unfolded is 'RRURD)' [Fri Jul 23 19:29:20 CEST 2021]
INFO: {<E+>, <EN->, <EEN+>} ==> 'R@0', with #bits='7' and Unfolded is 'RRURD)' [Sat Jul 24 12:23:08 CEST 2021]
INFO: {<E+>, <EEN+>, <EN->} ==> 'R@0', with #bits='7' and Unfolded is 'RRURD)' [Sat Jul 24 15:45:50 CEST 2021]
INFO: {<W->, <EN->, <EEN+>} ==> 'R@0', with #bits='7' and Unfolded is 'RRURD)' [Sun Jul 25 14:33:40 CEST 2021]
INFO: {<W->, <EEN+>, <EN->} ==> 'R@0', with #bits='7' and Unfolded is 'RRURD)' [Sun Jul 25 14:46:43 CEST 2021]
INFO: {<ENE->, <EEN+>} ==> 'R@0', with #bits='7' and Unfolded is 'RRURD)' [Mon Jul 26 00:15:47 CEST 2021]
INFO: {<EN->, <EENE+>} ==> 'R@0', with #bits='7' and Unfolded is 'RRURD)' [Mon Jul 26 01:20:14 CEST 2021]
INFO: {<EN->, <EEN+>} ==> 'R@0', with #bits='7' and Unfolded is 'RRURD)' [Mon Jul 26 01:20:14 CEST 2021]
INFO: {<EN->, <EEN+>} ==> 'R@0', with #bits='7' and Unfolded is 'RRURD)' [Mon Jul 26 02:56:27 CEST 2021]
INFO: {<EENE+>, <EN->} ==> 'R@0', with #bits='7' and Unfolded is 'RRURD)' [Mon Jul 26 03:36:21 CEST 2021]
INFO: {<EEN+>, <ENE->} ==> 'R@0', with #bits='7' and Unfolded is 'RRURD)' [Mon Jul 26 03:39:40 CEST 2021]
INFO: {<EEN+>, <EN->} ==> 'R@0', with #bits='7' and Unfolded is 'RRURD)' [Mon Jul 26 03:39:40 CEST 2021]
INFO: {<EEN+>, <EEE->} ==> 'R@0', with #bits='7' and Unfolded is 'RRURD)' [Mon Jul 26 03:39:40 CEST 2021]
INFO: {<EEN+>, <EN->} ==> 'R@0', with #bits='7' and Unfolded is 'RRURD)' [Mon Jul 26 03:44:50 CEST 2021]
INFO: {<EEE->, <EEN+>} ==> 'R@0', with #bits='7' and Unfolded is 'RRURD)' [Mon Jul 26 03:54:29 CEST 2021]
INFO: {<EN->, <EEN+>} ==> 'R@0', with #bits='7' and Unfolded is 'RRURD)' [Mon Jul 26 13:38:58 CEST 2021]
INFO: {<EEN+>, <EN->} ==> 'R@0', with #bits='7' and Unfolded is 'RRURD)' [Mon Jul 26 14:02:39 CEST 2021]
INFO: {<NN->, <EN->, <EEN+>} ==> 'R@0', with #bits='7' and Unfolded is 'RRURD)' [Tue Jul 27 02:33:14 CEST 2021]
INFO: {<NN->, <EEN+>, <EN->} ==> 'R@0', with #bits='7' and Unfolded is 'RRURD)' [Tue Jul 27 02:47:48 CEST 2021]
INFO: {<NS->, <EN->, <EEN+>} ==> 'R@0', with #bits='7' and Unfolded is 'RRURD)' [Tue Jul 27 15:18:08 CEST 2021]
INFO: {<NS->, <EEN+>, <EN->} ==> 'R@0', with #bits='7' and Unfolded is 'RRURD)' [Tue Jul 27 15:30:43 CEST 2021]
INFO: {<NE->, <EN->, <EEN+>} ==> 'R@0', with #bits='7' and Unfolded is 'RRURD)' [Wed Jul 28 04:56:38 CEST 2021]
INFO: {<NE->, <EEN+>, <EN->} ==> 'R@0', with #bits='7' and Unfolded is 'RRURD)' [Wed Jul 28 05:11:30 CEST 2021]
INFO: {<NW->, <EN->, <EEN+>} ==> 'R@0', with #bits='7' and Unfolded is 'RRURD)' [Wed Jul 28 17:00:56 CEST 2021]
INFO: {<NW->, <EEN+>, <EN->} ==> 'R@0', with #bits='7' and Unfolded is 'RRURD)' [Wed Jul 28 17:12:09 CEST 2021]
INFO: {<N->, <ENE->, <EEN+>} ==> 'R@0', with #bits='7' and Unfolded is 'RRURD)' [Thu Jul 29 08:34:41 CEST 2021]
INFO: {<N->, <EN->, <EENE+>} ==> 'R@0', with #bits='7' and Unfolded is 'RRURD)' [Thu Jul 29 09:01:32 CEST 2021]
INFO: {<N->, <EN->, <EEN+>} ==> 'R@0', with #bits='7' and Unfolded is 'RRURD)' [Thu Jul 29 09:01:32 CEST 2021]
INFO: {<N->, <EN->, <EEN+>} ==> 'R@0', with #bits='7' and Unfolded is 'RRURD)' [Thu Jul 29 09:14:11 CEST 2021]
INFO: {<N->, <EENE+>, <EN->} ==> 'R@0', with #bits='7' and Unfolded is 'RRURD)' [Thu Jul 29 09:55:44 CEST 2021]
INFO: {<N->, <EEN+>, <ENE->} ==> 'R@0', with #bits='7' and Unfolded is 'RRURD)' [Thu Jul 29 09:59:13 CEST 2021]
INFO: {<N->, <EEN+>, <EN->} ==> 'R@0', with #bits='7' and Unfolded is 'RRURD)' [Thu Jul 29 09:59:13 CEST 2021]
INFO: {<N->, <EEN+>, <EEE->} ==> 'R@0', with #bits='7' and Unfolded is 'RRURD)' [Thu Jul 29 09:59:13 CEST 2021]
INFO: {<N->, <EEN+>, <EN->} ==> 'R@0', with #bits='7' and Unfolded is 'RRURD)' [Thu Jul 29 10:00:56 CEST 2021]
INFO: {<N->, <EEE->, <EEN+>} ==> 'R@0', with #bits='7' and Unfolded is 'RRURD)' [Thu Jul 29 10:15:10 CEST 2021]
INFO: {<N->, <EN->, <EEN+>} ==> 'R@0', with #bits='7' and Unfolded is 'RRURD)' [Thu Jul 29 23:12:17 CEST 2021]
INFO: {<N->, <EEN+>, <EN->} ==> 'R@0', with #bits='7' and Unfolded is 'RRURD)' [Thu Jul 29 23:24:48 CEST 2021]
INFO: {<SN->, <EN->, <EEN+>} ==> 'R@0', with #bits='7' and Unfolded is 'RRURD)' [Fri Jul 30 11:55:13 CEST 2021]
INFO: {<SN->, <EEN+>, <EN->} ==> 'R@0', with #bits='7' and Unfolded is 'RRURD)' [Fri Jul 30 12:08:28 CEST 2021]
INFO: {<SS->, <EN->, <EEN+>} ==> 'R@0', with #bits='7' and Unfolded is 'RRURD)' [Sat Jul 31 01:17:12 CEST 2021]
INFO: {<SS->, <EEN+>, <EN->} ==> 'R@0', with #bits='7' and Unfolded is 'RRURD)' [Sat Jul 31 01:31:06 CEST 2021]
INFO: {<SE->, <EN->, <EEN+>} ==> 'R@0', with #bits='7' and Unfolded is 'RRURD)' [Sat Jul 31 15:28:48 CEST 2021]
INFO: {<SE->, <EEN+>, <EN->} ==> 'R@0', with #bits='7' and Unfolded is 'RRURD)' [Sat Jul 31 15:43:40 CEST 2021]
INFO: {<SW->, <EN->, <EEN+>} ==> 'R@0', with #bits='7' and Unfolded is 'RRURD)' [Sun Aug 01 03:33:34 CEST 2021]
INFO: {<SW->, <EEN+>, <EN->} ==> 'R@0', with #bits='7' and Unfolded is 'RRURD)' [Sun Aug 01 03:44:48 CEST 2021]
INFO: {<S->, <ENE->, <EEN+>} ==> 'R@0', with #bits='7' and Unfolded is 'RRURD)' [Sun Aug 01 19:16:37 CEST 2021]
INFO: {<S->, <EN->, <EENE+>} ==> 'R@0', with #bits='7' and Unfolded is 'RRURD)' [Sun Aug 01 19:43:31 CEST 2021]
INFO: {<S->, <EN->, <EEN+>} ==> 'R@0', with #bits='7' and Unfolded is 'RRURD)' [Sun Aug 01 19:43:31 CEST 2021]
INFO: {<S->, <EN->, <EEN+>} ==> 'R@0', with #bits='7' and Unfolded is 'RRURD)' [Sun Aug 01 19:56:10 CEST 2021]
INFO: {<S->, <EENE+>, <EN->} ==> 'R@0', with #bits='7' and Unfolded is 'RRURD)' [Sun Aug 01 20:37:53 CEST 2021]
INFO: {<S->, <EEN+>, <ENE->} ==> 'R@0', with #bits='7' and Unfolded is 'RRURD)' [Sun Aug 01 20:41:23 CEST 2021]
INFO: {<S->, <EEN+>, <EN->} ==> 'R@0', with #bits='7' and Unfolded is 'RRURD)' [Sun Aug 01 20:41:23 CEST 2021]
INFO: {<S->, <EEN+>, <EEE->} ==> 'R@0', with #bits='7' and Unfolded is 'RRURD)' [Sun Aug 01 20:41:23 CEST 2021]
INFO: {<S->, <EEN+>, <EN->} ==> 'R@0', with #bits='7' and Unfolded is 'RRURD)' [Sun Aug 01 20:43:06 CEST 2021]
INFO: {<S->, <EEE->, <EEN+>} ==> 'R@0', with #bits='7' and Unfolded is 'RRURD)' [Sun Aug 01 20:57:20 CEST 2021]
INFO: {<S->, <EN->, <EEN+>} ==> 'R@0', with #bits='7' and Unfolded is 'RRURD)' [Mon Aug 02 09:58:45 CEST 2021]
INFO: {<S->, <EEN+>, <EN->} ==> 'R@0', with #bits='7' and Unfolded is 'RRURD)' [Mon Aug 02 10:11:16 CEST 2021]
INFO: {<ENESE->, <EEN+>} ==> 'R@0', with #bits='7' and Unfolded is 'RRURD)' [Mon Aug 02 17:22:50 CEST 2021]
INFO: {<ENES->, <EENE+>} ==> 'R@0', with #bits='7' and Unfolded is 'RRURD)' [Mon Aug 02 18:56:56 CEST 2021]
INFO: {<ENES->, <EEN+>} ==> 'R@0', with #bits='7' and Unfolded is 'RRURD)' [Mon Aug 02 18:56:56 CEST 2021]
INFO: {<ENES->, <EEN+>} ==> 'R@0', with #bits='7' and Unfolded is 'RRURD)' [Mon Aug 02 20:43:50 CEST 2021]
INFO: {<ENE->, <N->, <EEN+>} ==> 'R@0', with #bits='7' and Unfolded is 'RRURD)' [Mon Aug 02 22:46:40 CEST 2021]
INFO: {<ENE->, <S->, <EEN+>} ==> 'R@0', with #bits='7' and Unfolded is 'RRURD)' [Tue Aug 03 00:24:32 CEST 2021]
INFO: {<ENE->, <EENES+>} ==> 'R@0', with #bits='7' and Unfolded is 'RRURD)' [Tue Aug 03 02:46:14 CEST 2021]
INFO: {<ENE->, <EENE+>} ==> 'R@0', with #bits='7' and Unfolded is 'RRURD)' [Tue Aug 03 02:46:14 CEST 2021]
INFO: {<ENE->, <EEN+>, <N->} ==> 'R@0', with #bits='7' and Unfolded is 'RRURD)' [Tue Aug 03 02:46:14 CEST 2021]
INFO: {<ENE->, <EEN+>, <S->} ==> 'R@0', with #bits='7' and Unfolded is 'RRURD)' [Tue Aug 03 02:46:14 CEST 2021]
INFO: {<ENE->, <EEN+>, <E+>} ==> 'R@0', with #bits='7' and Unfolded is 'RRURD)' [Tue Aug 03 02:46:14 CEST 2021]
INFO: {<ENE->, <EEN+>, <W->} ==> 'R@0', with #bits='7' and Unfolded is 'RRURD)' [Tue Aug 03 02:50:26 CEST 2021]
INFO: {<ENE->, <EEN+>} ==> 'R@0', with #bits='7' and Unfolded is 'RRURD)' [Tue Aug 03 02:50:26 CEST 2021]
INFO: {<ENE->, <E+>, <EEN+>} ==> 'R@0', with #bits='7' and Unfolded is 'RRURD)' [Tue Aug 03 06:06:29 CEST 2021]
INFO: {<ENE->, <W->, <EEN+>} ==> 'R@0', with #bits='7' and Unfolded is 'RRURD)' [Tue Aug 03 10:35:48 CEST 2021]
INFO: {<ENE->, <EENE+>} ==> 'R@0', with #bits='7' and Unfolded is 'RRURD)' [Tue Aug 03 12:03:55 CEST 2021]
INFO: {<ENE->, <EEN+>} ==> 'R@0', with #bits='7' and Unfolded is 'RRURD)' [Tue Aug 03 12:03:55 CEST 2021]
INFO: {<ENE->, <EEN+>} ==> 'R@0', with #bits='7' and Unfolded is 'RRURD)' [Tue Aug 03 13:52:52 CEST 2021]
INFO: {<EN->, <NN->, <EEN+>} ==> 'R@0', with #bits='7' and Unfolded is 'RRURD)' [Tue Aug 03 16:57:01 CEST 2021]
INFO: {<EN->, <NS->, <EEN+>} ==> 'R@0', with #bits='7' and Unfolded is 'RRURD)' [Tue Aug 03 18:24:34 CEST 2021]
INFO: {<EN->, <NE->, <EEN+>} ==> 'R@0', with #bits='7' and Unfolded is 'RRURD)' [Tue Aug 03 19:52:21 CEST 2021]
INFO: {<EN->, <NW->, <EEN+>} ==> 'R@0', with #bits='7' and Unfolded is 'RRURD)' [Tue Aug 03 21:19:44 CEST 2021]
INFO: {<EN->, <N->, <EENE+>} ==> 'R@0', with #bits='7' and Unfolded is 'RRURD)' [Tue Aug 03 22:25:51 CEST 2021]
INFO: {<EN->, <N->, <EEN+>} ==> 'R@0', with #bits='7' and Unfolded is 'RRURD)' [Tue Aug 03 22:25:51 CEST 2021]
INFO: {<EN->, <N->, <EEN+>} ==> 'R@0', with #bits='7' and Unfolded is 'RRURD)' [Wed Aug 04 00:03:57 CEST 2021]
INFO: {<EN->, <SN->, <EEN+>} ==> 'R@0', with #bits='7' and Unfolded is 'RRURD)' [Wed Aug 04 01:31:38 CEST 2021]
INFO: {<EN->, <SS->, <EEN+>} ==> 'R@0', with #bits='7' and Unfolded is 'RRURD)' [Wed Aug 04 02:59:19 CEST 2021]
INFO: {<EN->, <SE->, <EEN+>} ==> 'R@0', with #bits='7' and Unfolded is 'RRURD)' [Wed Aug 04 04:27:12 CEST 2021]
INFO: {<EN->, <SW->, <EEN+>} ==> 'R@0', with #bits='7' and Unfolded is 'RRURD)' [Wed Aug 04 05:54:34 CEST 2021]
INFO: {<EN->, <S->, <EENE+>} ==> 'R@0', with #bits='7' and Unfolded is 'RRURD)' [Wed Aug 04 07:00:47 CEST 2021]
INFO: {<EN->, <S->, <EEN+>} ==> 'R@0', with #bits='7' and Unfolded is 'RRURD)' [Wed Aug 04 07:00:47 CEST 2021]
INFO: {<EN->, <S->, <EEN+>} ==> 'R@0', with #bits='7' and Unfolded is 'RRURD)' [Wed Aug 04 08:38:52 CEST 2021]
INFO: {<EN->, <EN->, <EEN+>} ==> 'R@0', with #bits='7' and Unfolded is 'RRURD)' [Wed Aug 04 11:59:09 CEST 2021]
INFO: {<EN->, <ES->, <EEN+>} ==> 'R@0', with #bits='7' and Unfolded is 'RRURD)' [Wed Aug 04 13:26:14 CEST 2021]
INFO: {<EN->, <EENESE+>} ==> 'R@0', with #bits='7' and Unfolded is 'RRURD)' [Wed Aug 04 13:53:02 CEST 2021]
INFO: {<EN->, <EENES+>} ==> 'R@0', with #bits='7' and Unfolded is 'RRURD)' [Wed Aug 04 13:53:02 CEST 2021]
INFO: {<EN->, <EENE+>, <N->} ==> 'R@0', with #bits='7' and Unfolded is 'RRURD)' [Wed Aug 04 13:53:02 CEST 2021]
INFO: {<EN->, <EENE+>, <S->} ==> 'R@0', with #bits='7' and Unfolded is 'RRURD)' [Wed Aug 04 13:53:02 CEST 2021]
INFO: {<EN->, <EENE+>, <E+>} ==> 'R@0', with #bits='7' and Unfolded is 'RRURD)' [Wed Aug 04 13:53:02 CEST 2021]
INFO: {<EN->, <EENE+>, <W->} ==> 'R@0', with #bits='7' and Unfolded is 'RRURD)' [Wed Aug 04 13:57:16 CEST 2021]
INFO: {<EN->, <EENE+>} ==> 'R@0', with #bits='7' and Unfolded is 'RRURD)' [Wed Aug 04 13:57:16 CEST 2021]
INFO: {<EN->, <EEN+>, <NN->} ==> 'R@0', with #bits='7' and Unfolded is 'RRURD)' [Wed Aug 04 13:59:40 CEST 2021]
INFO: {<EN->, <EEN+>, <NS->} ==> 'R@0', with #bits='7' and Unfolded is 'RRURD)' [Wed Aug 04 13:59:40 CEST 2021]
INFO: {<EN->, <EEN+>, <NE->} ==> 'R@0', with #bits='7' and Unfolded is 'RRURD)' [Wed Aug 04 13:59:40 CEST 2021]
INFO: {<EN->, <EEN+>, <NW->} ==> 'R@0', with #bits='7' and Unfolded is 'RRURD)' [Wed Aug 04 13:59:40 CEST 2021]
INFO: {<EN->, <EEN+>, <N->} ==> 'R@0', with #bits='7' and Unfolded is 'RRURD)' [Wed Aug 04 13:59:40 CEST 2021]
INFO: {<EN->, <EEN+>, <SN->} ==> 'R@0', with #bits='7' and Unfolded is 'RRURD)' [Wed Aug 04 13:59:40 CEST 2021]
INFO: {<EN->, <EEN+>, <SS->} ==> 'R@0', with #bits='7' and Unfolded is 'RRURD)' [Wed Aug 04 13:59:40 CEST 2021]
INFO: {<EN->, <EEN+>, <SE->} ==> 'R@0', with #bits='7' and Unfolded is 'RRURD)' [Wed Aug 04 13:59:40 CEST 2021]
INFO: {<EN->, <EEN+>, <SW->} ==> 'R@0', with #bits='7' and Unfolded is 'RRURD)' [Wed Aug 04 13:59:40 CEST 2021]
INFO: {<EN->, <EEN+>, <S->} ==> 'R@0', with #bits='7' and Unfolded is 'RRURD)' [Wed Aug 04 13:59:40 CEST 2021]
INFO: {<EN->, <EEN+>, <EN->} ==> 'R@0', with #bits='7' and Unfolded is 'RRURD)' [Wed Aug 04 13:59:40 CEST 2021]
INFO: {<EN->, <EEN+>, <ES->} ==> 'R@0', with #bits='7' and Unfolded is 'RRURD)' [Wed Aug 04 13:59:40 CEST 2021]
INFO: {<EN->, <EEN+>, <EE+>} ==> 'R@0', with #bits='7' and Unfolded is 'RRURD)' [Wed Aug 04 13:59:40 CEST 2021]
INFO: {<EN->, <EEN+>, <EW->} ==> 'R@0', with #bits='7' and Unfolded is 'RRURD)' [Wed Aug 04 14:00:54 CEST 2021]
INFO: {<EN->, <EEN+>, <E+>} ==> 'R@0', with #bits='7' and Unfolded is 'RRURD)' [Wed Aug 04 14:00:54 CEST 2021]
INFO: {<EN->, <EEN+>, <WN->} ==> 'R@0', with #bits='7' and Unfolded is 'RRURD)' [Wed Aug 04 14:05:08 CEST 2021]
INFO: {<EN->, <EEN+>, <WS->} ==> 'R@0', with #bits='7' and Unfolded is 'RRURD)' [Wed Aug 04 14:05:08 CEST 2021]
INFO: {<EN->, <EEN+>, <WE->} ==> 'R@0', with #bits='7' and Unfolded is 'RRURD)' [Wed Aug 04 14:05:08 CEST 2021]
INFO: {<EN->, <EEN+>, <WW->} ==> 'R@0', with #bits='7' and Unfolded is 'RRURD)' [Wed Aug 04 14:05:08 CEST 2021]
INFO: {<EN->, <EEN+>, <W->} ==> 'R@0', with #bits='7' and Unfolded is 'RRURD)' [Wed Aug 04 14:05:08 CEST 2021]
INFO: {<EN->, <EEN+>, <N->} ==> 'R@0', with #bits='7' and Unfolded is 'RRURD)' [Wed Aug 04 14:05:08 CEST 2021]
INFO: {<EN->, <EEN+>, <S->} ==> 'R@0', with #bits='7' and Unfolded is 'RRURD)' [Wed Aug 04 14:05:08 CEST 2021]
INFO: {<EN->, <EEN+>, <E+>} ==> 'R@0', with #bits='7' and Unfolded is 'RRURD)' [Wed Aug 04 14:05:08 CEST 2021]
INFO: {<EN->, <EEN+>, <W->} ==> 'R@0', with #bits='7' and Unfolded is 'RRURD)' [Wed Aug 04 14:09:22 CEST 2021]
INFO: {<EN->, <EEN+>} ==> 'R@0', with #bits='7' and Unfolded is 'RRURD)' [Wed Aug 04 14:09:22 CEST 2021]
INFO: {<EN->, <EE+>, <EEN+>} ==> 'R@0', with #bits='7' and Unfolded is 'RRURD)' [Wed Aug 04 15:10:21 CEST 2021]
INFO: {<EN->, <EW->, <EEN+>} ==> 'R@0', with #bits='7' and Unfolded is 'RRURD)' [Wed Aug 04 16:48:27 CEST 2021]
INFO: {<EN->, <E+>, <EENE+>} ==> 'R@0', with #bits='7' and Unfolded is 'RRURD)' [Thu Aug 05 06:22:03 CEST 2021]
INFO: {<EN->, <E+>, <EEN+>} ==> 'R@0', with #bits='7' and Unfolded is 'RRURD)' [Thu Aug 05 06:28:41 CEST 2021]
INFO: {<EN->, <E+>, <EEN+>} ==> 'R@0', with #bits='7' and Unfolded is 'RRURD)' [Thu Aug 05 18:50:44 CEST 2021]
INFO: {<EN->, <WN->, <EEN+>} ==> 'R@0', with #bits='7' and Unfolded is 'RRURD)' [Thu Aug 05 23:02:16 CEST 2021]
INFO: {<EN->, <WS->, <EEN+>} ==> 'R@0', with #bits='7' and Unfolded is 'RRURD)' [Fri Aug 06 00:29:43 CEST 2021]
INFO: {<EN->, <WE->, <EEN+>} ==> 'R@0', with #bits='7' and Unfolded is 'RRURD)' [Fri Aug 06 01:57:30 CEST 2021]
INFO: {<EN->, <WW->, <EEN+>} ==> 'R@0', with #bits='7' and Unfolded is 'RRURD)' [Fri Aug 06 03:25:20 CEST 2021]
INFO: {<EN->, <W->, <EENE+>} ==> 'R@0', with #bits='7' and Unfolded is 'RRURD)' [Fri Aug 06 04:28:28 CEST 2021]
INFO: {<EN->, <W->, <EEN+>} ==> 'R@0', with #bits='7' and Unfolded is 'RRURD)' [Fri Aug 06 04:28:28 CEST 2021]
INFO: {<EN->, <W->, <EEN+>} ==> 'R@0', with #bits='7' and Unfolded is 'RRURD)' [Fri Aug 06 06:09:11 CEST 2021]
INFO: {<EN->, <N->, <EEN+>} ==> 'R@0', with #bits='7' and Unfolded is 'RRURD)' [Fri Aug 06 07:39:38 CEST 2021]
INFO: {<EN->, <S->, <EEN+>} ==> 'R@0', with #bits='7' and Unfolded is 'RRURD)' [Fri Aug 06 09:09:06 CEST 2021]
INFO: {<EN->, <EENES+>} ==> 'R@0', with #bits='7' and Unfolded is 'RRURD)' [Fri Aug 06 10:27:58 CEST 2021]
INFO: {<EN->, <EENE+>} ==> 'R@0', with #bits='7' and Unfolded is 'RRURD)' [Fri Aug 06 10:27:58 CEST 2021]
INFO: {<EN->, <EEN+>, <N->} ==> 'R@0', with #bits='7' and Unfolded is 'RRURD)' [Fri Aug 06 10:27:58 CEST 2021]
INFO: {<EN->, <EEN+>, <S->} ==> 'R@0', with #bits='7' and Unfolded is 'RRURD)' [Fri Aug 06 10:27:58 CEST 2021]
INFO: {<EN->, <EEN+>, <E+>} ==> 'R@0', with #bits='7' and Unfolded is 'RRURD)' [Fri Aug 06 10:27:58 CEST 2021]
INFO: {<EN->, <EEN+>, <W->} ==> 'R@0', with #bits='7' and Unfolded is 'RRURD)' [Fri Aug 06 10:32:13 CEST 2021]
INFO: {<EN->, <EEN+>} ==> 'R@0', with #bits='7' and Unfolded is 'RRURD)' [Fri Aug 06 10:32:13 CEST 2021]
INFO: {<EN->, <E+>, <EEN+>} ==> 'R@0', with #bits='7' and Unfolded is 'RRURD)' [Fri Aug 06 13:46:02 CEST 2021]
INFO: {<EN->, <W->, <EEN+>} ==> 'R@0', with #bits='7' and Unfolded is 'RRURD)' [Fri Aug 06 17:58:33 CEST 2021]
INFO: {<EN->, <EENE+>} ==> 'R@0', with #bits='7' and Unfolded is 'RRURD)' [Fri Aug 06 19:01:52 CEST 2021]
INFO: {<EN->, <EEN+>} ==> 'R@0', with #bits='7' and Unfolded is 'RRURD)' [Fri Aug 06 19:01:52 CEST 2021]
INFO: {<EN->, <EEN+>} ==> 'R@0', with #bits='7' and Unfolded is 'RRURD)' [Fri Aug 06 20:38:17 CEST 2021]
INFO: {<ES->, <EN->, <EEN+>} ==> 'R@0', with #bits='7' and Unfolded is 'RRURD)' [Sat Aug 07 05:00:11 CEST 2021]
INFO: {<ES->, <EEN+>, <EN->} ==> 'R@0', with #bits='7' and Unfolded is 'RRURD)' [Sat Aug 07 05:14:18 CEST 2021]
INFO: {<EENESE+>, <EN->} ==> 'R@0', with #bits='7' and Unfolded is 'RRURD)' [Sat Aug 07 09:41:35 CEST 2021]
INFO: {<EENES+>, <ENE->} ==> 'R@0', with #bits='7' and Unfolded is 'RRURD)' [Sat Aug 07 09:45:20 CEST 2021]
INFO: {<EENES+>, <EN->} ==> 'R@0', with #bits='7' and Unfolded is 'RRURD)' [Sat Aug 07 09:45:20 CEST 2021]
INFO: {<EENES+>, <EEE->} ==> 'R@0', with #bits='7' and Unfolded is 'RRURD)' [Sat Aug 07 09:45:58 CEST 2021]
INFO: {<EENES+>, <EN->} ==> 'R@0', with #bits='7' and Unfolded is 'RRURD)' [Sat Aug 07 09:51:02 CEST 2021]
INFO: {<EENE+>, <N->, <EN->} ==> 'R@0', with #bits='7' and Unfolded is 'RRURD)' [Sat Aug 07 09:57:56 CEST 2021]
INFO: {<EENE+>, <S->, <EN->} ==> 'R@0', with #bits='7' and Unfolded is 'RRURD)' [Sat Aug 07 10:03:17 CEST 2021]
INFO: {<EENE+>, <ENES->} ==> 'R@0', with #bits='7' and Unfolded is 'RRURD)' [Sat Aug 07 10:05:12 CEST 2021]
INFO: {<EENE+>, <ENE->} ==> 'R@0', with #bits='7' and Unfolded is 'RRURD)' [Sat Aug 07 10:05:12 CEST 2021]
INFO: {<EENE+>, <EN->, <N->} ==> 'R@0', with #bits='7' and Unfolded is 'RRURD)' [Sat Aug 07 10:05:12 CEST 2021]
INFO: {<EENE+>, <EN->, <S->} ==> 'R@0', with #bits='7' and Unfolded is 'RRURD)' [Sat Aug 07 10:05:12 CEST 2021]
INFO: {<EENE+>, <EN->, <E+>} ==> 'R@0', with #bits='7' and Unfolded is 'RRURD)' [Sat Aug 07 10:05:12 CEST 2021]
INFO: {<EENE+>, <EN->, <W->} ==> 'R@0', with #bits='7' and Unfolded is 'RRURD)' [Sat Aug 07 10:09:26 CEST 2021]
INFO: {<EENE+>, <EN->} ==> 'R@0', with #bits='7' and Unfolded is 'RRURD)' [Sat Aug 07 10:09:26 CEST 2021]
INFO: {<EENE+>, <EEEN->} ==> 'R@0', with #bits='7' and Unfolded is 'RRURD)' [Sat Aug 07 10:10:49 CEST 2021]
INFO: {<EENE+>, <EEEE->} ==> 'R@0', with #bits='7' and Unfolded is 'RRURD)' [Sat Aug 07 10:10:49 CEST 2021]
INFO: {<EENE+>, <EEE->} ==> 'R@0', with #bits='7' and Unfolded is 'RRURD)' [Sat Aug 07 10:10:49 CEST 2021]
INFO: {<EENE+>, <E+>, <EN->} ==> 'R@0', with #bits='7' and Unfolded is 'RRURD)' [Sat Aug 07 10:24:27 CEST 2021]
INFO: {<EENE+>, <W->, <EN->} ==> 'R@0', with #bits='7' and Unfolded is 'RRURD)' [Sat Aug 07 10:45:25 CEST 2021]
INFO: {<EENE+>, <ENE->} ==> 'R@0', with #bits='7' and Unfolded is 'RRURD)' [Sat Aug 07 10:49:04 CEST 2021]
INFO: {<EENE+>, <EN->} ==> 'R@0', with #bits='7' and Unfolded is 'RRURD)' [Sat Aug 07 10:49:04 CEST 2021]
INFO: {<EENE+>, <EEE->} ==> 'R@0', with #bits='7' and Unfolded is 'RRURD)' [Sat Aug 07 10:49:42 CEST 2021]
INFO: {<EENE+>, <EN->} ==> 'R@0', with #bits='7' and Unfolded is 'RRURD)' [Sat Aug 07 10:54:51 CEST 2021]
INFO: {<EEN+>, <NN->, <EN->} ==> 'R@0', with #bits='7' and Unfolded is 'RRURD)' [Sat Aug 07 11:12:14 CEST 2021]
INFO: {<EEN+>, <NS->, <EN->} ==> 'R@0', with #bits='7' and Unfolded is 'RRURD)' [Sat Aug 07 11:17:06 CEST 2021]
INFO: {<EEN+>, <NE->, <EN->} ==> 'R@0', with #bits='7' and Unfolded is 'RRURD)' [Sat Aug 07 11:22:01 CEST 2021]
INFO: {<EEN+>, <NW->, <EN->} ==> 'R@0', with #bits='7' and Unfolded is 'RRURD)' [Sat Aug 07 11:26:49 CEST 2021]
INFO: {<EEN+>, <N->, <ENE->} ==> 'R@0', with #bits='7' and Unfolded is 'RRURD)' [Sat Aug 07 11:31:02 CEST 2021]
INFO: {<EEN+>, <N->, <EN->} ==> 'R@0', with #bits='7' and Unfolded is 'RRURD)' [Sat Aug 07 11:31:02 CEST 2021]
INFO: {<EEN+>, <N->, <EEE->} ==> 'R@0', with #bits='7' and Unfolded is 'RRURD)' [Sat Aug 07 11:31:02 CEST 2021]
INFO: {<EEN+>, <N->, <EN->} ==> 'R@0', with #bits='7' and Unfolded is 'RRURD)' [Sat Aug 07 11:36:38 CEST 2021]
INFO: {<EEN+>, <SN->, <EN->} ==> 'R@0', with #bits='7' and Unfolded is 'RRURD)' [Sat Aug 07 11:41:23 CEST 2021]
INFO: {<EEN+>, <SS->, <EN->} ==> 'R@0', with #bits='7' and Unfolded is 'RRURD)' [Sat Aug 07 11:46:19 CEST 2021]
INFO: {<EEN+>, <SE->, <EN->} ==> 'R@0', with #bits='7' and Unfolded is 'RRURD)' [Sat Aug 07 11:51:17 CEST 2021]
INFO: {<EEN+>, <SW->, <EN->} ==> 'R@0', with #bits='7' and Unfolded is 'RRURD)' [Sat Aug 07 11:56:05 CEST 2021]
INFO: {<EEN+>, <S->, <ENE->} ==> 'R@0', with #bits='7' and Unfolded is 'RRURD)' [Sat Aug 07 12:00:19 CEST 2021]
INFO: {<EEN+>, <S->, <EN->} ==> 'R@0', with #bits='7' and Unfolded is 'RRURD)' [Sat Aug 07 12:00:19 CEST 2021]
INFO: {<EEN+>, <S->, <EEE->} ==> 'R@0', with #bits='7' and Unfolded is 'RRURD)' [Sat Aug 07 12:00:19 CEST 2021]
INFO: {<EEN+>, <S->, <EN->} ==> 'R@0', with #bits='7' and Unfolded is 'RRURD)' [Sat Aug 07 12:05:55 CEST 2021]
INFO: {<EEN+>, <ENESE->} ==> 'R@0', with #bits='7' and Unfolded is 'RRURD)' [Sat Aug 07 12:09:11 CEST 2021]
INFO: {<EEN+>, <ENES->} ==> 'R@0', with #bits='7' and Unfolded is 'RRURD)' [Sat Aug 07 12:09:11 CEST 2021]
INFO: {<EEN+>, <ENE->, <N->} ==> 'R@0', with #bits='7' and Unfolded is 'RRURD)' [Sat Aug 07 12:09:11 CEST 2021]
INFO: {<EEN+>, <ENE->, <S->} ==> 'R@0', with #bits='7' and Unfolded is 'RRURD)' [Sat Aug 07 12:09:11 CEST 2021]
INFO: {<EEN+>, <ENE->, <E+>} ==> 'R@0', with #bits='7' and Unfolded is 'RRURD)' [Sat Aug 07 12:09:11 CEST 2021]
INFO: {<EEN+>, <ENE->, <W->} ==> 'R@0', with #bits='7' and Unfolded is 'RRURD)' [Sat Aug 07 12:13:23 CEST 2021]
INFO: {<EEN+>, <ENE->} ==> 'R@0', with #bits='7' and Unfolded is 'RRURD)' [Sat Aug 07 12:13:23 CEST 2021]
INFO: {<EEN+>, <EN->, <NN->} ==> 'R@0', with #bits='7' and Unfolded is 'RRURD)' [Sat Aug 07 12:14:03 CEST 2021]
INFO: {<EEN+>, <EN->, <NS->} ==> 'R@0', with #bits='7' and Unfolded is 'RRURD)' [Sat Aug 07 12:14:03 CEST 2021]
INFO: {<EEN+>, <EN->, <NE->} ==> 'R@0', with #bits='7' and Unfolded is 'RRURD)' [Sat Aug 07 12:14:03 CEST 2021]
INFO: {<EEN+>, <EN->, <NW->} ==> 'R@0', with #bits='7' and Unfolded is 'RRURD)' [Sat Aug 07 12:14:03 CEST 2021]
INFO: {<EEN+>, <EN->, <N->} ==> 'R@0', with #bits='7' and Unfolded is 'RRURD)' [Sat Aug 07 12:14:03 CEST 2021]
INFO: {<EEN+>, <EN->, <SN->} ==> 'R@0', with #bits='7' and Unfolded is 'RRURD)' [Sat Aug 07 12:14:03 CEST 2021]
INFO: {<EEN+>, <EN->, <SS->} ==> 'R@0', with #bits='7' and Unfolded is 'RRURD)' [Sat Aug 07 12:14:03 CEST 2021]
INFO: {<EEN+>, <EN->, <SE->} ==> 'R@0', with #bits='7' and Unfolded is 'RRURD)' [Sat Aug 07 12:14:03 CEST 2021]
INFO: {<EEN+>, <EN->, <SW->} ==> 'R@0', with #bits='7' and Unfolded is 'RRURD)' [Sat Aug 07 12:14:03 CEST 2021]
INFO: {<EEN+>, <EN->, <S->} ==> 'R@0', with #bits='7' and Unfolded is 'RRURD)' [Sat Aug 07 12:14:03 CEST 2021]
INFO: {<EEN+>, <EN->, <EN->} ==> 'R@0', with #bits='7' and Unfolded is 'RRURD)' [Sat Aug 07 12:14:03 CEST 2021]
INFO: {<EEN+>, <EN->, <ES->} ==> 'R@0', with #bits='7' and Unfolded is 'RRURD)' [Sat Aug 07 12:14:03 CEST 2021]
INFO: {<EEN+>, <EN->, <EE+>} ==> 'R@0', with #bits='7' and Unfolded is 'RRURD)' [Sat Aug 07 12:14:03 CEST 2021]
INFO: {<EEN+>, <EN->, <EW->} ==> 'R@0', with #bits='7' and Unfolded is 'RRURD)' [Sat Aug 07 12:15:17 CEST 2021]
INFO: {<EEN+>, <EN->, <E+>} ==> 'R@0', with #bits='7' and Unfolded is 'RRURD)' [Sat Aug 07 12:15:17 CEST 2021]
INFO: {<EEN+>, <EN->, <WN->} ==> 'R@0', with #bits='7' and Unfolded is 'RRURD)' [Sat Aug 07 12:19:31 CEST 2021]
INFO: {<EEN+>, <EN->, <WS->} ==> 'R@0', with #bits='7' and Unfolded is 'RRURD)' [Sat Aug 07 12:19:31 CEST 2021]
INFO: {<EEN+>, <EN->, <WE->} ==> 'R@0', with #bits='7' and Unfolded is 'RRURD)' [Sat Aug 07 12:19:31 CEST 2021]
INFO: {<EEN+>, <EN->, <WW->} ==> 'R@0', with #bits='7' and Unfolded is 'RRURD)' [Sat Aug 07 12:19:31 CEST 2021]
INFO: {<EEN+>, <EN->, <W->} ==> 'R@0', with #bits='7' and Unfolded is 'RRURD)' [Sat Aug 07 12:19:31 CEST 2021]
INFO: {<EEN+>, <EN->, <N->} ==> 'R@0', with #bits='7' and Unfolded is 'RRURD)' [Sat Aug 07 12:19:31 CEST 2021]
INFO: {<EEN+>, <EN->, <S->} ==> 'R@0', with #bits='7' and Unfolded is 'RRURD)' [Sat Aug 07 12:19:31 CEST 2021]
INFO: {<EEN+>, <EN->, <E+>} ==> 'R@0', with #bits='7' and Unfolded is 'RRURD)' [Sat Aug 07 12:19:31 CEST 2021]
INFO: {<EEN+>, <EN->, <W->} ==> 'R@0', with #bits='7' and Unfolded is 'RRURD)' [Sat Aug 07 12:23:44 CEST 2021]
INFO: {<EEN+>, <EN->} ==> 'R@0', with #bits='7' and Unfolded is 'RRURD)' [Sat Aug 07 12:23:44 CEST 2021]
INFO: {<EEN+>, <ES->, <EN->} ==> 'R@0', with #bits='7' and Unfolded is 'RRURD)' [Sat Aug 07 12:26:26 CEST 2021]
INFO: {<EEN+>, <EEENE->} ==> 'R@0', with #bits='7' and Unfolded is 'RRURD)' [Sat Aug 07 12:31:10 CEST 2021]
INFO: {<EEN+>, <EEEN->} ==> 'R@0', with #bits='7' and Unfolded is 'RRURD)' [Sat Aug 07 12:31:10 CEST 2021]
INFO: {<EEN+>, <EEEEN->} ==> 'R@0', with #bits='7' and Unfolded is 'RRURD)' [Sat Aug 07 12:31:10 CEST 2021]
INFO: {<EEN+>, <EEEEE->} ==> 'R@0', with #bits='7' and Unfolded is 'RRURD)' [Sat Aug 07 12:31:10 CEST 2021]
INFO: {<EEN+>, <EEEE->} ==> 'R@0', with #bits='7' and Unfolded is 'RRURD)' [Sat Aug 07 12:31:10 CEST 2021]
INFO: {<EEN+>, <EEE->, <N->} ==> 'R@0', with #bits='7' and Unfolded is 'RRURD)' [Sat Aug 07 12:31:10 CEST 2021]
INFO: {<EEN+>, <EEE->, <S->} ==> 'R@0', with #bits='7' and Unfolded is 'RRURD)' [Sat Aug 07 12:31:10 CEST 2021]
INFO: {<EEN+>, <EEE->, <E+>} ==> 'R@0', with #bits='7' and Unfolded is 'RRURD)' [Sat Aug 07 12:31:10 CEST 2021]
INFO: {<EEN+>, <EEE->, <W->} ==> 'R@0', with #bits='7' and Unfolded is 'RRURD)' [Sat Aug 07 12:33:41 CEST 2021]
INFO: {<EEN+>, <EEE->} ==> 'R@0', with #bits='7' and Unfolded is 'RRURD)' [Sat Aug 07 12:33:41 CEST 2021]
INFO: {<EEN+>, <EE+>, <EN->} ==> 'R@0', with #bits='7' and Unfolded is 'RRURD)' [Sat Aug 07 12:40:47 CEST 2021]
INFO: {<EEN+>, <EW->, <EN->} ==> 'R@0', with #bits='7' and Unfolded is 'RRURD)' [Sat Aug 07 13:00:56 CEST 2021]
INFO: {<EEN+>, <E+>, <ENE->} ==> 'R@0', with #bits='7' and Unfolded is 'RRURD)' [Sat Aug 07 13:38:03 CEST 2021]
INFO: {<EEN+>, <E+>, <EN->} ==> 'R@0', with #bits='7' and Unfolded is 'RRURD)' [Sat Aug 07 13:42:55 CEST 2021]
INFO: {<EEN+>, <E+>, <EEE->} ==> 'R@0', with #bits='7' and Unfolded is 'RRURD)' [Sat Aug 07 13:51:53 CEST 2021]
INFO: {<EEN+>, <E+>, <EN->} ==> 'R@0', with #bits='7' and Unfolded is 'RRURD)' [Sat Aug 07 14:32:51 CEST 2021]
INFO: {<EEN+>, <WN->, <EN->} ==> 'R@0', with #bits='7' and Unfolded is 'RRURD)' [Sat Aug 07 14:53:37 CEST 2021]
INFO: {<EEN+>, <WS->, <EN->} ==> 'R@0', with #bits='7' and Unfolded is 'RRURD)' [Sat Aug 07 14:58:28 CEST 2021]
INFO: {<EEN+>, <WE->, <EN->} ==> 'R@0', with #bits='7' and Unfolded is 'RRURD)' [Sat Aug 07 15:03:20 CEST 2021]
INFO: {<EEN+>, <WW->, <EN->} ==> 'R@0', with #bits='7' and Unfolded is 'RRURD)' [Sat Aug 07 15:08:17 CEST 2021]
INFO: {<EEN+>, <W->, <ENE->} ==> 'R@0', with #bits='7' and Unfolded is 'RRURD)' [Sat Aug 07 15:11:42 CEST 2021]
INFO: {<EEN+>, <W->, <EN->} ==> 'R@0', with #bits='7' and Unfolded is 'RRURD)' [Sat Aug 07 15:11:42 CEST 2021]
INFO: {<EEN+>, <W->, <EEE->} ==> 'R@0', with #bits='7' and Unfolded is 'RRURD)' [Sat Aug 07 15:11:42 CEST 2021]
INFO: {<EEN+>, <W->, <EN->} ==> 'R@0', with #bits='7' and Unfolded is 'RRURD)' [Sat Aug 07 15:17:50 CEST 2021]
INFO: {<EEN+>, <N->, <EN->} ==> 'R@0', with #bits='7' and Unfolded is 'RRURD)' [Sat Aug 07 15:23:38 CEST 2021]
INFO: {<EEN+>, <S->, <EN->} ==> 'R@0', with #bits='7' and Unfolded is 'RRURD)' [Sat Aug 07 15:29:01 CEST 2021]
INFO: {<EEN+>, <ENES->} ==> 'R@0', with #bits='7' and Unfolded is 'RRURD)' [Sat Aug 07 15:30:57 CEST 2021]
INFO: {<EEN+>, <ENE->} ==> 'R@0', with #bits='7' and Unfolded is 'RRURD)' [Sat Aug 07 15:30:57 CEST 2021]
INFO: {<EEN+>, <EN->, <N->} ==> 'R@0', with #bits='7' and Unfolded is 'RRURD)' [Sat Aug 07 15:30:57 CEST 2021]
INFO: {<EEN+>, <EN->, <S->} ==> 'R@0', with #bits='7' and Unfolded is 'RRURD)' [Sat Aug 07 15:30:57 CEST 2021]
INFO: {<EEN+>, <EN->, <E+>} ==> 'R@0', with #bits='7' and Unfolded is 'RRURD)' [Sat Aug 07 15:30:57 CEST 2021]
INFO: {<EEN+>, <EN->, <W->} ==> 'R@0', with #bits='7' and Unfolded is 'RRURD)' [Sat Aug 07 15:35:11 CEST 2021]
INFO: {<EEN+>, <EN->} ==> 'R@0', with #bits='7' and Unfolded is 'RRURD)' [Sat Aug 07 15:35:11 CEST 2021]
INFO: {<EEN+>, <EEEN->} ==> 'R@0', with #bits='7' and Unfolded is 'RRURD)' [Sat Aug 07 15:36:34 CEST 2021]
INFO: {<EEN+>, <EEEE->} ==> 'R@0', with #bits='7' and Unfolded is 'RRURD)' [Sat Aug 07 15:36:34 CEST 2021]
INFO: {<EEN+>, <EEE->} ==> 'R@0', with #bits='7' and Unfolded is 'RRURD)' [Sat Aug 07 15:36:34 CEST 2021]
INFO: {<EEN+>, <E+>, <EN->} ==> 'R@0', with #bits='7' and Unfolded is 'RRURD)' [Sat Aug 07 15:50:18 CEST 2021]
INFO: {<EEN+>, <W->, <EN->} ==> 'R@0', with #bits='7' and Unfolded is 'RRURD)' [Sat Aug 07 16:11:21 CEST 2021]
INFO: {<EEN+>, <ENE->} ==> 'R@0', with #bits='7' and Unfolded is 'RRURD)' [Sat Aug 07 16:15:01 CEST 2021]
INFO: {<EEN+>, <EN->} ==> 'R@0', with #bits='7' and Unfolded is 'RRURD)' [Sat Aug 07 16:15:01 CEST 2021]
INFO: {<EEN+>, <EEE->} ==> 'R@0', with #bits='7' and Unfolded is 'RRURD)' [Sat Aug 07 16:15:01 CEST 2021]
INFO: {<EEN+>, <EN->} ==> 'R@0', with #bits='7' and Unfolded is 'RRURD)' [Sat Aug 07 16:20:12 CEST 2021]
INFO: {<EEENE->, <EEN+>} ==> 'R@0', with #bits='7' and Unfolded is 'RRURD)' [Sat Aug 07 18:02:27 CEST 2021]
INFO: {<EEEN->, <EENE+>} ==> 'R@0', with #bits='7' and Unfolded is 'RRURD)' [Sat Aug 07 18:25:29 CEST 2021]
INFO: {<EEEN->, <EEN+>} ==> 'R@0', with #bits='7' and Unfolded is 'RRURD)' [Sat Aug 07 18:25:29 CEST 2021]
INFO: {<EEEN->, <EEN+>} ==> 'R@0', with #bits='7' and Unfolded is 'RRURD)' [Sat Aug 07 19:02:38 CEST 2021]
INFO: {<EEEEN->, <EEN+>} ==> 'R@0', with #bits='7' and Unfolded is 'RRURD)' [Sat Aug 07 19:25:55 CEST 2021]
INFO: {<EEEEE->, <EEN+>} ==> 'R@0', with #bits='7' and Unfolded is 'RRURD)' [Sat Aug 07 19:40:37 CEST 2021]
INFO: {<EEEE->, <EENE+>} ==> 'R@0', with #bits='7' and Unfolded is 'RRURD)' [Sat Aug 07 20:04:41 CEST 2021]
INFO: {<EEEE->, <EEN+>} ==> 'R@0', with #bits='7' and Unfolded is 'RRURD)' [Sat Aug 07 20:04:41 CEST 2021]
INFO: {<EEEE->, <EEN+>} ==> 'R@0', with #bits='7' and Unfolded is 'RRURD)' [Sat Aug 07 20:43:53 CEST 2021]
INFO: {<EEE->, <N->, <EEN+>} ==> 'R@0', with #bits='7' and Unfolded is 'RRURD)' [Sat Aug 07 21:25:52 CEST 2021]
INFO: {<EEE->, <S->, <EEN+>} ==> 'R@0', with #bits='7' and Unfolded is 'RRURD)' [Sat Aug 07 21:55:55 CEST 2021]
INFO: {<EEE->, <EENES+>} ==> 'R@0', with #bits='7' and Unfolded is 'RRURD)' [Sat Aug 07 22:24:38 CEST 2021]
INFO: {<EEE->, <EENE+>} ==> 'R@0', with #bits='7' and Unfolded is 'RRURD)' [Sat Aug 07 22:24:38 CEST 2021]
INFO: {<EEE->, <EEN+>, <N->} ==> 'R@0', with #bits='7' and Unfolded is 'RRURD)' [Sat Aug 07 22:24:38 CEST 2021]
INFO: {<EEE->, <EEN+>, <S->} ==> 'R@0', with #bits='7' and Unfolded is 'RRURD)' [Sat Aug 07 22:24:38 CEST 2021]
INFO: {<EEE->, <EEN+>, <E+>} ==> 'R@0', with #bits='7' and Unfolded is 'RRURD)' [Sat Aug 07 22:24:38 CEST 2021]
INFO: {<EEE->, <EEN+>, <W->} ==> 'R@0', with #bits='7' and Unfolded is 'RRURD)' [Sat Aug 07 22:27:09 CEST 2021]
INFO: {<EEE->, <EEN+>} ==> 'R@0', with #bits='7' and Unfolded is 'RRURD)' [Sat Aug 07 22:27:09 CEST 2021]
INFO: {<EEE->, <E+>, <EEN+>} ==> 'R@0', with #bits='7' and Unfolded is 'RRURD)' [Sat Aug 07 23:49:50 CEST 2021]
INFO: {<EEE->, <W->, <EEN+>} ==> 'R@0', with #bits='7' and Unfolded is 'RRURD)' [Sun Aug 08 01:13:12 CEST 2021]
INFO: {<EEE->, <EENE+>} ==> 'R@0', with #bits='7' and Unfolded is 'RRURD)' [Sun Aug 08 01:37:54 CEST 2021]
INFO: {<EEE->, <EEN+>} ==> 'R@0', with #bits='7' and Unfolded is 'RRURD)' [Sun Aug 08 01:37:54 CEST 2021]
INFO: {<EEE->, <EEN+>} ==> 'R@0', with #bits='7' and Unfolded is 'RRURD)' [Sun Aug 08 02:18:19 CEST 2021]
INFO: {<EE+>, <EN->, <EEN+>} ==> 'R@0', with #bits='7' and Unfolded is 'RRURD)' [Sun Aug 08 10:30:21 CEST 2021]
INFO: {<EE+>, <EEN+>, <EN->} ==> 'R@0', with #bits='7' and Unfolded is 'RRURD)' [Sun Aug 08 11:38:02 CEST 2021]
INFO: {<EW->, <EN->, <EEN+>} ==> 'R@0', with #bits='7' and Unfolded is 'RRURD)' [Mon Aug 09 14:53:32 CEST 2021]
INFO: {<EW->, <EEN+>, <EN->} ==> 'R@0', with #bits='7' and Unfolded is 'RRURD)' [Mon Aug 09 15:05:00 CEST 2021]
INFO: {<E+>, <ENE->, <EEN+>} ==> 'R@0', with #bits='7' and Unfolded is 'RRURD)' [Wed Aug 11 07:28:22 CEST 2021]
INFO: {<E+>, <EN->, <EENE+>} ==> 'R@0', with #bits='7' and Unfolded is 'RRURD)' [Wed Aug 11 19:59:12 CEST 2021]
INFO: {<E+>, <EN->, <EEN+>} ==> 'R@0', with #bits='7' and Unfolded is 'RRURD)' [Wed Aug 11 20:05:49 CEST 2021]
INFO: {<E+>, <EN->, <EEN+>} ==> 'R@0', with #bits='7' and Unfolded is 'RRURD)' [Thu Aug 12 03:52:02 CEST 2021]
INFO: {<E+>, <EENE+>, <EN->} ==> 'R@0', with #bits='7' and Unfolded is 'RRURD)' [Thu Aug 12 10:18:28 CEST 2021]
INFO: {<E+>, <EEN+>, <ENE->} ==> 'R@0', with #bits='7' and Unfolded is 'RRURD)' [Thu Aug 12 11:08:39 CEST 2021]
INFO: {<E+>, <EEN+>, <EN->} ==> 'R@0', with #bits='7' and Unfolded is 'RRURD)' [Thu Aug 12 11:13:31 CEST 2021]
INFO: {<E+>, <EEN+>, <EEE->} ==> 'R@0', with #bits='7' and Unfolded is 'RRURD)' [Thu Aug 12 11:22:29 CEST 2021]
INFO: {<E+>, <EEN+>, <EN->} ==> 'R@0', with #bits='7' and Unfolded is 'RRURD)' [Thu Aug 12 11:54:23 CEST 2021]
INFO: {<E+>, <EEE->, <EEN+>} ==> 'R@0', with #bits='7' and Unfolded is 'RRURD)' [Thu Aug 12 14:35:18 CEST 2021]
