Jun 11, 2021 11:11:33 PM machine.teaching.LogService logInfo
INFO: Concepts to identify: 
Jun 11, 2021 11:11:33 PM machine.teaching.LogService logInfo
INFO: | p_a = RURD |
Jun 11, 2021 11:11:33 PM machine.teaching.LogService logInfo
INFO: | p_b = RRURD |
Jun 11, 2021 11:11:33 PM machine.teaching.LogService logInfo
INFO: | p_b = R@1 |
Jun 11, 2021 11:11:33 PM machine.teaching.LogService logInfo
INFO: | p_c = R)URD) |
Jun 11, 2021 11:11:33 PM machine.teaching.LogService logInfo
INFO: .
Jun 11, 2021 11:11:33 PM machine.teaching.LogService logInfo
INFO: Library provided: 
Jun 11, 2021 11:11:33 PM machine.teaching.LogService logInfo
INFO: | p_a = RURD |
Jun 11, 2021 11:11:33 PM machine.teaching.LogService logInfo
INFO: .
Jun 11, 2021 11:11:33 PM machine.teaching.LogService logInfo
INFO: We instantiate the teacher.
