INFO: Concepts to identify:  [Sun Jun 13 12:53:10 CEST 2021]
INFO: | p_a = RURD) | [Sun Jun 13 12:53:10 CEST 2021]
INFO: | p_b = RRURD) | [Sun Jun 13 12:53:10 CEST 2021]
INFO: | p_c = R)URD) | [Sun Jun 13 12:53:10 CEST 2021]
INFO: . [Sun Jun 13 12:53:10 CEST 2021]
INFO: Library provided:  [Sun Jun 13 12:53:10 CEST 2021]
INFO: . [Sun Jun 13 12:53:10 CEST 2021]
INFO: We instantiate the teacher. [Sun Jun 13 12:53:10 CEST 2021]
INFO: We instantiate the learner. [Sun Jun 13 12:54:06 CEST 2021]
INFO: Concepts identified by the learner: [Sun Jun 13 12:54:07 CEST 2021]
INFO: {<ENESEN+>} ==> 'RURD)', with #bits='15' and Unfolded is 'RURD)' [Sun Jun 13 12:55:08 CEST 2021]
INFO: {<ENESENE+>} ==> 'RURD)', with #bits='15' and Unfolded is 'RURD)' [Sun Jun 13 12:58:00 CEST 2021]
INFO: {<ENESEN+>} ==> 'RURD)', with #bits='15' and Unfolded is 'RURD)' [Sun Jun 13 12:58:00 CEST 2021]
INFO: {<ENESEEE+>} ==> 'R)URD)', with #bits='18' and Unfolded is 'R)URD)' [Sun Jun 13 12:58:00 CEST 2021]
INFO: {<EENESEN+>} ==> 'R)URD)', with #bits='18' and Unfolded is 'R)URD)' [Sun Jun 13 12:58:20 CEST 2021]
INFO: {<EENESEE+>} ==> 'RRURD)', with #bits='18' and Unfolded is 'RRURD)' [Sun Jun 13 12:58:20 CEST 2021]
INFO: {<ENESEN+>} ==> 'RURD)', with #bits='15' and Unfolded is 'RURD)' [Sun Jun 13 13:00:42 CEST 2021]
INFO: {<N->, <ENESEN+>} ==> 'RURD)', with #bits='15' and Unfolded is 'RURD)' [Sun Jun 13 13:06:55 CEST 2021]
INFO: {<S->, <ENESEN+>} ==> 'RURD)', with #bits='15' and Unfolded is 'RURD)' [Sun Jun 13 13:19:29 CEST 2021]
INFO: {<ENESENES+>} ==> 'RURD)', with #bits='15' and Unfolded is 'RURD)' [Sun Jun 13 13:22:13 CEST 2021]
INFO: {<ENESENE+>} ==> 'RURD)', with #bits='15' and Unfolded is 'RURD)' [Sun Jun 13 13:22:13 CEST 2021]
INFO: {<ENESEN+>, <N->} ==> 'RURD)', with #bits='15' and Unfolded is 'RURD)' [Sun Jun 13 13:22:13 CEST 2021]
INFO: {<ENESEN+>, <S->} ==> 'RURD)', with #bits='15' and Unfolded is 'RURD)' [Sun Jun 13 13:22:13 CEST 2021]
INFO: {<ENESEN+>, <E+>} ==> 'RURD)', with #bits='15' and Unfolded is 'RURD)' [Sun Jun 13 13:22:13 CEST 2021]
INFO: {<ENESEN+>, <W->} ==> 'RURD)', with #bits='15' and Unfolded is 'RURD)' [Sun Jun 13 13:22:13 CEST 2021]
INFO: {<ENESEN+>} ==> 'RURD)', with #bits='15' and Unfolded is 'RURD)' [Sun Jun 13 13:22:13 CEST 2021]
INFO: {<ENESEEEN+>} ==> 'R)URD)', with #bits='18' and Unfolded is 'R)URD)' [Sun Jun 13 13:22:14 CEST 2021]
INFO: {<ENESEEEE+>} ==> 'R)URD)', with #bits='18' and Unfolded is 'R)URD)' [Sun Jun 13 13:22:14 CEST 2021]
INFO: {<ENESEEE+>} ==> 'R)URD)', with #bits='18' and Unfolded is 'R)URD)' [Sun Jun 13 13:22:14 CEST 2021]
INFO: {<EENESENE+>} ==> 'R)URD)', with #bits='18' and Unfolded is 'R)URD)' [Sun Jun 13 13:24:24 CEST 2021]
INFO: {<EENESEN+>} ==> 'R)URD)', with #bits='18' and Unfolded is 'R)URD)' [Sun Jun 13 13:24:25 CEST 2021]
INFO: {<EENESEEN+>} ==> 'RRURD)', with #bits='18' and Unfolded is 'RRURD)' [Sun Jun 13 13:24:25 CEST 2021]
INFO: {<EENESEEE+>} ==> 'R)URD)', with #bits='18' and Unfolded is 'R)URD)' [Sun Jun 13 13:24:25 CEST 2021]
INFO: {<EENESEE+>} ==> 'RRURD)', with #bits='18' and Unfolded is 'RRURD)' [Sun Jun 13 13:24:25 CEST 2021]
INFO: {<EEENESEN+>} ==> 'R)URD)', with #bits='18' and Unfolded is 'R)URD)' [Sun Jun 13 13:24:38 CEST 2021]
INFO: {<EEENESEE+>} ==> 'R)URD)', with #bits='18' and Unfolded is 'R)URD)' [Sun Jun 13 13:24:38 CEST 2021]
INFO: {<E+>, <ENESEN+>} ==> 'RURD)', with #bits='15' and Unfolded is 'RURD)' [Sun Jun 13 13:27:19 CEST 2021]
INFO: {<W->, <ENESEN+>} ==> 'RURD)', with #bits='15' and Unfolded is 'RURD)' [Sun Jun 13 13:35:44 CEST 2021]
INFO: {<ENESENE+>} ==> 'RURD)', with #bits='15' and Unfolded is 'RURD)' [Sun Jun 13 13:40:42 CEST 2021]
INFO: {<ENESEN+>} ==> 'RURD)', with #bits='15' and Unfolded is 'RURD)' [Sun Jun 13 13:40:46 CEST 2021]
INFO: {<ENESEEE+>} ==> 'R)URD)', with #bits='18' and Unfolded is 'R)URD)' [Sun Jun 13 13:40:46 CEST 2021]
INFO: {<EENESEN+>} ==> 'R)URD)', with #bits='18' and Unfolded is 'R)URD)' [Sun Jun 13 13:41:12 CEST 2021]
INFO: {<EENESEE+>} ==> 'RRURD)', with #bits='18' and Unfolded is 'RRURD)' [Sun Jun 13 13:41:12 CEST 2021]
INFO: {<ENESEN+>} ==> 'RURD)', with #bits='15' and Unfolded is 'RURD)' [Sun Jun 13 13:44:30 CEST 2021]
INFO: {<NN->, <ENESEN+>} ==> 'RURD)', with #bits='15' and Unfolded is 'RURD)' [Sun Jun 13 13:52:31 CEST 2021]
INFO: {<NS->, <ENESEN+>} ==> 'RURD)', with #bits='15' and Unfolded is 'RURD)' [Sun Jun 13 14:05:53 CEST 2021]
INFO: {<NE->, <ENESEN+>} ==> 'RURD)', with #bits='15' and Unfolded is 'RURD)' [Sun Jun 13 14:12:59 CEST 2021]
INFO: {<NW->, <ENESEN+>} ==> 'RURD)', with #bits='15' and Unfolded is 'RURD)' [Sun Jun 13 14:18:29 CEST 2021]
INFO: {<N->, <ENESENE+>} ==> 'RURD)', with #bits='15' and Unfolded is 'RURD)' [Sun Jun 13 14:28:47 CEST 2021]
INFO: {<N->, <ENESEN+>} ==> 'RURD)', with #bits='15' and Unfolded is 'RURD)' [Sun Jun 13 14:28:47 CEST 2021]
INFO: {<N->, <ENESEEE+>} ==> 'R)URD)', with #bits='18' and Unfolded is 'R)URD)' [Sun Jun 13 14:28:47 CEST 2021]
INFO: {<N->, <EENESEN+>} ==> 'R)URD)', with #bits='18' and Unfolded is 'R)URD)' [Sun Jun 13 14:29:40 CEST 2021]
INFO: {<N->, <EENESEE+>} ==> 'RRURD)', with #bits='18' and Unfolded is 'RRURD)' [Sun Jun 13 14:29:42 CEST 2021]
INFO: {<N->, <ENESEN+>} ==> 'RURD)', with #bits='15' and Unfolded is 'RURD)' [Sun Jun 13 14:36:26 CEST 2021]
INFO: {<SN->, <ENESEN+>} ==> 'RURD)', with #bits='15' and Unfolded is 'RURD)' [Sun Jun 13 14:45:09 CEST 2021]
INFO: {<SS->, <ENESEN+>} ==> 'RURD)', with #bits='15' and Unfolded is 'RURD)' [Sun Jun 13 14:54:31 CEST 2021]
INFO: {<SE->, <ENESEN+>} ==> 'RURD)', with #bits='15' and Unfolded is 'RURD)' [Sun Jun 13 15:03:19 CEST 2021]
INFO: {<SW->, <ENESEN+>} ==> 'RURD)', with #bits='15' and Unfolded is 'RURD)' [Sun Jun 13 15:10:22 CEST 2021]
INFO: {<S->, <ENESENE+>} ==> 'RURD)', with #bits='15' and Unfolded is 'RURD)' [Sun Jun 13 15:22:14 CEST 2021]
INFO: {<S->, <ENESEN+>} ==> 'RURD)', with #bits='15' and Unfolded is 'RURD)' [Sun Jun 13 15:22:14 CEST 2021]
INFO: {<S->, <ENESEEE+>} ==> 'R)URD)', with #bits='18' and Unfolded is 'R)URD)' [Sun Jun 13 15:22:14 CEST 2021]
INFO: {<S->, <EENESEN+>} ==> 'R)URD)', with #bits='18' and Unfolded is 'R)URD)' [Sun Jun 13 15:23:05 CEST 2021]
INFO: {<S->, <EENESEE+>} ==> 'RRURD)', with #bits='18' and Unfolded is 'RRURD)' [Sun Jun 13 15:23:05 CEST 2021]
INFO: {<S->, <ENESEN+>} ==> 'RURD)', with #bits='15' and Unfolded is 'RURD)' [Sun Jun 13 15:31:07 CEST 2021]
INFO: {<ENESENESE+>} ==> 'RURD)', with #bits='15' and Unfolded is 'RURD)' [Sun Jun 13 15:40:30 CEST 2021]
INFO: {<ENESENES+>} ==> 'RURD)', with #bits='15' and Unfolded is 'RURD)' [Sun Jun 13 15:40:31 CEST 2021]
INFO: {<ENESENE+>, <N->} ==> 'RURD)', with #bits='15' and Unfolded is 'RURD)' [Sun Jun 13 15:40:34 CEST 2021]
INFO: {<ENESENE+>, <S->} ==> 'RURD)', with #bits='15' and Unfolded is 'RURD)' [Sun Jun 13 15:40:34 CEST 2021]
INFO: {<ENESENE+>, <E+>} ==> 'RURD)', with #bits='15' and Unfolded is 'RURD)' [Sun Jun 13 15:40:34 CEST 2021]
INFO: {<ENESENE+>, <W->} ==> 'RURD)', with #bits='15' and Unfolded is 'RURD)' [Sun Jun 13 15:40:34 CEST 2021]
INFO: {<ENESENE+>} ==> 'RURD)', with #bits='15' and Unfolded is 'RURD)' [Sun Jun 13 15:40:34 CEST 2021]
INFO: {<ENESEN+>, <NN->} ==> 'RURD)', with #bits='15' and Unfolded is 'RURD)' [Sun Jun 13 15:40:35 CEST 2021]
INFO: {<ENESEN+>, <NS->} ==> 'RURD)', with #bits='15' and Unfolded is 'RURD)' [Sun Jun 13 15:40:35 CEST 2021]
INFO: {<ENESEN+>, <NE->} ==> 'RURD)', with #bits='15' and Unfolded is 'RURD)' [Sun Jun 13 15:40:35 CEST 2021]
INFO: {<ENESEN+>, <NW->} ==> 'RURD)', with #bits='15' and Unfolded is 'RURD)' [Sun Jun 13 15:40:35 CEST 2021]
INFO: {<ENESEN+>, <N->} ==> 'RURD)', with #bits='15' and Unfolded is 'RURD)' [Sun Jun 13 15:40:35 CEST 2021]
INFO: {<ENESEN+>, <SN->} ==> 'RURD)', with #bits='15' and Unfolded is 'RURD)' [Sun Jun 13 15:40:35 CEST 2021]
INFO: {<ENESEN+>, <SS->} ==> 'RURD)', with #bits='15' and Unfolded is 'RURD)' [Sun Jun 13 15:40:35 CEST 2021]
INFO: {<ENESEN+>, <SE->} ==> 'RURD)', with #bits='15' and Unfolded is 'RURD)' [Sun Jun 13 15:40:35 CEST 2021]
INFO: {<ENESEN+>, <SW->} ==> 'RURD)', with #bits='15' and Unfolded is 'RURD)' [Sun Jun 13 15:40:35 CEST 2021]
INFO: {<ENESEN+>, <S->} ==> 'RURD)', with #bits='15' and Unfolded is 'RURD)' [Sun Jun 13 15:40:35 CEST 2021]
INFO: {<ENESEN+>, <EN+>} ==> 'RURD)', with #bits='15' and Unfolded is 'RURD)' [Sun Jun 13 15:40:35 CEST 2021]
INFO: {<ENESEN+>, <ES->} ==> 'RURD)', with #bits='15' and Unfolded is 'RURD)' [Sun Jun 13 15:40:35 CEST 2021]
INFO: {<ENESEN+>, <EE->} ==> 'RURD)', with #bits='15' and Unfolded is 'RURD)' [Sun Jun 13 15:40:35 CEST 2021]
INFO: {<ENESEN+>, <EW->} ==> 'RURD)', with #bits='15' and Unfolded is 'RURD)' [Sun Jun 13 15:40:35 CEST 2021]
INFO: {<ENESEN+>, <E+>} ==> 'RURD)', with #bits='15' and Unfolded is 'RURD)' [Sun Jun 13 15:40:35 CEST 2021]
INFO: {<ENESEN+>, <WN->} ==> 'RURD)', with #bits='15' and Unfolded is 'RURD)' [Sun Jun 13 15:40:35 CEST 2021]
INFO: {<ENESEN+>, <WS->} ==> 'RURD)', with #bits='15' and Unfolded is 'RURD)' [Sun Jun 13 15:40:35 CEST 2021]
INFO: {<ENESEN+>, <WE->} ==> 'RURD)', with #bits='15' and Unfolded is 'RURD)' [Sun Jun 13 15:40:35 CEST 2021]
INFO: {<ENESEN+>, <WW->} ==> 'RURD)', with #bits='15' and Unfolded is 'RURD)' [Sun Jun 13 15:40:35 CEST 2021]
INFO: {<ENESEN+>, <W->} ==> 'RURD)', with #bits='15' and Unfolded is 'RURD)' [Sun Jun 13 15:40:35 CEST 2021]
INFO: {<ENESEN+>, <N->} ==> 'RURD)', with #bits='15' and Unfolded is 'RURD)' [Sun Jun 13 15:40:35 CEST 2021]
INFO: {<ENESEN+>, <S->} ==> 'RURD)', with #bits='15' and Unfolded is 'RURD)' [Sun Jun 13 15:40:35 CEST 2021]
INFO: {<ENESEN+>, <E+>} ==> 'RURD)', with #bits='15' and Unfolded is 'RURD)' [Sun Jun 13 15:40:35 CEST 2021]
INFO: {<ENESEN+>, <W->} ==> 'RURD)', with #bits='15' and Unfolded is 'RURD)' [Sun Jun 13 15:40:35 CEST 2021]
INFO: {<ENESEN+>} ==> 'RURD)', with #bits='15' and Unfolded is 'RURD)' [Sun Jun 13 15:40:35 CEST 2021]
INFO: {<ENESEEENE+>} ==> 'R)URD)', with #bits='18' and Unfolded is 'R)URD)' [Sun Jun 13 15:40:39 CEST 2021]
INFO: {<ENESEEEN+>} ==> 'R)URD)', with #bits='18' and Unfolded is 'R)URD)' [Sun Jun 13 15:40:39 CEST 2021]
INFO: {<ENESEEEEN+>} ==> 'R)URD)', with #bits='18' and Unfolded is 'R)URD)' [Sun Jun 13 15:40:39 CEST 2021]
INFO: {<ENESEEEEE+>} ==> 'R)URD)', with #bits='18' and Unfolded is 'R)URD)' [Sun Jun 13 15:40:39 CEST 2021]
INFO: {<ENESEEEE+>} ==> 'R)URD)', with #bits='18' and Unfolded is 'R)URD)' [Sun Jun 13 15:40:39 CEST 2021]
INFO: {<ENESEEE+>, <N->} ==> 'R)URD)', with #bits='18' and Unfolded is 'R)URD)' [Sun Jun 13 15:40:39 CEST 2021]
INFO: {<ENESEEE+>, <S->} ==> 'R)URD)', with #bits='18' and Unfolded is 'R)URD)' [Sun Jun 13 15:40:39 CEST 2021]
INFO: {<ENESEEE+>, <E+>} ==> 'R)URD)', with #bits='18' and Unfolded is 'R)URD)' [Sun Jun 13 15:40:39 CEST 2021]
INFO: {<ENESEEE+>, <W->} ==> 'R)URD)', with #bits='18' and Unfolded is 'R)URD)' [Sun Jun 13 15:40:39 CEST 2021]
INFO: {<ENESEEE+>} ==> 'R)URD)', with #bits='18' and Unfolded is 'R)URD)' [Sun Jun 13 15:40:39 CEST 2021]
INFO: {<EN+>, <ENESEN+>} ==> 'RURD)', with #bits='15' and Unfolded is 'RURD)' [Sun Jun 13 15:45:57 CEST 2021]
INFO: {<ES->, <ENESEN+>} ==> 'RURD)', with #bits='15' and Unfolded is 'RURD)' [Sun Jun 13 15:54:56 CEST 2021]
INFO: {<EENESENES+>} ==> 'R)URD)', with #bits='18' and Unfolded is 'R)URD)' [Sun Jun 13 15:58:37 CEST 2021]
INFO: {<EENESENE+>} ==> 'R)URD)', with #bits='18' and Unfolded is 'R)URD)' [Sun Jun 13 15:58:37 CEST 2021]
INFO: {<EENESEN+>, <N->} ==> 'R)URD)', with #bits='18' and Unfolded is 'R)URD)' [Sun Jun 13 15:58:37 CEST 2021]
INFO: {<EENESEN+>, <S->} ==> 'R)URD)', with #bits='18' and Unfolded is 'R)URD)' [Sun Jun 13 15:58:37 CEST 2021]
INFO: {<EENESEN+>, <E+>} ==> 'R)URD)', with #bits='18' and Unfolded is 'R)URD)' [Sun Jun 13 15:58:37 CEST 2021]
INFO: {<EENESEN+>, <W->} ==> 'R)URD)', with #bits='18' and Unfolded is 'R)URD)' [Sun Jun 13 15:58:38 CEST 2021]
INFO: {<EENESEN+>} ==> 'R)URD)', with #bits='18' and Unfolded is 'R)URD)' [Sun Jun 13 15:58:38 CEST 2021]
INFO: {<EENESEENE+>} ==> 'RRURD)', with #bits='18' and Unfolded is 'RRURD)' [Sun Jun 13 15:58:39 CEST 2021]
INFO: {<EENESEEN+>} ==> 'RRURD)', with #bits='18' and Unfolded is 'RRURD)' [Sun Jun 13 15:58:39 CEST 2021]
INFO: {<EENESEEEN+>} ==> 'R)URD)', with #bits='18' and Unfolded is 'R)URD)' [Sun Jun 13 15:58:39 CEST 2021]
INFO: {<EENESEEEE+>} ==> 'R)URD)', with #bits='18' and Unfolded is 'R)URD)' [Sun Jun 13 15:58:39 CEST 2021]
INFO: {<EENESEEE+>} ==> 'R)URD)', with #bits='18' and Unfolded is 'R)URD)' [Sun Jun 13 15:58:39 CEST 2021]
INFO: {<EENESEE+>, <N->} ==> 'RRURD)', with #bits='18' and Unfolded is 'RRURD)' [Sun Jun 13 15:58:39 CEST 2021]
INFO: {<EENESEE+>, <S->} ==> 'RRURD)', with #bits='18' and Unfolded is 'RRURD)' [Sun Jun 13 15:58:39 CEST 2021]
INFO: {<EENESEE+>, <E+>} ==> 'RRURD)', with #bits='18' and Unfolded is 'RRURD)' [Sun Jun 13 15:58:39 CEST 2021]
INFO: {<EENESEE+>, <W->} ==> 'RRURD)', with #bits='18' and Unfolded is 'RRURD)' [Sun Jun 13 15:58:39 CEST 2021]
INFO: {<EENESEE+>} ==> 'RRURD)', with #bits='18' and Unfolded is 'RRURD)' [Sun Jun 13 15:58:39 CEST 2021]
INFO: {<EEENESENE+>} ==> 'R)URD)', with #bits='18' and Unfolded is 'R)URD)' [Sun Jun 13 16:00:23 CEST 2021]
INFO: {<EEENESEN+>} ==> 'R)URD)', with #bits='18' and Unfolded is 'R)URD)' [Sun Jun 13 16:00:23 CEST 2021]
INFO: {<EEENESEEN+>} ==> 'R)URD)', with #bits='18' and Unfolded is 'R)URD)' [Sun Jun 13 16:00:23 CEST 2021]
INFO: {<EEENESEEE+>} ==> 'R)URD)', with #bits='18' and Unfolded is 'R)URD)' [Sun Jun 13 16:00:23 CEST 2021]
INFO: {<EEENESEE+>} ==> 'R)URD)', with #bits='18' and Unfolded is 'R)URD)' [Sun Jun 13 16:00:23 CEST 2021]
INFO: {<EEEENESEN+>} ==> 'R)URD)', with #bits='18' and Unfolded is 'R)URD)' [Sun Jun 13 16:00:41 CEST 2021]
INFO: {<EEEENESEE+>} ==> 'R)URD)', with #bits='18' and Unfolded is 'R)URD)' [Sun Jun 13 16:00:41 CEST 2021]
INFO: {<EE->, <ENESEN+>} ==> 'RURD)', with #bits='15' and Unfolded is 'RURD)' [Sun Jun 13 16:03:30 CEST 2021]
INFO: {<EW->, <ENESEN+>} ==> 'RURD)', with #bits='15' and Unfolded is 'RURD)' [Sun Jun 13 16:11:43 CEST 2021]
INFO: {<E+>, <ENESENE+>} ==> 'RURD)', with #bits='15' and Unfolded is 'RURD)' [Sun Jun 13 16:19:57 CEST 2021]
INFO: {<E+>, <ENESEN+>} ==> 'RURD)', with #bits='15' and Unfolded is 'RURD)' [Sun Jun 13 16:19:58 CEST 2021]
INFO: {<E+>, <ENESEEE+>} ==> 'R)URD)', with #bits='18' and Unfolded is 'R)URD)' [Sun Jun 13 16:19:58 CEST 2021]
INFO: {<E+>, <EENESEN+>} ==> 'R)URD)', with #bits='18' and Unfolded is 'R)URD)' [Sun Jun 13 16:22:41 CEST 2021]
INFO: {<E+>, <EENESEE+>} ==> 'RRURD)', with #bits='18' and Unfolded is 'RRURD)' [Sun Jun 13 16:22:41 CEST 2021]
INFO: {<E+>, <ENESEN+>} ==> 'RURD)', with #bits='15' and Unfolded is 'RURD)' [Sun Jun 13 16:30:22 CEST 2021]
INFO: {<WN->, <ENESEN+>} ==> 'RURD)', with #bits='15' and Unfolded is 'RURD)' [Sun Jun 13 16:40:22 CEST 2021]
INFO: {<WS->, <ENESEN+>} ==> 'RURD)', with #bits='15' and Unfolded is 'RURD)' [Sun Jun 13 16:53:13 CEST 2021]
INFO: {<WE->, <ENESEN+>} ==> 'RURD)', with #bits='15' and Unfolded is 'RURD)' [Sun Jun 13 17:03:34 CEST 2021]
INFO: {<WW->, <ENESEN+>} ==> 'RURD)', with #bits='15' and Unfolded is 'RURD)' [Sun Jun 13 17:13:29 CEST 2021]
INFO: {<W->, <ENESENE+>} ==> 'RURD)', with #bits='15' and Unfolded is 'RURD)' [Sun Jun 13 17:23:34 CEST 2021]
INFO: {<W->, <ENESEN+>} ==> 'RURD)', with #bits='15' and Unfolded is 'RURD)' [Sun Jun 13 17:23:37 CEST 2021]
INFO: {<W->, <ENESEEE+>} ==> 'R)URD)', with #bits='18' and Unfolded is 'R)URD)' [Sun Jun 13 17:23:37 CEST 2021]
INFO: {<W->, <EENESEN+>} ==> 'R)URD)', with #bits='18' and Unfolded is 'R)URD)' [Sun Jun 13 17:24:20 CEST 2021]
INFO: {<W->, <EENESEE+>} ==> 'RRURD)', with #bits='18' and Unfolded is 'RRURD)' [Sun Jun 13 17:24:20 CEST 2021]
INFO: {<W->, <ENESEN+>} ==> 'RURD)', with #bits='15' and Unfolded is 'RURD)' [Sun Jun 13 17:34:44 CEST 2021]
INFO: {<N->, <ENESEN+>} ==> 'RURD)', with #bits='15' and Unfolded is 'RURD)' [Sun Jun 13 17:45:15 CEST 2021]
INFO: {<S->, <ENESEN+>} ==> 'RURD)', with #bits='15' and Unfolded is 'RURD)' [Sun Jun 13 17:55:06 CEST 2021]
INFO: {<ENESENES+>} ==> 'RURD)', with #bits='15' and Unfolded is 'RURD)' [Sun Jun 13 17:57:09 CEST 2021]
INFO: {<ENESENE+>} ==> 'RURD)', with #bits='15' and Unfolded is 'RURD)' [Sun Jun 13 17:57:09 CEST 2021]
INFO: {<ENESEN+>, <N->} ==> 'RURD)', with #bits='15' and Unfolded is 'RURD)' [Sun Jun 13 17:57:09 CEST 2021]
INFO: {<ENESEN+>, <S->} ==> 'RURD)', with #bits='15' and Unfolded is 'RURD)' [Sun Jun 13 17:57:09 CEST 2021]
INFO: {<ENESEN+>, <E+>} ==> 'RURD)', with #bits='15' and Unfolded is 'RURD)' [Sun Jun 13 17:57:09 CEST 2021]
INFO: {<ENESEN+>, <W->} ==> 'RURD)', with #bits='15' and Unfolded is 'RURD)' [Sun Jun 13 17:57:09 CEST 2021]
INFO: {<ENESEN+>} ==> 'RURD)', with #bits='15' and Unfolded is 'RURD)' [Sun Jun 13 17:57:09 CEST 2021]
INFO: {<ENESEEEN+>} ==> 'R)URD)', with #bits='18' and Unfolded is 'R)URD)' [Sun Jun 13 17:57:09 CEST 2021]
INFO: {<ENESEEEE+>} ==> 'R)URD)', with #bits='18' and Unfolded is 'R)URD)' [Sun Jun 13 17:57:10 CEST 2021]
INFO: {<ENESEEE+>} ==> 'R)URD)', with #bits='18' and Unfolded is 'R)URD)' [Sun Jun 13 17:57:10 CEST 2021]
INFO: {<EENESENE+>} ==> 'R)URD)', with #bits='18' and Unfolded is 'R)URD)' [Sun Jun 13 18:00:24 CEST 2021]
INFO: {<EENESEN+>} ==> 'R)URD)', with #bits='18' and Unfolded is 'R)URD)' [Sun Jun 13 18:00:24 CEST 2021]
INFO: {<EENESEEN+>} ==> 'RRURD)', with #bits='18' and Unfolded is 'RRURD)' [Sun Jun 13 18:00:24 CEST 2021]
INFO: {<EENESEEE+>} ==> 'R)URD)', with #bits='18' and Unfolded is 'R)URD)' [Sun Jun 13 18:00:24 CEST 2021]
INFO: {<EENESEE+>} ==> 'RRURD)', with #bits='18' and Unfolded is 'RRURD)' [Sun Jun 13 18:00:24 CEST 2021]
INFO: {<EEENESEN+>} ==> 'R)URD)', with #bits='18' and Unfolded is 'R)URD)' [Sun Jun 13 18:00:41 CEST 2021]
INFO: {<EEENESEE+>} ==> 'R)URD)', with #bits='18' and Unfolded is 'R)URD)' [Sun Jun 13 18:00:42 CEST 2021]
INFO: {<E+>, <ENESEN+>} ==> 'RURD)', with #bits='15' and Unfolded is 'RURD)' [Sun Jun 13 18:04:26 CEST 2021]
INFO: {<W->, <ENESEN+>} ==> 'RURD)', with #bits='15' and Unfolded is 'RURD)' [Sun Jun 13 18:17:04 CEST 2021]
INFO: {<ENESENE+>} ==> 'RURD)', with #bits='15' and Unfolded is 'RURD)' [Sun Jun 13 18:25:31 CEST 2021]
INFO: {<ENESEN+>} ==> 'RURD)', with #bits='15' and Unfolded is 'RURD)' [Sun Jun 13 18:25:31 CEST 2021]
INFO: {<ENESEEE+>} ==> 'R)URD)', with #bits='18' and Unfolded is 'R)URD)' [Sun Jun 13 18:25:31 CEST 2021]
INFO: {<EENESEN+>} ==> 'R)URD)', with #bits='18' and Unfolded is 'R)URD)' [Sun Jun 13 18:26:08 CEST 2021]
INFO: {<EENESEE+>} ==> 'RRURD)', with #bits='18' and Unfolded is 'RRURD)' [Sun Jun 13 18:26:08 CEST 2021]
INFO: {<ENESEN+>} ==> 'RURD)', with #bits='15' and Unfolded is 'RURD)' [Sun Jun 13 18:31:13 CEST 2021]
INFO: .END [Sun Jun 13 18:32:33 CEST 2021]
