INFO: Concepts to identify:  [Tue Jul 13 20:57:12 CEST 2021]
INFO: | p_b = RRURD) | [Tue Jul 13 20:57:12 CEST 2021]
INFO: . [Tue Jul 13 20:57:12 CEST 2021]
INFO: Library provided:  [Tue Jul 13 20:57:12 CEST 2021]
INFO: | p_c = R)URD) | [Tue Jul 13 20:57:12 CEST 2021]
INFO: | p_a = RURD) | [Tue Jul 13 20:57:12 CEST 2021]
INFO: . [Tue Jul 13 20:57:12 CEST 2021]
INFO: We instantiate the teacher. [Tue Jul 13 20:57:12 CEST 2021]
INFO: We instantiate the learner. [Tue Jul 13 20:57:25 CEST 2021]
INFO: | @0 = R)URD) | [Tue Jul 13 20:57:25 CEST 2021]
INFO: | @1 = RURD) | [Tue Jul 13 20:57:25 CEST 2021]
INFO: Concepts identified by the learner: [Tue Jul 13 20:57:25 CEST 2021]
INFO: {<EEN+>, <EEE->} ==> 'R@1', with #bits='7' and Unfolded is 'RRURD)' [Wed Jul 14 08:40:08 CEST 2021]
INFO: {<EEE->, <EEN+>} ==> 'R@1', with #bits='7' and Unfolded is 'RRURD)' [Wed Jul 14 09:07:04 CEST 2021]
INFO: {<EENE+>, <EEE->} ==> 'R@1', with #bits='7' and Unfolded is 'RRURD)' [Fri Jul 16 22:10:42 CEST 2021]
INFO: {<EEN+>, <EEEE->} ==> 'R@1', with #bits='7' and Unfolded is 'RRURD)' [Fri Jul 16 22:49:39 CEST 2021]
INFO: {<EEN+>, <EEE->} ==> 'R@1', with #bits='7' and Unfolded is 'RRURD)' [Fri Jul 16 22:49:39 CEST 2021]
INFO: {<EEN+>, <EEE->} ==> 'R@1', with #bits='7' and Unfolded is 'RRURD)' [Fri Jul 16 23:55:04 CEST 2021]
INFO: {<EEEE->, <EEN+>} ==> 'R@1', with #bits='7' and Unfolded is 'RRURD)' [Sat Jul 17 00:53:56 CEST 2021]
INFO: {<EEE->, <EENE+>} ==> 'R@1', with #bits='7' and Unfolded is 'RRURD)' [Sat Jul 17 01:33:36 CEST 2021]
INFO: {<EEE->, <EEN+>} ==> 'R@1', with #bits='7' and Unfolded is 'RRURD)' [Sat Jul 17 01:33:36 CEST 2021]
INFO: {<EEE->, <EEN+>} ==> 'R@1', with #bits='7' and Unfolded is 'RRURD)' [Sat Jul 17 02:41:30 CEST 2021]
